!SESSION 2020-11-11 13:57:30.374 -----------------------------------------------
eclipse.buildId=4.5.2.M20160212-1500
java.version=1.8.0_222
java.vendor=Private Build
BootLoader constants: OS=linux, ARCH=x86_64, WS=gtk, NL=en_US
Framework arguments:  -product org.eclipse.epp.package.jee.product
Command-line arguments:  -os linux -ws gtk -arch x86_64 -product org.eclipse.epp.package.jee.product

!ENTRY org.eclipse.epp.logging.aeri.ide 2 16 2020-11-11 13:58:07.740
!MESSAGE Server ‘org.eclipse.epp.logging.aeri.ide.server’ failed with exception: java.lang.IllegalStateException: Expected BEGIN_OBJECT but was STRING at line 1 column 1. ; version: 1.100.0.v20160217-0435
!STACK 0
com.google.gson.JsonSyntaxException: java.lang.IllegalStateException: Expected BEGIN_OBJECT but was STRING at line 1 column 1
	at com.google.gson.internal.bind.ReflectiveTypeAdapterFactory$Adapter.read(ReflectiveTypeAdapterFactory.java:176)
	at com.google.gson.Gson.fromJson(Gson.java:803)
	at com.google.gson.Gson.fromJson(Gson.java:768)
	at com.google.gson.Gson.fromJson(Gson.java:717)
	at org.eclipse.epp.internal.logging.aeri.ide.server.json.Json.deserialize(Json.java:88)
	at org.eclipse.epp.internal.logging.aeri.ide.server.mars.IO.refreshConfiguration(IO.java:70)
	at org.eclipse.epp.internal.logging.aeri.ide.server.mars.ServerConnection.startUp(ServerConnection.java:101)
	at com.google.common.util.concurrent.AbstractIdleService$2$1.run(AbstractIdleService.java:54)
	at com.google.common.util.concurrent.Callables$3.run(Callables.java:93)
	at java.lang.Thread.run(Thread.java:748)
Caused by: java.lang.IllegalStateException: Expected BEGIN_OBJECT but was STRING at line 1 column 1
	at com.google.gson.stream.JsonReader.beginObject(JsonReader.java:374)
	at com.google.gson.internal.bind.ReflectiveTypeAdapterFactory$Adapter.read(ReflectiveTypeAdapterFactory.java:165)
	... 9 more

!ENTRY org.testng.eclipse 1 0 2020-11-11 14:18:57.462
!MESSAGE [TestNGLaunchConfigurationDelegate] Launching:
  Classpath: /home/tester/.eclipse/org.eclipse.platform_4.5.2_1473617060_linux_gtk_x86_64/configuration/org.eclipse.osgi/925/0/.cp/lib/testng-remote.jar /home/tester/Desktop/123432/Automation-ManualTesting/AutomationSeleniumProject/AutomationTestNG/target/test-classes /home/tester/Desktop/123432/Automation-ManualTesting/AutomationSeleniumProject/AutomationTestNG/target/classes /home/tester/.m2/repository/org/testng/testng/6.5.1/testng-6.5.1.jar /home/tester/.m2/repository/junit/junit/4.10/junit-4.10.jar /home/tester/.m2/repository/org/beanshell/bsh/2.0b4/bsh-2.0b4.jar /home/tester/.m2/repository/com/beust/jcommander/1.12/jcommander-1.12.jar /home/tester/.m2/repository/org/yaml/snakeyaml/1.6/snakeyaml-1.6.jar /home/tester/.m2/repository/org/seleniumhq/selenium/selenium-java/3.141.59/selenium-java-3.141.59.jar /home/tester/.m2/repository/org/seleniumhq/selenium/selenium-api/3.141.59/selenium-api-3.141.59.jar /home/tester/.m2/repository/org/seleniumhq/selenium/selenium-chrome-driver/3.141.59/selenium-chrome-driver-3.141.59.jar /home/tester/.m2/repository/org/seleniumhq/selenium/selenium-edge-driver/3.141.59/selenium-edge-driver-3.141.59.jar /home/tester/.m2/repository/org/seleniumhq/selenium/selenium-firefox-driver/3.141.59/selenium-firefox-driver-3.141.59.jar /home/tester/.m2/repository/org/seleniumhq/selenium/selenium-ie-driver/3.141.59/selenium-ie-driver-3.141.59.jar /home/tester/.m2/repository/org/seleniumhq/selenium/selenium-opera-driver/3.141.59/selenium-opera-driver-3.141.59.jar /home/tester/.m2/repository/org/seleniumhq/selenium/selenium-remote-driver/3.141.59/selenium-remote-driver-3.141.59.jar /home/tester/.m2/repository/org/seleniumhq/selenium/selenium-safari-driver/3.141.59/selenium-safari-driver-3.141.59.jar /home/tester/.m2/repository/org/seleniumhq/selenium/selenium-support/3.141.59/selenium-support-3.141.59.jar /home/tester/.m2/repository/net/bytebuddy/byte-buddy/1.8.15/byte-buddy-1.8.15.jar /home/tester/.m2/repository/org/apache/commons/commons-exec/1.3/commons-exec-1.3.jar /home/tester/.m2/repository/com/google/guava/guava/25.0-jre/guava-25.0-jre.jar /home/tester/.m2/repository/com/google/code/findbugs/jsr305/1.3.9/jsr305-1.3.9.jar /home/tester/.m2/repository/org/checkerframework/checker-compat-qual/2.0.0/checker-compat-qual-2.0.0.jar /home/tester/.m2/repository/com/google/errorprone/error_prone_annotations/2.1.3/error_prone_annotations-2.1.3.jar /home/tester/.m2/repository/com/google/j2objc/j2objc-annotations/1.1/j2objc-annotations-1.1.jar /home/tester/.m2/repository/org/codehaus/mojo/animal-sniffer-annotations/1.14/animal-sniffer-annotations-1.14.jar /home/tester/.m2/repository/com/squareup/okhttp3/okhttp/3.11.0/okhttp-3.11.0.jar /home/tester/.m2/repository/com/squareup/okio/okio/1.14.0/okio-1.14.0.jar /home/tester/.m2/repository/ru/yandex/qatools/ashot/ashot/1.5.4/ashot-1.5.4.jar /home/tester/.m2/repository/commons-io/commons-io/2.5/commons-io-2.5.jar /home/tester/.m2/repository/com/google/code/gson/gson/2.6.2/gson-2.6.2.jar /home/tester/.m2/repository/org/hamcrest/hamcrest-core/1.3/hamcrest-core-1.3.jar
  VMArgs:    -ea
  Class:     org.testng.remote.RemoteTestNG
  Args:      -serport 41724 -protocol json -d /home/tester/Desktop/123432/Automation-ManualTesting/AutomationSeleniumProject/AutomationTestNG/test-output /tmp/testng-eclipse-1456709547/testng-customsuite.xml
java -ea -classpath /home/tester/.eclipse/org.eclipse.platform_4.5.2_1473617060_linux_gtk_x86_64/configuration/org.eclipse.osgi/925/0/.cp/lib/testng-remote.jar:/home/tester/Desktop/123432/Automation-ManualTesting/AutomationSeleniumProject/AutomationTestNG/target/test-classes:/home/tester/Desktop/123432/Automation-ManualTesting/AutomationSeleniumProject/AutomationTestNG/target/classes:/home/tester/.m2/repository/org/testng/testng/6.5.1/testng-6.5.1.jar:/home/tester/.m2/repository/junit/junit/4.10/junit-4.10.jar:/home/tester/.m2/repository/org/beanshell/bsh/2.0b4/bsh-2.0b4.jar:/home/tester/.m2/repository/com/beust/jcommander/1.12/jcommander-1.12.jar:/home/tester/.m2/repository/org/yaml/snakeyaml/1.6/snakeyaml-1.6.jar:/home/tester/.m2/repository/org/seleniumhq/selenium/selenium-java/3.141.59/selenium-java-3.141.59.jar:/home/tester/.m2/repository/org/seleniumhq/selenium/selenium-api/3.141.59/selenium-api-3.141.59.jar:/home/tester/.m2/repository/org/seleniumhq/selenium/selenium-chrome-driver/3.141.59/selenium-chrome-driver-3.141.59.jar:/home/tester/.m2/repository/org/seleniumhq/selenium/selenium-edge-driver/3.141.59/selenium-edge-driver-3.141.59.jar:/home/tester/.m2/repository/org/seleniumhq/selenium/selenium-firefox-driver/3.141.59/selenium-firefox-driver-3.141.59.jar:/home/tester/.m2/repository/org/seleniumhq/selenium/selenium-ie-driver/3.141.59/selenium-ie-driver-3.141.59.jar:/home/tester/.m2/repository/org/seleniumhq/selenium/selenium-opera-driver/3.141.59/selenium-opera-driver-3.141.59.jar:/home/tester/.m2/repository/org/seleniumhq/selenium/selenium-remote-driver/3.141.59/selenium-remote-driver-3.141.59.jar:/home/tester/.m2/repository/org/seleniumhq/selenium/selenium-safari-driver/3.141.59/selenium-safari-driver-3.141.59.jar:/home/tester/.m2/repository/org/seleniumhq/selenium/selenium-support/3.141.59/selenium-support-3.141.59.jar:/home/tester/.m2/repository/net/bytebuddy/byte-buddy/1.8.15/byte-buddy-1.8.15.jar:/home/tester/.m2/repository/org/apache/commons/commons-exec/1.3/commons-exec-1.3.jar:/home/tester/.m2/repository/com/google/guava/guava/25.0-jre/guava-25.0-jre.jar:/home/tester/.m2/repository/com/google/code/findbugs/jsr305/1.3.9/jsr305-1.3.9.jar:/home/tester/.m2/repository/org/checkerframework/checker-compat-qual/2.0.0/checker-compat-qual-2.0.0.jar:/home/tester/.m2/repository/com/google/errorprone/error_prone_annotations/2.1.3/error_prone_annotations-2.1.3.jar:/home/tester/.m2/repository/com/google/j2objc/j2objc-annotations/1.1/j2objc-annotations-1.1.jar:/home/tester/.m2/repository/org/codehaus/mojo/animal-sniffer-annotations/1.14/animal-sniffer-annotations-1.14.jar:/home/tester/.m2/repository/com/squareup/okhttp3/okhttp/3.11.0/okhttp-3.11.0.jar:/home/tester/.m2/repository/com/squareup/okio/okio/1.14.0/okio-1.14.0.jar:/home/tester/.m2/repository/ru/yandex/qatools/ashot/ashot/1.5.4/ashot-1.5.4.jar:/home/tester/.m2/repository/commons-io/commons-io/2.5/commons-io-2.5.jar:/home/tester/.m2/repository/com/google/code/gson/gson/2.6.2/gson-2.6.2.jar:/home/tester/.m2/repository/org/hamcrest/hamcrest-core/1.3/hamcrest-core-1.3.jar org.testng.remote.RemoteTestNG -serport 41724 -protocol json -d /home/tester/Desktop/123432/Automation-ManualTesting/AutomationSeleniumProject/AutomationTestNG/test-output /tmp/testng-eclipse-1456709547/testng-customsuite.xml

!ENTRY org.testng.eclipse 1 0 2020-11-11 14:30:23.024
!MESSAGE [TestNGLaunchConfigurationDelegate] Launching:
  Classpath: /home/tester/.eclipse/org.eclipse.platform_4.5.2_1473617060_linux_gtk_x86_64/configuration/org.eclipse.osgi/925/0/.cp/lib/testng-remote.jar /home/tester/Desktop/123432/Automation-ManualTesting/AutomationSeleniumProject/AutomationTestNG/target/test-classes /home/tester/Desktop/123432/Automation-ManualTesting/AutomationSeleniumProject/AutomationTestNG/target/classes /home/tester/.m2/repository/org/testng/testng/6.5.1/testng-6.5.1.jar /home/tester/.m2/repository/junit/junit/4.10/junit-4.10.jar /home/tester/.m2/repository/org/beanshell/bsh/2.0b4/bsh-2.0b4.jar /home/tester/.m2/repository/com/beust/jcommander/1.12/jcommander-1.12.jar /home/tester/.m2/repository/org/yaml/snakeyaml/1.6/snakeyaml-1.6.jar /home/tester/.m2/repository/org/seleniumhq/selenium/selenium-java/3.141.59/selenium-java-3.141.59.jar /home/tester/.m2/repository/org/seleniumhq/selenium/selenium-api/3.141.59/selenium-api-3.141.59.jar /home/tester/.m2/repository/org/seleniumhq/selenium/selenium-chrome-driver/3.141.59/selenium-chrome-driver-3.141.59.jar /home/tester/.m2/repository/org/seleniumhq/selenium/selenium-edge-driver/3.141.59/selenium-edge-driver-3.141.59.jar /home/tester/.m2/repository/org/seleniumhq/selenium/selenium-firefox-driver/3.141.59/selenium-firefox-driver-3.141.59.jar /home/tester/.m2/repository/org/seleniumhq/selenium/selenium-ie-driver/3.141.59/selenium-ie-driver-3.141.59.jar /home/tester/.m2/repository/org/seleniumhq/selenium/selenium-opera-driver/3.141.59/selenium-opera-driver-3.141.59.jar /home/tester/.m2/repository/org/seleniumhq/selenium/selenium-remote-driver/3.141.59/selenium-remote-driver-3.141.59.jar /home/tester/.m2/repository/org/seleniumhq/selenium/selenium-safari-driver/3.141.59/selenium-safari-driver-3.141.59.jar /home/tester/.m2/repository/org/seleniumhq/selenium/selenium-support/3.141.59/selenium-support-3.141.59.jar /home/tester/.m2/repository/net/bytebuddy/byte-buddy/1.8.15/byte-buddy-1.8.15.jar /home/tester/.m2/repository/org/apache/commons/commons-exec/1.3/commons-exec-1.3.jar /home/tester/.m2/repository/com/google/guava/guava/25.0-jre/guava-25.0-jre.jar /home/tester/.m2/repository/com/google/code/findbugs/jsr305/1.3.9/jsr305-1.3.9.jar /home/tester/.m2/repository/org/checkerframework/checker-compat-qual/2.0.0/checker-compat-qual-2.0.0.jar /home/tester/.m2/repository/com/google/errorprone/error_prone_annotations/2.1.3/error_prone_annotations-2.1.3.jar /home/tester/.m2/repository/com/google/j2objc/j2objc-annotations/1.1/j2objc-annotations-1.1.jar /home/tester/.m2/repository/org/codehaus/mojo/animal-sniffer-annotations/1.14/animal-sniffer-annotations-1.14.jar /home/tester/.m2/repository/com/squareup/okhttp3/okhttp/3.11.0/okhttp-3.11.0.jar /home/tester/.m2/repository/com/squareup/okio/okio/1.14.0/okio-1.14.0.jar /home/tester/.m2/repository/ru/yandex/qatools/ashot/ashot/1.5.4/ashot-1.5.4.jar /home/tester/.m2/repository/commons-io/commons-io/2.5/commons-io-2.5.jar /home/tester/.m2/repository/com/google/code/gson/gson/2.6.2/gson-2.6.2.jar /home/tester/.m2/repository/org/hamcrest/hamcrest-core/1.3/hamcrest-core-1.3.jar
  VMArgs:    -ea
  Class:     org.testng.remote.RemoteTestNG
  Args:      -serport 37412 -protocol json -d /home/tester/Desktop/123432/Automation-ManualTesting/AutomationSeleniumProject/AutomationTestNG/test-output /tmp/testng-eclipse--220643537/testng-customsuite.xml
java -ea -classpath /home/tester/.eclipse/org.eclipse.platform_4.5.2_1473617060_linux_gtk_x86_64/configuration/org.eclipse.osgi/925/0/.cp/lib/testng-remote.jar:/home/tester/Desktop/123432/Automation-ManualTesting/AutomationSeleniumProject/AutomationTestNG/target/test-classes:/home/tester/Desktop/123432/Automation-ManualTesting/AutomationSeleniumProject/AutomationTestNG/target/classes:/home/tester/.m2/repository/org/testng/testng/6.5.1/testng-6.5.1.jar:/home/tester/.m2/repository/junit/junit/4.10/junit-4.10.jar:/home/tester/.m2/repository/org/beanshell/bsh/2.0b4/bsh-2.0b4.jar:/home/tester/.m2/repository/com/beust/jcommander/1.12/jcommander-1.12.jar:/home/tester/.m2/repository/org/yaml/snakeyaml/1.6/snakeyaml-1.6.jar:/home/tester/.m2/repository/org/seleniumhq/selenium/selenium-java/3.141.59/selenium-java-3.141.59.jar:/home/tester/.m2/repository/org/seleniumhq/selenium/selenium-api/3.141.59/selenium-api-3.141.59.jar:/home/tester/.m2/repository/org/seleniumhq/selenium/selenium-chrome-driver/3.141.59/selenium-chrome-driver-3.141.59.jar:/home/tester/.m2/repository/org/seleniumhq/selenium/selenium-edge-driver/3.141.59/selenium-edge-driver-3.141.59.jar:/home/tester/.m2/repository/org/seleniumhq/selenium/selenium-firefox-driver/3.141.59/selenium-firefox-driver-3.141.59.jar:/home/tester/.m2/repository/org/seleniumhq/selenium/selenium-ie-driver/3.141.59/selenium-ie-driver-3.141.59.jar:/home/tester/.m2/repository/org/seleniumhq/selenium/selenium-opera-driver/3.141.59/selenium-opera-driver-3.141.59.jar:/home/tester/.m2/repository/org/seleniumhq/selenium/selenium-remote-driver/3.141.59/selenium-remote-driver-3.141.59.jar:/home/tester/.m2/repository/org/seleniumhq/selenium/selenium-safari-driver/3.141.59/selenium-safari-driver-3.141.59.jar:/home/tester/.m2/repository/org/seleniumhq/selenium/selenium-support/3.141.59/selenium-support-3.141.59.jar:/home/tester/.m2/repository/net/bytebuddy/byte-buddy/1.8.15/byte-buddy-1.8.15.jar:/home/tester/.m2/repository/org/apache/commons/commons-exec/1.3/commons-exec-1.3.jar:/home/tester/.m2/repository/com/google/guava/guava/25.0-jre/guava-25.0-jre.jar:/home/tester/.m2/repository/com/google/code/findbugs/jsr305/1.3.9/jsr305-1.3.9.jar:/home/tester/.m2/repository/org/checkerframework/checker-compat-qual/2.0.0/checker-compat-qual-2.0.0.jar:/home/tester/.m2/repository/com/google/errorprone/error_prone_annotations/2.1.3/error_prone_annotations-2.1.3.jar:/home/tester/.m2/repository/com/google/j2objc/j2objc-annotations/1.1/j2objc-annotations-1.1.jar:/home/tester/.m2/repository/org/codehaus/mojo/animal-sniffer-annotations/1.14/animal-sniffer-annotations-1.14.jar:/home/tester/.m2/repository/com/squareup/okhttp3/okhttp/3.11.0/okhttp-3.11.0.jar:/home/tester/.m2/repository/com/squareup/okio/okio/1.14.0/okio-1.14.0.jar:/home/tester/.m2/repository/ru/yandex/qatools/ashot/ashot/1.5.4/ashot-1.5.4.jar:/home/tester/.m2/repository/commons-io/commons-io/2.5/commons-io-2.5.jar:/home/tester/.m2/repository/com/google/code/gson/gson/2.6.2/gson-2.6.2.jar:/home/tester/.m2/repository/org/hamcrest/hamcrest-core/1.3/hamcrest-core-1.3.jar org.testng.remote.RemoteTestNG -serport 37412 -protocol json -d /home/tester/Desktop/123432/Automation-ManualTesting/AutomationSeleniumProject/AutomationTestNG/test-output /tmp/testng-eclipse--220643537/testng-customsuite.xml

!ENTRY org.testng.eclipse 1 0 2020-11-11 14:39:25.133
!MESSAGE [TestNGLaunchConfigurationDelegate] Launching:
  Classpath: /home/tester/.eclipse/org.eclipse.platform_4.5.2_1473617060_linux_gtk_x86_64/configuration/org.eclipse.osgi/925/0/.cp/lib/testng-remote.jar /home/tester/Desktop/123432/Automation-ManualTesting/AutomationSeleniumProject/AutomationTestNG/target/test-classes /home/tester/Desktop/123432/Automation-ManualTesting/AutomationSeleniumProject/AutomationTestNG/target/classes /home/tester/.m2/repository/org/testng/testng/6.5.1/testng-6.5.1.jar /home/tester/.m2/repository/junit/junit/4.10/junit-4.10.jar /home/tester/.m2/repository/org/beanshell/bsh/2.0b4/bsh-2.0b4.jar /home/tester/.m2/repository/com/beust/jcommander/1.12/jcommander-1.12.jar /home/tester/.m2/repository/org/yaml/snakeyaml/1.6/snakeyaml-1.6.jar /home/tester/.m2/repository/org/seleniumhq/selenium/selenium-java/3.141.59/selenium-java-3.141.59.jar /home/tester/.m2/repository/org/seleniumhq/selenium/selenium-api/3.141.59/selenium-api-3.141.59.jar /home/tester/.m2/repository/org/seleniumhq/selenium/selenium-chrome-driver/3.141.59/selenium-chrome-driver-3.141.59.jar /home/tester/.m2/repository/org/seleniumhq/selenium/selenium-edge-driver/3.141.59/selenium-edge-driver-3.141.59.jar /home/tester/.m2/repository/org/seleniumhq/selenium/selenium-firefox-driver/3.141.59/selenium-firefox-driver-3.141.59.jar /home/tester/.m2/repository/org/seleniumhq/selenium/selenium-ie-driver/3.141.59/selenium-ie-driver-3.141.59.jar /home/tester/.m2/repository/org/seleniumhq/selenium/selenium-opera-driver/3.141.59/selenium-opera-driver-3.141.59.jar /home/tester/.m2/repository/org/seleniumhq/selenium/selenium-remote-driver/3.141.59/selenium-remote-driver-3.141.59.jar /home/tester/.m2/repository/org/seleniumhq/selenium/selenium-safari-driver/3.141.59/selenium-safari-driver-3.141.59.jar /home/tester/.m2/repository/org/seleniumhq/selenium/selenium-support/3.141.59/selenium-support-3.141.59.jar /home/tester/.m2/repository/net/bytebuddy/byte-buddy/1.8.15/byte-buddy-1.8.15.jar /home/tester/.m2/repository/org/apache/commons/commons-exec/1.3/commons-exec-1.3.jar /home/tester/.m2/repository/com/google/guava/guava/25.0-jre/guava-25.0-jre.jar /home/tester/.m2/repository/com/google/code/findbugs/jsr305/1.3.9/jsr305-1.3.9.jar /home/tester/.m2/repository/org/checkerframework/checker-compat-qual/2.0.0/checker-compat-qual-2.0.0.jar /home/tester/.m2/repository/com/google/errorprone/error_prone_annotations/2.1.3/error_prone_annotations-2.1.3.jar /home/tester/.m2/repository/com/google/j2objc/j2objc-annotations/1.1/j2objc-annotations-1.1.jar /home/tester/.m2/repository/org/codehaus/mojo/animal-sniffer-annotations/1.14/animal-sniffer-annotations-1.14.jar /home/tester/.m2/repository/com/squareup/okhttp3/okhttp/3.11.0/okhttp-3.11.0.jar /home/tester/.m2/repository/com/squareup/okio/okio/1.14.0/okio-1.14.0.jar /home/tester/.m2/repository/ru/yandex/qatools/ashot/ashot/1.5.4/ashot-1.5.4.jar /home/tester/.m2/repository/commons-io/commons-io/2.5/commons-io-2.5.jar /home/tester/.m2/repository/com/google/code/gson/gson/2.6.2/gson-2.6.2.jar /home/tester/.m2/repository/org/hamcrest/hamcrest-core/1.3/hamcrest-core-1.3.jar
  VMArgs:    -ea
  Class:     org.testng.remote.RemoteTestNG
  Args:      -serport 42374 -protocol json -d /home/tester/Desktop/123432/Automation-ManualTesting/AutomationSeleniumProject/AutomationTestNG/test-output /tmp/testng-eclipse-1574191469/testng-customsuite.xml
java -ea -classpath /home/tester/.eclipse/org.eclipse.platform_4.5.2_1473617060_linux_gtk_x86_64/configuration/org.eclipse.osgi/925/0/.cp/lib/testng-remote.jar:/home/tester/Desktop/123432/Automation-ManualTesting/AutomationSeleniumProject/AutomationTestNG/target/test-classes:/home/tester/Desktop/123432/Automation-ManualTesting/AutomationSeleniumProject/AutomationTestNG/target/classes:/home/tester/.m2/repository/org/testng/testng/6.5.1/testng-6.5.1.jar:/home/tester/.m2/repository/junit/junit/4.10/junit-4.10.jar:/home/tester/.m2/repository/org/beanshell/bsh/2.0b4/bsh-2.0b4.jar:/home/tester/.m2/repository/com/beust/jcommander/1.12/jcommander-1.12.jar:/home/tester/.m2/repository/org/yaml/snakeyaml/1.6/snakeyaml-1.6.jar:/home/tester/.m2/repository/org/seleniumhq/selenium/selenium-java/3.141.59/selenium-java-3.141.59.jar:/home/tester/.m2/repository/org/seleniumhq/selenium/selenium-api/3.141.59/selenium-api-3.141.59.jar:/home/tester/.m2/repository/org/seleniumhq/selenium/selenium-chrome-driver/3.141.59/selenium-chrome-driver-3.141.59.jar:/home/tester/.m2/repository/org/seleniumhq/selenium/selenium-edge-driver/3.141.59/selenium-edge-driver-3.141.59.jar:/home/tester/.m2/repository/org/seleniumhq/selenium/selenium-firefox-driver/3.141.59/selenium-firefox-driver-3.141.59.jar:/home/tester/.m2/repository/org/seleniumhq/selenium/selenium-ie-driver/3.141.59/selenium-ie-driver-3.141.59.jar:/home/tester/.m2/repository/org/seleniumhq/selenium/selenium-opera-driver/3.141.59/selenium-opera-driver-3.141.59.jar:/home/tester/.m2/repository/org/seleniumhq/selenium/selenium-remote-driver/3.141.59/selenium-remote-driver-3.141.59.jar:/home/tester/.m2/repository/org/seleniumhq/selenium/selenium-safari-driver/3.141.59/selenium-safari-driver-3.141.59.jar:/home/tester/.m2/repository/org/seleniumhq/selenium/selenium-support/3.141.59/selenium-support-3.141.59.jar:/home/tester/.m2/repository/net/bytebuddy/byte-buddy/1.8.15/byte-buddy-1.8.15.jar:/home/tester/.m2/repository/org/apache/commons/commons-exec/1.3/commons-exec-1.3.jar:/home/tester/.m2/repository/com/google/guava/guava/25.0-jre/guava-25.0-jre.jar:/home/tester/.m2/repository/com/google/code/findbugs/jsr305/1.3.9/jsr305-1.3.9.jar:/home/tester/.m2/repository/org/checkerframework/checker-compat-qual/2.0.0/checker-compat-qual-2.0.0.jar:/home/tester/.m2/repository/com/google/errorprone/error_prone_annotations/2.1.3/error_prone_annotations-2.1.3.jar:/home/tester/.m2/repository/com/google/j2objc/j2objc-annotations/1.1/j2objc-annotations-1.1.jar:/home/tester/.m2/repository/org/codehaus/mojo/animal-sniffer-annotations/1.14/animal-sniffer-annotations-1.14.jar:/home/tester/.m2/repository/com/squareup/okhttp3/okhttp/3.11.0/okhttp-3.11.0.jar:/home/tester/.m2/repository/com/squareup/okio/okio/1.14.0/okio-1.14.0.jar:/home/tester/.m2/repository/ru/yandex/qatools/ashot/ashot/1.5.4/ashot-1.5.4.jar:/home/tester/.m2/repository/commons-io/commons-io/2.5/commons-io-2.5.jar:/home/tester/.m2/repository/com/google/code/gson/gson/2.6.2/gson-2.6.2.jar:/home/tester/.m2/repository/org/hamcrest/hamcrest-core/1.3/hamcrest-core-1.3.jar org.testng.remote.RemoteTestNG -serport 42374 -protocol json -d /home/tester/Desktop/123432/Automation-ManualTesting/AutomationSeleniumProject/AutomationTestNG/test-output /tmp/testng-eclipse-1574191469/testng-customsuite.xml

!ENTRY org.testng.eclipse 1 0 2020-11-11 14:40:13.332
!MESSAGE [TestNGLaunchConfigurationDelegate] Launching:
  Classpath: /home/tester/.eclipse/org.eclipse.platform_4.5.2_1473617060_linux_gtk_x86_64/configuration/org.eclipse.osgi/925/0/.cp/lib/testng-remote.jar /home/tester/Desktop/123432/Automation-ManualTesting/AutomationSeleniumProject/AutomationTestNG/target/test-classes /home/tester/Desktop/123432/Automation-ManualTesting/AutomationSeleniumProject/AutomationTestNG/target/classes /home/tester/.m2/repository/org/testng/testng/6.5.1/testng-6.5.1.jar /home/tester/.m2/repository/junit/junit/4.10/junit-4.10.jar /home/tester/.m2/repository/org/beanshell/bsh/2.0b4/bsh-2.0b4.jar /home/tester/.m2/repository/com/beust/jcommander/1.12/jcommander-1.12.jar /home/tester/.m2/repository/org/yaml/snakeyaml/1.6/snakeyaml-1.6.jar /home/tester/.m2/repository/org/seleniumhq/selenium/selenium-java/3.141.59/selenium-java-3.141.59.jar /home/tester/.m2/repository/org/seleniumhq/selenium/selenium-api/3.141.59/selenium-api-3.141.59.jar /home/tester/.m2/repository/org/seleniumhq/selenium/selenium-chrome-driver/3.141.59/selenium-chrome-driver-3.141.59.jar /home/tester/.m2/repository/org/seleniumhq/selenium/selenium-edge-driver/3.141.59/selenium-edge-driver-3.141.59.jar /home/tester/.m2/repository/org/seleniumhq/selenium/selenium-firefox-driver/3.141.59/selenium-firefox-driver-3.141.59.jar /home/tester/.m2/repository/org/seleniumhq/selenium/selenium-ie-driver/3.141.59/selenium-ie-driver-3.141.59.jar /home/tester/.m2/repository/org/seleniumhq/selenium/selenium-opera-driver/3.141.59/selenium-opera-driver-3.141.59.jar /home/tester/.m2/repository/org/seleniumhq/selenium/selenium-remote-driver/3.141.59/selenium-remote-driver-3.141.59.jar /home/tester/.m2/repository/org/seleniumhq/selenium/selenium-safari-driver/3.141.59/selenium-safari-driver-3.141.59.jar /home/tester/.m2/repository/org/seleniumhq/selenium/selenium-support/3.141.59/selenium-support-3.141.59.jar /home/tester/.m2/repository/net/bytebuddy/byte-buddy/1.8.15/byte-buddy-1.8.15.jar /home/tester/.m2/repository/org/apache/commons/commons-exec/1.3/commons-exec-1.3.jar /home/tester/.m2/repository/com/google/guava/guava/25.0-jre/guava-25.0-jre.jar /home/tester/.m2/repository/com/google/code/findbugs/jsr305/1.3.9/jsr305-1.3.9.jar /home/tester/.m2/repository/org/checkerframework/checker-compat-qual/2.0.0/checker-compat-qual-2.0.0.jar /home/tester/.m2/repository/com/google/errorprone/error_prone_annotations/2.1.3/error_prone_annotations-2.1.3.jar /home/tester/.m2/repository/com/google/j2objc/j2objc-annotations/1.1/j2objc-annotations-1.1.jar /home/tester/.m2/repository/org/codehaus/mojo/animal-sniffer-annotations/1.14/animal-sniffer-annotations-1.14.jar /home/tester/.m2/repository/com/squareup/okhttp3/okhttp/3.11.0/okhttp-3.11.0.jar /home/tester/.m2/repository/com/squareup/okio/okio/1.14.0/okio-1.14.0.jar /home/tester/.m2/repository/ru/yandex/qatools/ashot/ashot/1.5.4/ashot-1.5.4.jar /home/tester/.m2/repository/commons-io/commons-io/2.5/commons-io-2.5.jar /home/tester/.m2/repository/com/google/code/gson/gson/2.6.2/gson-2.6.2.jar /home/tester/.m2/repository/org/hamcrest/hamcrest-core/1.3/hamcrest-core-1.3.jar
  VMArgs:    -ea
  Class:     org.testng.remote.RemoteTestNG
  Args:      -serport 40472 -protocol json -d /home/tester/Desktop/123432/Automation-ManualTesting/AutomationSeleniumProject/AutomationTestNG/test-output /tmp/testng-eclipse--899097054/testng-customsuite.xml
java -ea -classpath /home/tester/.eclipse/org.eclipse.platform_4.5.2_1473617060_linux_gtk_x86_64/configuration/org.eclipse.osgi/925/0/.cp/lib/testng-remote.jar:/home/tester/Desktop/123432/Automation-ManualTesting/AutomationSeleniumProject/AutomationTestNG/target/test-classes:/home/tester/Desktop/123432/Automation-ManualTesting/AutomationSeleniumProject/AutomationTestNG/target/classes:/home/tester/.m2/repository/org/testng/testng/6.5.1/testng-6.5.1.jar:/home/tester/.m2/repository/junit/junit/4.10/junit-4.10.jar:/home/tester/.m2/repository/org/beanshell/bsh/2.0b4/bsh-2.0b4.jar:/home/tester/.m2/repository/com/beust/jcommander/1.12/jcommander-1.12.jar:/home/tester/.m2/repository/org/yaml/snakeyaml/1.6/snakeyaml-1.6.jar:/home/tester/.m2/repository/org/seleniumhq/selenium/selenium-java/3.141.59/selenium-java-3.141.59.jar:/home/tester/.m2/repository/org/seleniumhq/selenium/selenium-api/3.141.59/selenium-api-3.141.59.jar:/home/tester/.m2/repository/org/seleniumhq/selenium/selenium-chrome-driver/3.141.59/selenium-chrome-driver-3.141.59.jar:/home/tester/.m2/repository/org/seleniumhq/selenium/selenium-edge-driver/3.141.59/selenium-edge-driver-3.141.59.jar:/home/tester/.m2/repository/org/seleniumhq/selenium/selenium-firefox-driver/3.141.59/selenium-firefox-driver-3.141.59.jar:/home/tester/.m2/repository/org/seleniumhq/selenium/selenium-ie-driver/3.141.59/selenium-ie-driver-3.141.59.jar:/home/tester/.m2/repository/org/seleniumhq/selenium/selenium-opera-driver/3.141.59/selenium-opera-driver-3.141.59.jar:/home/tester/.m2/repository/org/seleniumhq/selenium/selenium-remote-driver/3.141.59/selenium-remote-driver-3.141.59.jar:/home/tester/.m2/repository/org/seleniumhq/selenium/selenium-safari-driver/3.141.59/selenium-safari-driver-3.141.59.jar:/home/tester/.m2/repository/org/seleniumhq/selenium/selenium-support/3.141.59/selenium-support-3.141.59.jar:/home/tester/.m2/repository/net/bytebuddy/byte-buddy/1.8.15/byte-buddy-1.8.15.jar:/home/tester/.m2/repository/org/apache/commons/commons-exec/1.3/commons-exec-1.3.jar:/home/tester/.m2/repository/com/google/guava/guava/25.0-jre/guava-25.0-jre.jar:/home/tester/.m2/repository/com/google/code/findbugs/jsr305/1.3.9/jsr305-1.3.9.jar:/home/tester/.m2/repository/org/checkerframework/checker-compat-qual/2.0.0/checker-compat-qual-2.0.0.jar:/home/tester/.m2/repository/com/google/errorprone/error_prone_annotations/2.1.3/error_prone_annotations-2.1.3.jar:/home/tester/.m2/repository/com/google/j2objc/j2objc-annotations/1.1/j2objc-annotations-1.1.jar:/home/tester/.m2/repository/org/codehaus/mojo/animal-sniffer-annotations/1.14/animal-sniffer-annotations-1.14.jar:/home/tester/.m2/repository/com/squareup/okhttp3/okhttp/3.11.0/okhttp-3.11.0.jar:/home/tester/.m2/repository/com/squareup/okio/okio/1.14.0/okio-1.14.0.jar:/home/tester/.m2/repository/ru/yandex/qatools/ashot/ashot/1.5.4/ashot-1.5.4.jar:/home/tester/.m2/repository/commons-io/commons-io/2.5/commons-io-2.5.jar:/home/tester/.m2/repository/com/google/code/gson/gson/2.6.2/gson-2.6.2.jar:/home/tester/.m2/repository/org/hamcrest/hamcrest-core/1.3/hamcrest-core-1.3.jar org.testng.remote.RemoteTestNG -serport 40472 -protocol json -d /home/tester/Desktop/123432/Automation-ManualTesting/AutomationSeleniumProject/AutomationTestNG/test-output /tmp/testng-eclipse--899097054/testng-customsuite.xml
