!SESSION 2020-11-10 18:07:40.736 -----------------------------------------------
eclipse.buildId=4.5.2.M20160212-1500
java.version=1.8.0_222
java.vendor=Private Build
BootLoader constants: OS=linux, ARCH=x86_64, WS=gtk, NL=en_US
Framework arguments:  -product org.eclipse.epp.package.jee.product
Command-line arguments:  -os linux -ws gtk -arch x86_64 -product org.eclipse.epp.package.jee.product

!ENTRY org.eclipse.epp.logging.aeri.ide 2 16 2020-11-10 18:08:09.571
!MESSAGE Server ‘org.eclipse.epp.logging.aeri.ide.server’ failed with exception: java.lang.IllegalStateException: Expected BEGIN_OBJECT but was STRING at line 1 column 1. ; version: 1.100.0.v20160217-0435
!STACK 0
com.google.gson.JsonSyntaxException: java.lang.IllegalStateException: Expected BEGIN_OBJECT but was STRING at line 1 column 1
	at com.google.gson.internal.bind.ReflectiveTypeAdapterFactory$Adapter.read(ReflectiveTypeAdapterFactory.java:176)
	at com.google.gson.Gson.fromJson(Gson.java:803)
	at com.google.gson.Gson.fromJson(Gson.java:768)
	at com.google.gson.Gson.fromJson(Gson.java:717)
	at org.eclipse.epp.internal.logging.aeri.ide.server.json.Json.deserialize(Json.java:88)
	at org.eclipse.epp.internal.logging.aeri.ide.server.mars.IO.refreshConfiguration(IO.java:70)
	at org.eclipse.epp.internal.logging.aeri.ide.server.mars.ServerConnection.startUp(ServerConnection.java:101)
	at com.google.common.util.concurrent.AbstractIdleService$2$1.run(AbstractIdleService.java:54)
	at com.google.common.util.concurrent.Callables$3.run(Callables.java:93)
	at java.lang.Thread.run(Thread.java:748)
Caused by: java.lang.IllegalStateException: Expected BEGIN_OBJECT but was STRING at line 1 column 1
	at com.google.gson.stream.JsonReader.beginObject(JsonReader.java:374)
	at com.google.gson.internal.bind.ReflectiveTypeAdapterFactory$Adapter.read(ReflectiveTypeAdapterFactory.java:165)
	... 9 more

!ENTRY org.testng.eclipse 1 0 2020-11-10 18:13:24.940
!MESSAGE [TestNGLaunchConfigurationDelegate] Launching:
  Classpath: /home/tester/.eclipse/org.eclipse.platform_4.5.2_1473617060_linux_gtk_x86_64/configuration/org.eclipse.osgi/925/0/.cp/lib/testng-remote.jar /home/tester/Desktop/123432/Automation-ManualTesting/OrangeHRMSeleniumTest/AutomationTestNG/target/test-classes /home/tester/Desktop/123432/Automation-ManualTesting/OrangeHRMSeleniumTest/AutomationTestNG/target/classes /home/tester/.m2/repository/org/testng/testng/6.5.1/testng-6.5.1.jar /home/tester/.m2/repository/junit/junit/4.10/junit-4.10.jar /home/tester/.m2/repository/org/beanshell/bsh/2.0b4/bsh-2.0b4.jar /home/tester/.m2/repository/com/beust/jcommander/1.12/jcommander-1.12.jar /home/tester/.m2/repository/org/yaml/snakeyaml/1.6/snakeyaml-1.6.jar /home/tester/.m2/repository/org/seleniumhq/selenium/selenium-java/3.141.59/selenium-java-3.141.59.jar /home/tester/.m2/repository/org/seleniumhq/selenium/selenium-api/3.141.59/selenium-api-3.141.59.jar /home/tester/.m2/repository/org/seleniumhq/selenium/selenium-chrome-driver/3.141.59/selenium-chrome-driver-3.141.59.jar /home/tester/.m2/repository/org/seleniumhq/selenium/selenium-edge-driver/3.141.59/selenium-edge-driver-3.141.59.jar /home/tester/.m2/repository/org/seleniumhq/selenium/selenium-firefox-driver/3.141.59/selenium-firefox-driver-3.141.59.jar /home/tester/.m2/repository/org/seleniumhq/selenium/selenium-ie-driver/3.141.59/selenium-ie-driver-3.141.59.jar /home/tester/.m2/repository/org/seleniumhq/selenium/selenium-opera-driver/3.141.59/selenium-opera-driver-3.141.59.jar /home/tester/.m2/repository/org/seleniumhq/selenium/selenium-remote-driver/3.141.59/selenium-remote-driver-3.141.59.jar /home/tester/.m2/repository/org/seleniumhq/selenium/selenium-safari-driver/3.141.59/selenium-safari-driver-3.141.59.jar /home/tester/.m2/repository/org/seleniumhq/selenium/selenium-support/3.141.59/selenium-support-3.141.59.jar /home/tester/.m2/repository/net/bytebuddy/byte-buddy/1.8.15/byte-buddy-1.8.15.jar /home/tester/.m2/repository/org/apache/commons/commons-exec/1.3/commons-exec-1.3.jar /home/tester/.m2/repository/com/google/guava/guava/25.0-jre/guava-25.0-jre.jar /home/tester/.m2/repository/com/google/code/findbugs/jsr305/1.3.9/jsr305-1.3.9.jar /home/tester/.m2/repository/org/checkerframework/checker-compat-qual/2.0.0/checker-compat-qual-2.0.0.jar /home/tester/.m2/repository/com/google/errorprone/error_prone_annotations/2.1.3/error_prone_annotations-2.1.3.jar /home/tester/.m2/repository/com/google/j2objc/j2objc-annotations/1.1/j2objc-annotations-1.1.jar /home/tester/.m2/repository/org/codehaus/mojo/animal-sniffer-annotations/1.14/animal-sniffer-annotations-1.14.jar /home/tester/.m2/repository/com/squareup/okhttp3/okhttp/3.11.0/okhttp-3.11.0.jar /home/tester/.m2/repository/com/squareup/okio/okio/1.14.0/okio-1.14.0.jar /home/tester/.m2/repository/ru/yandex/qatools/ashot/ashot/1.5.4/ashot-1.5.4.jar /home/tester/.m2/repository/commons-io/commons-io/2.5/commons-io-2.5.jar /home/tester/.m2/repository/com/google/code/gson/gson/2.6.2/gson-2.6.2.jar /home/tester/.m2/repository/org/hamcrest/hamcrest-core/1.3/hamcrest-core-1.3.jar
  VMArgs:    -ea
  Class:     org.testng.remote.RemoteTestNG
  Args:      -serport 33620 -protocol json -d /home/tester/Desktop/123432/Automation-ManualTesting/OrangeHRMSeleniumTest/AutomationTestNG/test-output /tmp/testng-eclipse-1887780575/testng-customsuite.xml
java -ea -classpath /home/tester/.eclipse/org.eclipse.platform_4.5.2_1473617060_linux_gtk_x86_64/configuration/org.eclipse.osgi/925/0/.cp/lib/testng-remote.jar:/home/tester/Desktop/123432/Automation-ManualTesting/OrangeHRMSeleniumTest/AutomationTestNG/target/test-classes:/home/tester/Desktop/123432/Automation-ManualTesting/OrangeHRMSeleniumTest/AutomationTestNG/target/classes:/home/tester/.m2/repository/org/testng/testng/6.5.1/testng-6.5.1.jar:/home/tester/.m2/repository/junit/junit/4.10/junit-4.10.jar:/home/tester/.m2/repository/org/beanshell/bsh/2.0b4/bsh-2.0b4.jar:/home/tester/.m2/repository/com/beust/jcommander/1.12/jcommander-1.12.jar:/home/tester/.m2/repository/org/yaml/snakeyaml/1.6/snakeyaml-1.6.jar:/home/tester/.m2/repository/org/seleniumhq/selenium/selenium-java/3.141.59/selenium-java-3.141.59.jar:/home/tester/.m2/repository/org/seleniumhq/selenium/selenium-api/3.141.59/selenium-api-3.141.59.jar:/home/tester/.m2/repository/org/seleniumhq/selenium/selenium-chrome-driver/3.141.59/selenium-chrome-driver-3.141.59.jar:/home/tester/.m2/repository/org/seleniumhq/selenium/selenium-edge-driver/3.141.59/selenium-edge-driver-3.141.59.jar:/home/tester/.m2/repository/org/seleniumhq/selenium/selenium-firefox-driver/3.141.59/selenium-firefox-driver-3.141.59.jar:/home/tester/.m2/repository/org/seleniumhq/selenium/selenium-ie-driver/3.141.59/selenium-ie-driver-3.141.59.jar:/home/tester/.m2/repository/org/seleniumhq/selenium/selenium-opera-driver/3.141.59/selenium-opera-driver-3.141.59.jar:/home/tester/.m2/repository/org/seleniumhq/selenium/selenium-remote-driver/3.141.59/selenium-remote-driver-3.141.59.jar:/home/tester/.m2/repository/org/seleniumhq/selenium/selenium-safari-driver/3.141.59/selenium-safari-driver-3.141.59.jar:/home/tester/.m2/repository/org/seleniumhq/selenium/selenium-support/3.141.59/selenium-support-3.141.59.jar:/home/tester/.m2/repository/net/bytebuddy/byte-buddy/1.8.15/byte-buddy-1.8.15.jar:/home/tester/.m2/repository/org/apache/commons/commons-exec/1.3/commons-exec-1.3.jar:/home/tester/.m2/repository/com/google/guava/guava/25.0-jre/guava-25.0-jre.jar:/home/tester/.m2/repository/com/google/code/findbugs/jsr305/1.3.9/jsr305-1.3.9.jar:/home/tester/.m2/repository/org/checkerframework/checker-compat-qual/2.0.0/checker-compat-qual-2.0.0.jar:/home/tester/.m2/repository/com/google/errorprone/error_prone_annotations/2.1.3/error_prone_annotations-2.1.3.jar:/home/tester/.m2/repository/com/google/j2objc/j2objc-annotations/1.1/j2objc-annotations-1.1.jar:/home/tester/.m2/repository/org/codehaus/mojo/animal-sniffer-annotations/1.14/animal-sniffer-annotations-1.14.jar:/home/tester/.m2/repository/com/squareup/okhttp3/okhttp/3.11.0/okhttp-3.11.0.jar:/home/tester/.m2/repository/com/squareup/okio/okio/1.14.0/okio-1.14.0.jar:/home/tester/.m2/repository/ru/yandex/qatools/ashot/ashot/1.5.4/ashot-1.5.4.jar:/home/tester/.m2/repository/commons-io/commons-io/2.5/commons-io-2.5.jar:/home/tester/.m2/repository/com/google/code/gson/gson/2.6.2/gson-2.6.2.jar:/home/tester/.m2/repository/org/hamcrest/hamcrest-core/1.3/hamcrest-core-1.3.jar org.testng.remote.RemoteTestNG -serport 33620 -protocol json -d /home/tester/Desktop/123432/Automation-ManualTesting/OrangeHRMSeleniumTest/AutomationTestNG/test-output /tmp/testng-eclipse-1887780575/testng-customsuite.xml

!ENTRY org.eclipse.m2e.logback.appender 2 0 2020-11-10 18:13:53.506
!MESSAGE Failed to download org.eclipse.recommenders:index::zip:0.0.0
!STACK 0
org.eclipse.aether.resolution.ArtifactResolutionException: Could not find artifact org.eclipse.recommenders:index:zip:0.0.0-SNAPSHOT in models (http://download.eclipse.org/recommenders/models/mars/)
	at org.eclipse.aether.internal.impl.DefaultArtifactResolver.resolve(DefaultArtifactResolver.java:444)
	at org.eclipse.aether.internal.impl.DefaultArtifactResolver.resolveArtifacts(DefaultArtifactResolver.java:246)
	at org.eclipse.aether.internal.impl.DefaultArtifactResolver.resolveArtifact(DefaultArtifactResolver.java:223)
	at org.eclipse.aether.internal.impl.DefaultRepositorySystem.resolveArtifact(DefaultRepositorySystem.java:294)
	at org.eclipse.recommenders.models.ModelRepository.resolveInternal(ModelRepository.java:192)
	at org.eclipse.recommenders.models.ModelRepository.resolve(ModelRepository.java:174)
	at org.eclipse.recommenders.internal.models.rcp.EclipseModelRepository.resolve(EclipseModelRepository.java:165)
	at org.eclipse.recommenders.internal.models.rcp.DownloadModelArchiveJob.run(DownloadModelArchiveJob.java:76)
	at org.eclipse.core.internal.jobs.Worker.run(Worker.java:55)
Caused by: org.eclipse.aether.transfer.ArtifactNotFoundException: Could not find artifact org.eclipse.recommenders:index:zip:0.0.0-SNAPSHOT in models (http://download.eclipse.org/recommenders/models/mars/)
	at org.eclipse.aether.connector.basic.ArtifactTransportListener.transferFailed(ArtifactTransportListener.java:39)
	at org.eclipse.aether.connector.basic.BasicRepositoryConnector$TaskRunner.run(BasicRepositoryConnector.java:355)
	at org.eclipse.aether.util.concurrency.RunnableErrorForwarder$1.run(RunnableErrorForwarder.java:67)
	at org.eclipse.aether.connector.basic.BasicRepositoryConnector$DirectExecutor.execute(BasicRepositoryConnector.java:581)
	at org.eclipse.aether.connector.basic.BasicRepositoryConnector.get(BasicRepositoryConnector.java:249)
	at org.eclipse.aether.internal.impl.DefaultArtifactResolver.performDownloads(DefaultArtifactResolver.java:520)
	at org.eclipse.aether.internal.impl.DefaultArtifactResolver.resolve(DefaultArtifactResolver.java:421)
	... 8 more

!ENTRY org.eclipse.recommenders.models.rcp 1 0 2020-11-10 18:13:53.508
!MESSAGE org.eclipse.recommenders:index::zip:0.0.0 could not be resolved from the model repositories. Are you offline?

!ENTRY org.testng.eclipse 1 0 2020-11-10 18:15:40.467
!MESSAGE Could not find method: Tests.OrangeHrmSiteTest.TestLogin

!ENTRY org.testng.eclipse 1 0 2020-11-10 18:15:40.471
!MESSAGE Could not find method: Tests.OrangeHrmSiteTest.TestingCandidates

!ENTRY org.testng.eclipse 1 0 2020-11-10 18:15:41.711
!MESSAGE [TestNGLaunchConfigurationDelegate] Launching:
  Classpath: /home/tester/.eclipse/org.eclipse.platform_4.5.2_1473617060_linux_gtk_x86_64/configuration/org.eclipse.osgi/925/0/.cp/lib/testng-remote.jar /home/tester/Desktop/123432/Automation-ManualTesting/OrangeHRMSeleniumTest/AutomationTestNG/target/test-classes /home/tester/Desktop/123432/Automation-ManualTesting/OrangeHRMSeleniumTest/AutomationTestNG/target/classes /home/tester/.m2/repository/org/testng/testng/6.5.1/testng-6.5.1.jar /home/tester/.m2/repository/junit/junit/4.10/junit-4.10.jar /home/tester/.m2/repository/org/beanshell/bsh/2.0b4/bsh-2.0b4.jar /home/tester/.m2/repository/com/beust/jcommander/1.12/jcommander-1.12.jar /home/tester/.m2/repository/org/yaml/snakeyaml/1.6/snakeyaml-1.6.jar /home/tester/.m2/repository/org/seleniumhq/selenium/selenium-java/3.141.59/selenium-java-3.141.59.jar /home/tester/.m2/repository/org/seleniumhq/selenium/selenium-api/3.141.59/selenium-api-3.141.59.jar /home/tester/.m2/repository/org/seleniumhq/selenium/selenium-chrome-driver/3.141.59/selenium-chrome-driver-3.141.59.jar /home/tester/.m2/repository/org/seleniumhq/selenium/selenium-edge-driver/3.141.59/selenium-edge-driver-3.141.59.jar /home/tester/.m2/repository/org/seleniumhq/selenium/selenium-firefox-driver/3.141.59/selenium-firefox-driver-3.141.59.jar /home/tester/.m2/repository/org/seleniumhq/selenium/selenium-ie-driver/3.141.59/selenium-ie-driver-3.141.59.jar /home/tester/.m2/repository/org/seleniumhq/selenium/selenium-opera-driver/3.141.59/selenium-opera-driver-3.141.59.jar /home/tester/.m2/repository/org/seleniumhq/selenium/selenium-remote-driver/3.141.59/selenium-remote-driver-3.141.59.jar /home/tester/.m2/repository/org/seleniumhq/selenium/selenium-safari-driver/3.141.59/selenium-safari-driver-3.141.59.jar /home/tester/.m2/repository/org/seleniumhq/selenium/selenium-support/3.141.59/selenium-support-3.141.59.jar /home/tester/.m2/repository/net/bytebuddy/byte-buddy/1.8.15/byte-buddy-1.8.15.jar /home/tester/.m2/repository/org/apache/commons/commons-exec/1.3/commons-exec-1.3.jar /home/tester/.m2/repository/com/google/guava/guava/25.0-jre/guava-25.0-jre.jar /home/tester/.m2/repository/com/google/code/findbugs/jsr305/1.3.9/jsr305-1.3.9.jar /home/tester/.m2/repository/org/checkerframework/checker-compat-qual/2.0.0/checker-compat-qual-2.0.0.jar /home/tester/.m2/repository/com/google/errorprone/error_prone_annotations/2.1.3/error_prone_annotations-2.1.3.jar /home/tester/.m2/repository/com/google/j2objc/j2objc-annotations/1.1/j2objc-annotations-1.1.jar /home/tester/.m2/repository/org/codehaus/mojo/animal-sniffer-annotations/1.14/animal-sniffer-annotations-1.14.jar /home/tester/.m2/repository/com/squareup/okhttp3/okhttp/3.11.0/okhttp-3.11.0.jar /home/tester/.m2/repository/com/squareup/okio/okio/1.14.0/okio-1.14.0.jar /home/tester/.m2/repository/ru/yandex/qatools/ashot/ashot/1.5.4/ashot-1.5.4.jar /home/tester/.m2/repository/commons-io/commons-io/2.5/commons-io-2.5.jar /home/tester/.m2/repository/com/google/code/gson/gson/2.6.2/gson-2.6.2.jar /home/tester/.m2/repository/org/hamcrest/hamcrest-core/1.3/hamcrest-core-1.3.jar
  VMArgs:    -ea
  Class:     org.testng.remote.RemoteTestNG
  Args:      -serport 43626 -protocol json -d /home/tester/Desktop/123432/Automation-ManualTesting/OrangeHRMSeleniumTest/AutomationTestNG/test-output /tmp/testng-eclipse-1386284192/testng-customsuite.xml
java -ea -classpath /home/tester/.eclipse/org.eclipse.platform_4.5.2_1473617060_linux_gtk_x86_64/configuration/org.eclipse.osgi/925/0/.cp/lib/testng-remote.jar:/home/tester/Desktop/123432/Automation-ManualTesting/OrangeHRMSeleniumTest/AutomationTestNG/target/test-classes:/home/tester/Desktop/123432/Automation-ManualTesting/OrangeHRMSeleniumTest/AutomationTestNG/target/classes:/home/tester/.m2/repository/org/testng/testng/6.5.1/testng-6.5.1.jar:/home/tester/.m2/repository/junit/junit/4.10/junit-4.10.jar:/home/tester/.m2/repository/org/beanshell/bsh/2.0b4/bsh-2.0b4.jar:/home/tester/.m2/repository/com/beust/jcommander/1.12/jcommander-1.12.jar:/home/tester/.m2/repository/org/yaml/snakeyaml/1.6/snakeyaml-1.6.jar:/home/tester/.m2/repository/org/seleniumhq/selenium/selenium-java/3.141.59/selenium-java-3.141.59.jar:/home/tester/.m2/repository/org/seleniumhq/selenium/selenium-api/3.141.59/selenium-api-3.141.59.jar:/home/tester/.m2/repository/org/seleniumhq/selenium/selenium-chrome-driver/3.141.59/selenium-chrome-driver-3.141.59.jar:/home/tester/.m2/repository/org/seleniumhq/selenium/selenium-edge-driver/3.141.59/selenium-edge-driver-3.141.59.jar:/home/tester/.m2/repository/org/seleniumhq/selenium/selenium-firefox-driver/3.141.59/selenium-firefox-driver-3.141.59.jar:/home/tester/.m2/repository/org/seleniumhq/selenium/selenium-ie-driver/3.141.59/selenium-ie-driver-3.141.59.jar:/home/tester/.m2/repository/org/seleniumhq/selenium/selenium-opera-driver/3.141.59/selenium-opera-driver-3.141.59.jar:/home/tester/.m2/repository/org/seleniumhq/selenium/selenium-remote-driver/3.141.59/selenium-remote-driver-3.141.59.jar:/home/tester/.m2/repository/org/seleniumhq/selenium/selenium-safari-driver/3.141.59/selenium-safari-driver-3.141.59.jar:/home/tester/.m2/repository/org/seleniumhq/selenium/selenium-support/3.141.59/selenium-support-3.141.59.jar:/home/tester/.m2/repository/net/bytebuddy/byte-buddy/1.8.15/byte-buddy-1.8.15.jar:/home/tester/.m2/repository/org/apache/commons/commons-exec/1.3/commons-exec-1.3.jar:/home/tester/.m2/repository/com/google/guava/guava/25.0-jre/guava-25.0-jre.jar:/home/tester/.m2/repository/com/google/code/findbugs/jsr305/1.3.9/jsr305-1.3.9.jar:/home/tester/.m2/repository/org/checkerframework/checker-compat-qual/2.0.0/checker-compat-qual-2.0.0.jar:/home/tester/.m2/repository/com/google/errorprone/error_prone_annotations/2.1.3/error_prone_annotations-2.1.3.jar:/home/tester/.m2/repository/com/google/j2objc/j2objc-annotations/1.1/j2objc-annotations-1.1.jar:/home/tester/.m2/repository/org/codehaus/mojo/animal-sniffer-annotations/1.14/animal-sniffer-annotations-1.14.jar:/home/tester/.m2/repository/com/squareup/okhttp3/okhttp/3.11.0/okhttp-3.11.0.jar:/home/tester/.m2/repository/com/squareup/okio/okio/1.14.0/okio-1.14.0.jar:/home/tester/.m2/repository/ru/yandex/qatools/ashot/ashot/1.5.4/ashot-1.5.4.jar:/home/tester/.m2/repository/commons-io/commons-io/2.5/commons-io-2.5.jar:/home/tester/.m2/repository/com/google/code/gson/gson/2.6.2/gson-2.6.2.jar:/home/tester/.m2/repository/org/hamcrest/hamcrest-core/1.3/hamcrest-core-1.3.jar org.testng.remote.RemoteTestNG -serport 43626 -protocol json -d /home/tester/Desktop/123432/Automation-ManualTesting/OrangeHRMSeleniumTest/AutomationTestNG/test-output /tmp/testng-eclipse-1386284192/testng-customsuite.xml

!ENTRY org.testng.eclipse 1 0 2020-11-10 18:16:06.071
!MESSAGE [TestNGLaunchConfigurationDelegate] Launching:
  Classpath: /home/tester/.eclipse/org.eclipse.platform_4.5.2_1473617060_linux_gtk_x86_64/configuration/org.eclipse.osgi/925/0/.cp/lib/testng-remote.jar /home/tester/Desktop/123432/Automation-ManualTesting/OrangeHRMSeleniumTest/AutomationTestNG/target/test-classes /home/tester/Desktop/123432/Automation-ManualTesting/OrangeHRMSeleniumTest/AutomationTestNG/target/classes /home/tester/.m2/repository/org/testng/testng/6.5.1/testng-6.5.1.jar /home/tester/.m2/repository/junit/junit/4.10/junit-4.10.jar /home/tester/.m2/repository/org/beanshell/bsh/2.0b4/bsh-2.0b4.jar /home/tester/.m2/repository/com/beust/jcommander/1.12/jcommander-1.12.jar /home/tester/.m2/repository/org/yaml/snakeyaml/1.6/snakeyaml-1.6.jar /home/tester/.m2/repository/org/seleniumhq/selenium/selenium-java/3.141.59/selenium-java-3.141.59.jar /home/tester/.m2/repository/org/seleniumhq/selenium/selenium-api/3.141.59/selenium-api-3.141.59.jar /home/tester/.m2/repository/org/seleniumhq/selenium/selenium-chrome-driver/3.141.59/selenium-chrome-driver-3.141.59.jar /home/tester/.m2/repository/org/seleniumhq/selenium/selenium-edge-driver/3.141.59/selenium-edge-driver-3.141.59.jar /home/tester/.m2/repository/org/seleniumhq/selenium/selenium-firefox-driver/3.141.59/selenium-firefox-driver-3.141.59.jar /home/tester/.m2/repository/org/seleniumhq/selenium/selenium-ie-driver/3.141.59/selenium-ie-driver-3.141.59.jar /home/tester/.m2/repository/org/seleniumhq/selenium/selenium-opera-driver/3.141.59/selenium-opera-driver-3.141.59.jar /home/tester/.m2/repository/org/seleniumhq/selenium/selenium-remote-driver/3.141.59/selenium-remote-driver-3.141.59.jar /home/tester/.m2/repository/org/seleniumhq/selenium/selenium-safari-driver/3.141.59/selenium-safari-driver-3.141.59.jar /home/tester/.m2/repository/org/seleniumhq/selenium/selenium-support/3.141.59/selenium-support-3.141.59.jar /home/tester/.m2/repository/net/bytebuddy/byte-buddy/1.8.15/byte-buddy-1.8.15.jar /home/tester/.m2/repository/org/apache/commons/commons-exec/1.3/commons-exec-1.3.jar /home/tester/.m2/repository/com/google/guava/guava/25.0-jre/guava-25.0-jre.jar /home/tester/.m2/repository/com/google/code/findbugs/jsr305/1.3.9/jsr305-1.3.9.jar /home/tester/.m2/repository/org/checkerframework/checker-compat-qual/2.0.0/checker-compat-qual-2.0.0.jar /home/tester/.m2/repository/com/google/errorprone/error_prone_annotations/2.1.3/error_prone_annotations-2.1.3.jar /home/tester/.m2/repository/com/google/j2objc/j2objc-annotations/1.1/j2objc-annotations-1.1.jar /home/tester/.m2/repository/org/codehaus/mojo/animal-sniffer-annotations/1.14/animal-sniffer-annotations-1.14.jar /home/tester/.m2/repository/com/squareup/okhttp3/okhttp/3.11.0/okhttp-3.11.0.jar /home/tester/.m2/repository/com/squareup/okio/okio/1.14.0/okio-1.14.0.jar /home/tester/.m2/repository/ru/yandex/qatools/ashot/ashot/1.5.4/ashot-1.5.4.jar /home/tester/.m2/repository/commons-io/commons-io/2.5/commons-io-2.5.jar /home/tester/.m2/repository/com/google/code/gson/gson/2.6.2/gson-2.6.2.jar /home/tester/.m2/repository/org/hamcrest/hamcrest-core/1.3/hamcrest-core-1.3.jar
  VMArgs:    -ea
  Class:     org.testng.remote.RemoteTestNG
  Args:      -serport 39178 -protocol json -d /home/tester/Desktop/123432/Automation-ManualTesting/OrangeHRMSeleniumTest/AutomationTestNG/test-output /tmp/testng-eclipse--559593499/testng-customsuite.xml
java -ea -classpath /home/tester/.eclipse/org.eclipse.platform_4.5.2_1473617060_linux_gtk_x86_64/configuration/org.eclipse.osgi/925/0/.cp/lib/testng-remote.jar:/home/tester/Desktop/123432/Automation-ManualTesting/OrangeHRMSeleniumTest/AutomationTestNG/target/test-classes:/home/tester/Desktop/123432/Automation-ManualTesting/OrangeHRMSeleniumTest/AutomationTestNG/target/classes:/home/tester/.m2/repository/org/testng/testng/6.5.1/testng-6.5.1.jar:/home/tester/.m2/repository/junit/junit/4.10/junit-4.10.jar:/home/tester/.m2/repository/org/beanshell/bsh/2.0b4/bsh-2.0b4.jar:/home/tester/.m2/repository/com/beust/jcommander/1.12/jcommander-1.12.jar:/home/tester/.m2/repository/org/yaml/snakeyaml/1.6/snakeyaml-1.6.jar:/home/tester/.m2/repository/org/seleniumhq/selenium/selenium-java/3.141.59/selenium-java-3.141.59.jar:/home/tester/.m2/repository/org/seleniumhq/selenium/selenium-api/3.141.59/selenium-api-3.141.59.jar:/home/tester/.m2/repository/org/seleniumhq/selenium/selenium-chrome-driver/3.141.59/selenium-chrome-driver-3.141.59.jar:/home/tester/.m2/repository/org/seleniumhq/selenium/selenium-edge-driver/3.141.59/selenium-edge-driver-3.141.59.jar:/home/tester/.m2/repository/org/seleniumhq/selenium/selenium-firefox-driver/3.141.59/selenium-firefox-driver-3.141.59.jar:/home/tester/.m2/repository/org/seleniumhq/selenium/selenium-ie-driver/3.141.59/selenium-ie-driver-3.141.59.jar:/home/tester/.m2/repository/org/seleniumhq/selenium/selenium-opera-driver/3.141.59/selenium-opera-driver-3.141.59.jar:/home/tester/.m2/repository/org/seleniumhq/selenium/selenium-remote-driver/3.141.59/selenium-remote-driver-3.141.59.jar:/home/tester/.m2/repository/org/seleniumhq/selenium/selenium-safari-driver/3.141.59/selenium-safari-driver-3.141.59.jar:/home/tester/.m2/repository/org/seleniumhq/selenium/selenium-support/3.141.59/selenium-support-3.141.59.jar:/home/tester/.m2/repository/net/bytebuddy/byte-buddy/1.8.15/byte-buddy-1.8.15.jar:/home/tester/.m2/repository/org/apache/commons/commons-exec/1.3/commons-exec-1.3.jar:/home/tester/.m2/repository/com/google/guava/guava/25.0-jre/guava-25.0-jre.jar:/home/tester/.m2/repository/com/google/code/findbugs/jsr305/1.3.9/jsr305-1.3.9.jar:/home/tester/.m2/repository/org/checkerframework/checker-compat-qual/2.0.0/checker-compat-qual-2.0.0.jar:/home/tester/.m2/repository/com/google/errorprone/error_prone_annotations/2.1.3/error_prone_annotations-2.1.3.jar:/home/tester/.m2/repository/com/google/j2objc/j2objc-annotations/1.1/j2objc-annotations-1.1.jar:/home/tester/.m2/repository/org/codehaus/mojo/animal-sniffer-annotations/1.14/animal-sniffer-annotations-1.14.jar:/home/tester/.m2/repository/com/squareup/okhttp3/okhttp/3.11.0/okhttp-3.11.0.jar:/home/tester/.m2/repository/com/squareup/okio/okio/1.14.0/okio-1.14.0.jar:/home/tester/.m2/repository/ru/yandex/qatools/ashot/ashot/1.5.4/ashot-1.5.4.jar:/home/tester/.m2/repository/commons-io/commons-io/2.5/commons-io-2.5.jar:/home/tester/.m2/repository/com/google/code/gson/gson/2.6.2/gson-2.6.2.jar:/home/tester/.m2/repository/org/hamcrest/hamcrest-core/1.3/hamcrest-core-1.3.jar org.testng.remote.RemoteTestNG -serport 39178 -protocol json -d /home/tester/Desktop/123432/Automation-ManualTesting/OrangeHRMSeleniumTest/AutomationTestNG/test-output /tmp/testng-eclipse--559593499/testng-customsuite.xml

!ENTRY org.testng.eclipse 1 0 2020-11-10 18:16:55.931
!MESSAGE [TestNGLaunchConfigurationDelegate] Launching:
  Classpath: /home/tester/.eclipse/org.eclipse.platform_4.5.2_1473617060_linux_gtk_x86_64/configuration/org.eclipse.osgi/925/0/.cp/lib/testng-remote.jar /home/tester/Desktop/123432/Automation-ManualTesting/OrangeHRMSeleniumTest/AutomationTestNG/target/test-classes /home/tester/Desktop/123432/Automation-ManualTesting/OrangeHRMSeleniumTest/AutomationTestNG/target/classes /home/tester/.m2/repository/org/testng/testng/6.5.1/testng-6.5.1.jar /home/tester/.m2/repository/junit/junit/4.10/junit-4.10.jar /home/tester/.m2/repository/org/beanshell/bsh/2.0b4/bsh-2.0b4.jar /home/tester/.m2/repository/com/beust/jcommander/1.12/jcommander-1.12.jar /home/tester/.m2/repository/org/yaml/snakeyaml/1.6/snakeyaml-1.6.jar /home/tester/.m2/repository/org/seleniumhq/selenium/selenium-java/3.141.59/selenium-java-3.141.59.jar /home/tester/.m2/repository/org/seleniumhq/selenium/selenium-api/3.141.59/selenium-api-3.141.59.jar /home/tester/.m2/repository/org/seleniumhq/selenium/selenium-chrome-driver/3.141.59/selenium-chrome-driver-3.141.59.jar /home/tester/.m2/repository/org/seleniumhq/selenium/selenium-edge-driver/3.141.59/selenium-edge-driver-3.141.59.jar /home/tester/.m2/repository/org/seleniumhq/selenium/selenium-firefox-driver/3.141.59/selenium-firefox-driver-3.141.59.jar /home/tester/.m2/repository/org/seleniumhq/selenium/selenium-ie-driver/3.141.59/selenium-ie-driver-3.141.59.jar /home/tester/.m2/repository/org/seleniumhq/selenium/selenium-opera-driver/3.141.59/selenium-opera-driver-3.141.59.jar /home/tester/.m2/repository/org/seleniumhq/selenium/selenium-remote-driver/3.141.59/selenium-remote-driver-3.141.59.jar /home/tester/.m2/repository/org/seleniumhq/selenium/selenium-safari-driver/3.141.59/selenium-safari-driver-3.141.59.jar /home/tester/.m2/repository/org/seleniumhq/selenium/selenium-support/3.141.59/selenium-support-3.141.59.jar /home/tester/.m2/repository/net/bytebuddy/byte-buddy/1.8.15/byte-buddy-1.8.15.jar /home/tester/.m2/repository/org/apache/commons/commons-exec/1.3/commons-exec-1.3.jar /home/tester/.m2/repository/com/google/guava/guava/25.0-jre/guava-25.0-jre.jar /home/tester/.m2/repository/com/google/code/findbugs/jsr305/1.3.9/jsr305-1.3.9.jar /home/tester/.m2/repository/org/checkerframework/checker-compat-qual/2.0.0/checker-compat-qual-2.0.0.jar /home/tester/.m2/repository/com/google/errorprone/error_prone_annotations/2.1.3/error_prone_annotations-2.1.3.jar /home/tester/.m2/repository/com/google/j2objc/j2objc-annotations/1.1/j2objc-annotations-1.1.jar /home/tester/.m2/repository/org/codehaus/mojo/animal-sniffer-annotations/1.14/animal-sniffer-annotations-1.14.jar /home/tester/.m2/repository/com/squareup/okhttp3/okhttp/3.11.0/okhttp-3.11.0.jar /home/tester/.m2/repository/com/squareup/okio/okio/1.14.0/okio-1.14.0.jar /home/tester/.m2/repository/ru/yandex/qatools/ashot/ashot/1.5.4/ashot-1.5.4.jar /home/tester/.m2/repository/commons-io/commons-io/2.5/commons-io-2.5.jar /home/tester/.m2/repository/com/google/code/gson/gson/2.6.2/gson-2.6.2.jar /home/tester/.m2/repository/org/hamcrest/hamcrest-core/1.3/hamcrest-core-1.3.jar
  VMArgs:    -ea
  Class:     org.testng.remote.RemoteTestNG
  Args:      -serport 42573 -protocol json -d /home/tester/Desktop/123432/Automation-ManualTesting/OrangeHRMSeleniumTest/AutomationTestNG/test-output /home/tester/Desktop/123432/Automation-ManualTesting/OrangeHRMSeleniumTest/AutomationTestNG/StartAllTests.xml
java -ea -classpath /home/tester/.eclipse/org.eclipse.platform_4.5.2_1473617060_linux_gtk_x86_64/configuration/org.eclipse.osgi/925/0/.cp/lib/testng-remote.jar:/home/tester/Desktop/123432/Automation-ManualTesting/OrangeHRMSeleniumTest/AutomationTestNG/target/test-classes:/home/tester/Desktop/123432/Automation-ManualTesting/OrangeHRMSeleniumTest/AutomationTestNG/target/classes:/home/tester/.m2/repository/org/testng/testng/6.5.1/testng-6.5.1.jar:/home/tester/.m2/repository/junit/junit/4.10/junit-4.10.jar:/home/tester/.m2/repository/org/beanshell/bsh/2.0b4/bsh-2.0b4.jar:/home/tester/.m2/repository/com/beust/jcommander/1.12/jcommander-1.12.jar:/home/tester/.m2/repository/org/yaml/snakeyaml/1.6/snakeyaml-1.6.jar:/home/tester/.m2/repository/org/seleniumhq/selenium/selenium-java/3.141.59/selenium-java-3.141.59.jar:/home/tester/.m2/repository/org/seleniumhq/selenium/selenium-api/3.141.59/selenium-api-3.141.59.jar:/home/tester/.m2/repository/org/seleniumhq/selenium/selenium-chrome-driver/3.141.59/selenium-chrome-driver-3.141.59.jar:/home/tester/.m2/repository/org/seleniumhq/selenium/selenium-edge-driver/3.141.59/selenium-edge-driver-3.141.59.jar:/home/tester/.m2/repository/org/seleniumhq/selenium/selenium-firefox-driver/3.141.59/selenium-firefox-driver-3.141.59.jar:/home/tester/.m2/repository/org/seleniumhq/selenium/selenium-ie-driver/3.141.59/selenium-ie-driver-3.141.59.jar:/home/tester/.m2/repository/org/seleniumhq/selenium/selenium-opera-driver/3.141.59/selenium-opera-driver-3.141.59.jar:/home/tester/.m2/repository/org/seleniumhq/selenium/selenium-remote-driver/3.141.59/selenium-remote-driver-3.141.59.jar:/home/tester/.m2/repository/org/seleniumhq/selenium/selenium-safari-driver/3.141.59/selenium-safari-driver-3.141.59.jar:/home/tester/.m2/repository/org/seleniumhq/selenium/selenium-support/3.141.59/selenium-support-3.141.59.jar:/home/tester/.m2/repository/net/bytebuddy/byte-buddy/1.8.15/byte-buddy-1.8.15.jar:/home/tester/.m2/repository/org/apache/commons/commons-exec/1.3/commons-exec-1.3.jar:/home/tester/.m2/repository/com/google/guava/guava/25.0-jre/guava-25.0-jre.jar:/home/tester/.m2/repository/com/google/code/findbugs/jsr305/1.3.9/jsr305-1.3.9.jar:/home/tester/.m2/repository/org/checkerframework/checker-compat-qual/2.0.0/checker-compat-qual-2.0.0.jar:/home/tester/.m2/repository/com/google/errorprone/error_prone_annotations/2.1.3/error_prone_annotations-2.1.3.jar:/home/tester/.m2/repository/com/google/j2objc/j2objc-annotations/1.1/j2objc-annotations-1.1.jar:/home/tester/.m2/repository/org/codehaus/mojo/animal-sniffer-annotations/1.14/animal-sniffer-annotations-1.14.jar:/home/tester/.m2/repository/com/squareup/okhttp3/okhttp/3.11.0/okhttp-3.11.0.jar:/home/tester/.m2/repository/com/squareup/okio/okio/1.14.0/okio-1.14.0.jar:/home/tester/.m2/repository/ru/yandex/qatools/ashot/ashot/1.5.4/ashot-1.5.4.jar:/home/tester/.m2/repository/commons-io/commons-io/2.5/commons-io-2.5.jar:/home/tester/.m2/repository/com/google/code/gson/gson/2.6.2/gson-2.6.2.jar:/home/tester/.m2/repository/org/hamcrest/hamcrest-core/1.3/hamcrest-core-1.3.jar org.testng.remote.RemoteTestNG -serport 42573 -protocol json -d /home/tester/Desktop/123432/Automation-ManualTesting/OrangeHRMSeleniumTest/AutomationTestNG/test-output /home/tester/Desktop/123432/Automation-ManualTesting/OrangeHRMSeleniumTest/AutomationTestNG/StartAllTests.xml

!ENTRY org.testng.eclipse 1 0 2020-11-10 18:18:22.203
!MESSAGE [TestNGLaunchConfigurationDelegate] Launching:
  Classpath: /home/tester/.eclipse/org.eclipse.platform_4.5.2_1473617060_linux_gtk_x86_64/configuration/org.eclipse.osgi/925/0/.cp/lib/testng-remote.jar /home/tester/Desktop/123432/Automation-ManualTesting/OrangeHRMSeleniumTest/AutomationTestNG/target/test-classes /home/tester/Desktop/123432/Automation-ManualTesting/OrangeHRMSeleniumTest/AutomationTestNG/target/classes /home/tester/.m2/repository/org/testng/testng/6.5.1/testng-6.5.1.jar /home/tester/.m2/repository/junit/junit/4.10/junit-4.10.jar /home/tester/.m2/repository/org/beanshell/bsh/2.0b4/bsh-2.0b4.jar /home/tester/.m2/repository/com/beust/jcommander/1.12/jcommander-1.12.jar /home/tester/.m2/repository/org/yaml/snakeyaml/1.6/snakeyaml-1.6.jar /home/tester/.m2/repository/org/seleniumhq/selenium/selenium-java/3.141.59/selenium-java-3.141.59.jar /home/tester/.m2/repository/org/seleniumhq/selenium/selenium-api/3.141.59/selenium-api-3.141.59.jar /home/tester/.m2/repository/org/seleniumhq/selenium/selenium-chrome-driver/3.141.59/selenium-chrome-driver-3.141.59.jar /home/tester/.m2/repository/org/seleniumhq/selenium/selenium-edge-driver/3.141.59/selenium-edge-driver-3.141.59.jar /home/tester/.m2/repository/org/seleniumhq/selenium/selenium-firefox-driver/3.141.59/selenium-firefox-driver-3.141.59.jar /home/tester/.m2/repository/org/seleniumhq/selenium/selenium-ie-driver/3.141.59/selenium-ie-driver-3.141.59.jar /home/tester/.m2/repository/org/seleniumhq/selenium/selenium-opera-driver/3.141.59/selenium-opera-driver-3.141.59.jar /home/tester/.m2/repository/org/seleniumhq/selenium/selenium-remote-driver/3.141.59/selenium-remote-driver-3.141.59.jar /home/tester/.m2/repository/org/seleniumhq/selenium/selenium-safari-driver/3.141.59/selenium-safari-driver-3.141.59.jar /home/tester/.m2/repository/org/seleniumhq/selenium/selenium-support/3.141.59/selenium-support-3.141.59.jar /home/tester/.m2/repository/net/bytebuddy/byte-buddy/1.8.15/byte-buddy-1.8.15.jar /home/tester/.m2/repository/org/apache/commons/commons-exec/1.3/commons-exec-1.3.jar /home/tester/.m2/repository/com/google/guava/guava/25.0-jre/guava-25.0-jre.jar /home/tester/.m2/repository/com/google/code/findbugs/jsr305/1.3.9/jsr305-1.3.9.jar /home/tester/.m2/repository/org/checkerframework/checker-compat-qual/2.0.0/checker-compat-qual-2.0.0.jar /home/tester/.m2/repository/com/google/errorprone/error_prone_annotations/2.1.3/error_prone_annotations-2.1.3.jar /home/tester/.m2/repository/com/google/j2objc/j2objc-annotations/1.1/j2objc-annotations-1.1.jar /home/tester/.m2/repository/org/codehaus/mojo/animal-sniffer-annotations/1.14/animal-sniffer-annotations-1.14.jar /home/tester/.m2/repository/com/squareup/okhttp3/okhttp/3.11.0/okhttp-3.11.0.jar /home/tester/.m2/repository/com/squareup/okio/okio/1.14.0/okio-1.14.0.jar /home/tester/.m2/repository/ru/yandex/qatools/ashot/ashot/1.5.4/ashot-1.5.4.jar /home/tester/.m2/repository/commons-io/commons-io/2.5/commons-io-2.5.jar /home/tester/.m2/repository/com/google/code/gson/gson/2.6.2/gson-2.6.2.jar /home/tester/.m2/repository/org/hamcrest/hamcrest-core/1.3/hamcrest-core-1.3.jar
  VMArgs:    -ea
  Class:     org.testng.remote.RemoteTestNG
  Args:      -serport 41961 -protocol json -d /home/tester/Desktop/123432/Automation-ManualTesting/OrangeHRMSeleniumTest/AutomationTestNG/test-output /home/tester/Desktop/123432/Automation-ManualTesting/OrangeHRMSeleniumTest/AutomationTestNG/StartAllTests.xml
java -ea -classpath /home/tester/.eclipse/org.eclipse.platform_4.5.2_1473617060_linux_gtk_x86_64/configuration/org.eclipse.osgi/925/0/.cp/lib/testng-remote.jar:/home/tester/Desktop/123432/Automation-ManualTesting/OrangeHRMSeleniumTest/AutomationTestNG/target/test-classes:/home/tester/Desktop/123432/Automation-ManualTesting/OrangeHRMSeleniumTest/AutomationTestNG/target/classes:/home/tester/.m2/repository/org/testng/testng/6.5.1/testng-6.5.1.jar:/home/tester/.m2/repository/junit/junit/4.10/junit-4.10.jar:/home/tester/.m2/repository/org/beanshell/bsh/2.0b4/bsh-2.0b4.jar:/home/tester/.m2/repository/com/beust/jcommander/1.12/jcommander-1.12.jar:/home/tester/.m2/repository/org/yaml/snakeyaml/1.6/snakeyaml-1.6.jar:/home/tester/.m2/repository/org/seleniumhq/selenium/selenium-java/3.141.59/selenium-java-3.141.59.jar:/home/tester/.m2/repository/org/seleniumhq/selenium/selenium-api/3.141.59/selenium-api-3.141.59.jar:/home/tester/.m2/repository/org/seleniumhq/selenium/selenium-chrome-driver/3.141.59/selenium-chrome-driver-3.141.59.jar:/home/tester/.m2/repository/org/seleniumhq/selenium/selenium-edge-driver/3.141.59/selenium-edge-driver-3.141.59.jar:/home/tester/.m2/repository/org/seleniumhq/selenium/selenium-firefox-driver/3.141.59/selenium-firefox-driver-3.141.59.jar:/home/tester/.m2/repository/org/seleniumhq/selenium/selenium-ie-driver/3.141.59/selenium-ie-driver-3.141.59.jar:/home/tester/.m2/repository/org/seleniumhq/selenium/selenium-opera-driver/3.141.59/selenium-opera-driver-3.141.59.jar:/home/tester/.m2/repository/org/seleniumhq/selenium/selenium-remote-driver/3.141.59/selenium-remote-driver-3.141.59.jar:/home/tester/.m2/repository/org/seleniumhq/selenium/selenium-safari-driver/3.141.59/selenium-safari-driver-3.141.59.jar:/home/tester/.m2/repository/org/seleniumhq/selenium/selenium-support/3.141.59/selenium-support-3.141.59.jar:/home/tester/.m2/repository/net/bytebuddy/byte-buddy/1.8.15/byte-buddy-1.8.15.jar:/home/tester/.m2/repository/org/apache/commons/commons-exec/1.3/commons-exec-1.3.jar:/home/tester/.m2/repository/com/google/guava/guava/25.0-jre/guava-25.0-jre.jar:/home/tester/.m2/repository/com/google/code/findbugs/jsr305/1.3.9/jsr305-1.3.9.jar:/home/tester/.m2/repository/org/checkerframework/checker-compat-qual/2.0.0/checker-compat-qual-2.0.0.jar:/home/tester/.m2/repository/com/google/errorprone/error_prone_annotations/2.1.3/error_prone_annotations-2.1.3.jar:/home/tester/.m2/repository/com/google/j2objc/j2objc-annotations/1.1/j2objc-annotations-1.1.jar:/home/tester/.m2/repository/org/codehaus/mojo/animal-sniffer-annotations/1.14/animal-sniffer-annotations-1.14.jar:/home/tester/.m2/repository/com/squareup/okhttp3/okhttp/3.11.0/okhttp-3.11.0.jar:/home/tester/.m2/repository/com/squareup/okio/okio/1.14.0/okio-1.14.0.jar:/home/tester/.m2/repository/ru/yandex/qatools/ashot/ashot/1.5.4/ashot-1.5.4.jar:/home/tester/.m2/repository/commons-io/commons-io/2.5/commons-io-2.5.jar:/home/tester/.m2/repository/com/google/code/gson/gson/2.6.2/gson-2.6.2.jar:/home/tester/.m2/repository/org/hamcrest/hamcrest-core/1.3/hamcrest-core-1.3.jar org.testng.remote.RemoteTestNG -serport 41961 -protocol json -d /home/tester/Desktop/123432/Automation-ManualTesting/OrangeHRMSeleniumTest/AutomationTestNG/test-output /home/tester/Desktop/123432/Automation-ManualTesting/OrangeHRMSeleniumTest/AutomationTestNG/StartAllTests.xml

!ENTRY org.testng.eclipse 1 0 2020-11-10 18:19:59.684
!MESSAGE [TestNGLaunchConfigurationDelegate] Launching:
  Classpath: /home/tester/.eclipse/org.eclipse.platform_4.5.2_1473617060_linux_gtk_x86_64/configuration/org.eclipse.osgi/925/0/.cp/lib/testng-remote.jar /home/tester/Desktop/123432/Automation-ManualTesting/OrangeHRMSeleniumTest/AutomationTestNG/target/test-classes /home/tester/Desktop/123432/Automation-ManualTesting/OrangeHRMSeleniumTest/AutomationTestNG/target/classes /home/tester/.m2/repository/org/testng/testng/6.5.1/testng-6.5.1.jar /home/tester/.m2/repository/junit/junit/4.10/junit-4.10.jar /home/tester/.m2/repository/org/beanshell/bsh/2.0b4/bsh-2.0b4.jar /home/tester/.m2/repository/com/beust/jcommander/1.12/jcommander-1.12.jar /home/tester/.m2/repository/org/yaml/snakeyaml/1.6/snakeyaml-1.6.jar /home/tester/.m2/repository/org/seleniumhq/selenium/selenium-java/3.141.59/selenium-java-3.141.59.jar /home/tester/.m2/repository/org/seleniumhq/selenium/selenium-api/3.141.59/selenium-api-3.141.59.jar /home/tester/.m2/repository/org/seleniumhq/selenium/selenium-chrome-driver/3.141.59/selenium-chrome-driver-3.141.59.jar /home/tester/.m2/repository/org/seleniumhq/selenium/selenium-edge-driver/3.141.59/selenium-edge-driver-3.141.59.jar /home/tester/.m2/repository/org/seleniumhq/selenium/selenium-firefox-driver/3.141.59/selenium-firefox-driver-3.141.59.jar /home/tester/.m2/repository/org/seleniumhq/selenium/selenium-ie-driver/3.141.59/selenium-ie-driver-3.141.59.jar /home/tester/.m2/repository/org/seleniumhq/selenium/selenium-opera-driver/3.141.59/selenium-opera-driver-3.141.59.jar /home/tester/.m2/repository/org/seleniumhq/selenium/selenium-remote-driver/3.141.59/selenium-remote-driver-3.141.59.jar /home/tester/.m2/repository/org/seleniumhq/selenium/selenium-safari-driver/3.141.59/selenium-safari-driver-3.141.59.jar /home/tester/.m2/repository/org/seleniumhq/selenium/selenium-support/3.141.59/selenium-support-3.141.59.jar /home/tester/.m2/repository/net/bytebuddy/byte-buddy/1.8.15/byte-buddy-1.8.15.jar /home/tester/.m2/repository/org/apache/commons/commons-exec/1.3/commons-exec-1.3.jar /home/tester/.m2/repository/com/google/guava/guava/25.0-jre/guava-25.0-jre.jar /home/tester/.m2/repository/com/google/code/findbugs/jsr305/1.3.9/jsr305-1.3.9.jar /home/tester/.m2/repository/org/checkerframework/checker-compat-qual/2.0.0/checker-compat-qual-2.0.0.jar /home/tester/.m2/repository/com/google/errorprone/error_prone_annotations/2.1.3/error_prone_annotations-2.1.3.jar /home/tester/.m2/repository/com/google/j2objc/j2objc-annotations/1.1/j2objc-annotations-1.1.jar /home/tester/.m2/repository/org/codehaus/mojo/animal-sniffer-annotations/1.14/animal-sniffer-annotations-1.14.jar /home/tester/.m2/repository/com/squareup/okhttp3/okhttp/3.11.0/okhttp-3.11.0.jar /home/tester/.m2/repository/com/squareup/okio/okio/1.14.0/okio-1.14.0.jar /home/tester/.m2/repository/ru/yandex/qatools/ashot/ashot/1.5.4/ashot-1.5.4.jar /home/tester/.m2/repository/commons-io/commons-io/2.5/commons-io-2.5.jar /home/tester/.m2/repository/com/google/code/gson/gson/2.6.2/gson-2.6.2.jar /home/tester/.m2/repository/org/hamcrest/hamcrest-core/1.3/hamcrest-core-1.3.jar
  VMArgs:    -ea
  Class:     org.testng.remote.RemoteTestNG
  Args:      -serport 33026 -protocol json -d /home/tester/Desktop/123432/Automation-ManualTesting/OrangeHRMSeleniumTest/AutomationTestNG/test-output /tmp/testng-eclipse-1971085551/testng-customsuite.xml
java -ea -classpath /home/tester/.eclipse/org.eclipse.platform_4.5.2_1473617060_linux_gtk_x86_64/configuration/org.eclipse.osgi/925/0/.cp/lib/testng-remote.jar:/home/tester/Desktop/123432/Automation-ManualTesting/OrangeHRMSeleniumTest/AutomationTestNG/target/test-classes:/home/tester/Desktop/123432/Automation-ManualTesting/OrangeHRMSeleniumTest/AutomationTestNG/target/classes:/home/tester/.m2/repository/org/testng/testng/6.5.1/testng-6.5.1.jar:/home/tester/.m2/repository/junit/junit/4.10/junit-4.10.jar:/home/tester/.m2/repository/org/beanshell/bsh/2.0b4/bsh-2.0b4.jar:/home/tester/.m2/repository/com/beust/jcommander/1.12/jcommander-1.12.jar:/home/tester/.m2/repository/org/yaml/snakeyaml/1.6/snakeyaml-1.6.jar:/home/tester/.m2/repository/org/seleniumhq/selenium/selenium-java/3.141.59/selenium-java-3.141.59.jar:/home/tester/.m2/repository/org/seleniumhq/selenium/selenium-api/3.141.59/selenium-api-3.141.59.jar:/home/tester/.m2/repository/org/seleniumhq/selenium/selenium-chrome-driver/3.141.59/selenium-chrome-driver-3.141.59.jar:/home/tester/.m2/repository/org/seleniumhq/selenium/selenium-edge-driver/3.141.59/selenium-edge-driver-3.141.59.jar:/home/tester/.m2/repository/org/seleniumhq/selenium/selenium-firefox-driver/3.141.59/selenium-firefox-driver-3.141.59.jar:/home/tester/.m2/repository/org/seleniumhq/selenium/selenium-ie-driver/3.141.59/selenium-ie-driver-3.141.59.jar:/home/tester/.m2/repository/org/seleniumhq/selenium/selenium-opera-driver/3.141.59/selenium-opera-driver-3.141.59.jar:/home/tester/.m2/repository/org/seleniumhq/selenium/selenium-remote-driver/3.141.59/selenium-remote-driver-3.141.59.jar:/home/tester/.m2/repository/org/seleniumhq/selenium/selenium-safari-driver/3.141.59/selenium-safari-driver-3.141.59.jar:/home/tester/.m2/repository/org/seleniumhq/selenium/selenium-support/3.141.59/selenium-support-3.141.59.jar:/home/tester/.m2/repository/net/bytebuddy/byte-buddy/1.8.15/byte-buddy-1.8.15.jar:/home/tester/.m2/repository/org/apache/commons/commons-exec/1.3/commons-exec-1.3.jar:/home/tester/.m2/repository/com/google/guava/guava/25.0-jre/guava-25.0-jre.jar:/home/tester/.m2/repository/com/google/code/findbugs/jsr305/1.3.9/jsr305-1.3.9.jar:/home/tester/.m2/repository/org/checkerframework/checker-compat-qual/2.0.0/checker-compat-qual-2.0.0.jar:/home/tester/.m2/repository/com/google/errorprone/error_prone_annotations/2.1.3/error_prone_annotations-2.1.3.jar:/home/tester/.m2/repository/com/google/j2objc/j2objc-annotations/1.1/j2objc-annotations-1.1.jar:/home/tester/.m2/repository/org/codehaus/mojo/animal-sniffer-annotations/1.14/animal-sniffer-annotations-1.14.jar:/home/tester/.m2/repository/com/squareup/okhttp3/okhttp/3.11.0/okhttp-3.11.0.jar:/home/tester/.m2/repository/com/squareup/okio/okio/1.14.0/okio-1.14.0.jar:/home/tester/.m2/repository/ru/yandex/qatools/ashot/ashot/1.5.4/ashot-1.5.4.jar:/home/tester/.m2/repository/commons-io/commons-io/2.5/commons-io-2.5.jar:/home/tester/.m2/repository/com/google/code/gson/gson/2.6.2/gson-2.6.2.jar:/home/tester/.m2/repository/org/hamcrest/hamcrest-core/1.3/hamcrest-core-1.3.jar org.testng.remote.RemoteTestNG -serport 33026 -protocol json -d /home/tester/Desktop/123432/Automation-ManualTesting/OrangeHRMSeleniumTest/AutomationTestNG/test-output /tmp/testng-eclipse-1971085551/testng-customsuite.xml

!ENTRY org.testng.eclipse 1 0 2020-11-10 18:24:28.614
!MESSAGE [TestNGLaunchConfigurationDelegate] Launching:
  Classpath: /home/tester/.eclipse/org.eclipse.platform_4.5.2_1473617060_linux_gtk_x86_64/configuration/org.eclipse.osgi/925/0/.cp/lib/testng-remote.jar /home/tester/Desktop/123432/Automation-ManualTesting/OrangeHRMSeleniumTest/AutomationTestNG/target/test-classes /home/tester/Desktop/123432/Automation-ManualTesting/OrangeHRMSeleniumTest/AutomationTestNG/target/classes /home/tester/.m2/repository/org/testng/testng/6.5.1/testng-6.5.1.jar /home/tester/.m2/repository/junit/junit/4.10/junit-4.10.jar /home/tester/.m2/repository/org/beanshell/bsh/2.0b4/bsh-2.0b4.jar /home/tester/.m2/repository/com/beust/jcommander/1.12/jcommander-1.12.jar /home/tester/.m2/repository/org/yaml/snakeyaml/1.6/snakeyaml-1.6.jar /home/tester/.m2/repository/org/seleniumhq/selenium/selenium-java/3.141.59/selenium-java-3.141.59.jar /home/tester/.m2/repository/org/seleniumhq/selenium/selenium-api/3.141.59/selenium-api-3.141.59.jar /home/tester/.m2/repository/org/seleniumhq/selenium/selenium-chrome-driver/3.141.59/selenium-chrome-driver-3.141.59.jar /home/tester/.m2/repository/org/seleniumhq/selenium/selenium-edge-driver/3.141.59/selenium-edge-driver-3.141.59.jar /home/tester/.m2/repository/org/seleniumhq/selenium/selenium-firefox-driver/3.141.59/selenium-firefox-driver-3.141.59.jar /home/tester/.m2/repository/org/seleniumhq/selenium/selenium-ie-driver/3.141.59/selenium-ie-driver-3.141.59.jar /home/tester/.m2/repository/org/seleniumhq/selenium/selenium-opera-driver/3.141.59/selenium-opera-driver-3.141.59.jar /home/tester/.m2/repository/org/seleniumhq/selenium/selenium-remote-driver/3.141.59/selenium-remote-driver-3.141.59.jar /home/tester/.m2/repository/org/seleniumhq/selenium/selenium-safari-driver/3.141.59/selenium-safari-driver-3.141.59.jar /home/tester/.m2/repository/org/seleniumhq/selenium/selenium-support/3.141.59/selenium-support-3.141.59.jar /home/tester/.m2/repository/net/bytebuddy/byte-buddy/1.8.15/byte-buddy-1.8.15.jar /home/tester/.m2/repository/org/apache/commons/commons-exec/1.3/commons-exec-1.3.jar /home/tester/.m2/repository/com/google/guava/guava/25.0-jre/guava-25.0-jre.jar /home/tester/.m2/repository/com/google/code/findbugs/jsr305/1.3.9/jsr305-1.3.9.jar /home/tester/.m2/repository/org/checkerframework/checker-compat-qual/2.0.0/checker-compat-qual-2.0.0.jar /home/tester/.m2/repository/com/google/errorprone/error_prone_annotations/2.1.3/error_prone_annotations-2.1.3.jar /home/tester/.m2/repository/com/google/j2objc/j2objc-annotations/1.1/j2objc-annotations-1.1.jar /home/tester/.m2/repository/org/codehaus/mojo/animal-sniffer-annotations/1.14/animal-sniffer-annotations-1.14.jar /home/tester/.m2/repository/com/squareup/okhttp3/okhttp/3.11.0/okhttp-3.11.0.jar /home/tester/.m2/repository/com/squareup/okio/okio/1.14.0/okio-1.14.0.jar /home/tester/.m2/repository/ru/yandex/qatools/ashot/ashot/1.5.4/ashot-1.5.4.jar /home/tester/.m2/repository/commons-io/commons-io/2.5/commons-io-2.5.jar /home/tester/.m2/repository/com/google/code/gson/gson/2.6.2/gson-2.6.2.jar /home/tester/.m2/repository/org/hamcrest/hamcrest-core/1.3/hamcrest-core-1.3.jar
  VMArgs:    -ea
  Class:     org.testng.remote.RemoteTestNG
  Args:      -serport 37370 -protocol json -d /home/tester/Desktop/123432/Automation-ManualTesting/OrangeHRMSeleniumTest/AutomationTestNG/test-output /tmp/testng-eclipse-2112256105/testng-customsuite.xml
java -ea -classpath /home/tester/.eclipse/org.eclipse.platform_4.5.2_1473617060_linux_gtk_x86_64/configuration/org.eclipse.osgi/925/0/.cp/lib/testng-remote.jar:/home/tester/Desktop/123432/Automation-ManualTesting/OrangeHRMSeleniumTest/AutomationTestNG/target/test-classes:/home/tester/Desktop/123432/Automation-ManualTesting/OrangeHRMSeleniumTest/AutomationTestNG/target/classes:/home/tester/.m2/repository/org/testng/testng/6.5.1/testng-6.5.1.jar:/home/tester/.m2/repository/junit/junit/4.10/junit-4.10.jar:/home/tester/.m2/repository/org/beanshell/bsh/2.0b4/bsh-2.0b4.jar:/home/tester/.m2/repository/com/beust/jcommander/1.12/jcommander-1.12.jar:/home/tester/.m2/repository/org/yaml/snakeyaml/1.6/snakeyaml-1.6.jar:/home/tester/.m2/repository/org/seleniumhq/selenium/selenium-java/3.141.59/selenium-java-3.141.59.jar:/home/tester/.m2/repository/org/seleniumhq/selenium/selenium-api/3.141.59/selenium-api-3.141.59.jar:/home/tester/.m2/repository/org/seleniumhq/selenium/selenium-chrome-driver/3.141.59/selenium-chrome-driver-3.141.59.jar:/home/tester/.m2/repository/org/seleniumhq/selenium/selenium-edge-driver/3.141.59/selenium-edge-driver-3.141.59.jar:/home/tester/.m2/repository/org/seleniumhq/selenium/selenium-firefox-driver/3.141.59/selenium-firefox-driver-3.141.59.jar:/home/tester/.m2/repository/org/seleniumhq/selenium/selenium-ie-driver/3.141.59/selenium-ie-driver-3.141.59.jar:/home/tester/.m2/repository/org/seleniumhq/selenium/selenium-opera-driver/3.141.59/selenium-opera-driver-3.141.59.jar:/home/tester/.m2/repository/org/seleniumhq/selenium/selenium-remote-driver/3.141.59/selenium-remote-driver-3.141.59.jar:/home/tester/.m2/repository/org/seleniumhq/selenium/selenium-safari-driver/3.141.59/selenium-safari-driver-3.141.59.jar:/home/tester/.m2/repository/org/seleniumhq/selenium/selenium-support/3.141.59/selenium-support-3.141.59.jar:/home/tester/.m2/repository/net/bytebuddy/byte-buddy/1.8.15/byte-buddy-1.8.15.jar:/home/tester/.m2/repository/org/apache/commons/commons-exec/1.3/commons-exec-1.3.jar:/home/tester/.m2/repository/com/google/guava/guava/25.0-jre/guava-25.0-jre.jar:/home/tester/.m2/repository/com/google/code/findbugs/jsr305/1.3.9/jsr305-1.3.9.jar:/home/tester/.m2/repository/org/checkerframework/checker-compat-qual/2.0.0/checker-compat-qual-2.0.0.jar:/home/tester/.m2/repository/com/google/errorprone/error_prone_annotations/2.1.3/error_prone_annotations-2.1.3.jar:/home/tester/.m2/repository/com/google/j2objc/j2objc-annotations/1.1/j2objc-annotations-1.1.jar:/home/tester/.m2/repository/org/codehaus/mojo/animal-sniffer-annotations/1.14/animal-sniffer-annotations-1.14.jar:/home/tester/.m2/repository/com/squareup/okhttp3/okhttp/3.11.0/okhttp-3.11.0.jar:/home/tester/.m2/repository/com/squareup/okio/okio/1.14.0/okio-1.14.0.jar:/home/tester/.m2/repository/ru/yandex/qatools/ashot/ashot/1.5.4/ashot-1.5.4.jar:/home/tester/.m2/repository/commons-io/commons-io/2.5/commons-io-2.5.jar:/home/tester/.m2/repository/com/google/code/gson/gson/2.6.2/gson-2.6.2.jar:/home/tester/.m2/repository/org/hamcrest/hamcrest-core/1.3/hamcrest-core-1.3.jar org.testng.remote.RemoteTestNG -serport 37370 -protocol json -d /home/tester/Desktop/123432/Automation-ManualTesting/OrangeHRMSeleniumTest/AutomationTestNG/test-output /tmp/testng-eclipse-2112256105/testng-customsuite.xml

!ENTRY org.testng.eclipse 1 0 2020-11-10 18:25:31.820
!MESSAGE [TestNGLaunchConfigurationDelegate] Launching:
  Classpath: /home/tester/.eclipse/org.eclipse.platform_4.5.2_1473617060_linux_gtk_x86_64/configuration/org.eclipse.osgi/925/0/.cp/lib/testng-remote.jar /home/tester/Desktop/123432/Automation-ManualTesting/OrangeHRMSeleniumTest/AutomationTestNG/target/test-classes /home/tester/Desktop/123432/Automation-ManualTesting/OrangeHRMSeleniumTest/AutomationTestNG/target/classes /home/tester/.m2/repository/org/testng/testng/6.5.1/testng-6.5.1.jar /home/tester/.m2/repository/junit/junit/4.10/junit-4.10.jar /home/tester/.m2/repository/org/beanshell/bsh/2.0b4/bsh-2.0b4.jar /home/tester/.m2/repository/com/beust/jcommander/1.12/jcommander-1.12.jar /home/tester/.m2/repository/org/yaml/snakeyaml/1.6/snakeyaml-1.6.jar /home/tester/.m2/repository/org/seleniumhq/selenium/selenium-java/3.141.59/selenium-java-3.141.59.jar /home/tester/.m2/repository/org/seleniumhq/selenium/selenium-api/3.141.59/selenium-api-3.141.59.jar /home/tester/.m2/repository/org/seleniumhq/selenium/selenium-chrome-driver/3.141.59/selenium-chrome-driver-3.141.59.jar /home/tester/.m2/repository/org/seleniumhq/selenium/selenium-edge-driver/3.141.59/selenium-edge-driver-3.141.59.jar /home/tester/.m2/repository/org/seleniumhq/selenium/selenium-firefox-driver/3.141.59/selenium-firefox-driver-3.141.59.jar /home/tester/.m2/repository/org/seleniumhq/selenium/selenium-ie-driver/3.141.59/selenium-ie-driver-3.141.59.jar /home/tester/.m2/repository/org/seleniumhq/selenium/selenium-opera-driver/3.141.59/selenium-opera-driver-3.141.59.jar /home/tester/.m2/repository/org/seleniumhq/selenium/selenium-remote-driver/3.141.59/selenium-remote-driver-3.141.59.jar /home/tester/.m2/repository/org/seleniumhq/selenium/selenium-safari-driver/3.141.59/selenium-safari-driver-3.141.59.jar /home/tester/.m2/repository/org/seleniumhq/selenium/selenium-support/3.141.59/selenium-support-3.141.59.jar /home/tester/.m2/repository/net/bytebuddy/byte-buddy/1.8.15/byte-buddy-1.8.15.jar /home/tester/.m2/repository/org/apache/commons/commons-exec/1.3/commons-exec-1.3.jar /home/tester/.m2/repository/com/google/guava/guava/25.0-jre/guava-25.0-jre.jar /home/tester/.m2/repository/com/google/code/findbugs/jsr305/1.3.9/jsr305-1.3.9.jar /home/tester/.m2/repository/org/checkerframework/checker-compat-qual/2.0.0/checker-compat-qual-2.0.0.jar /home/tester/.m2/repository/com/google/errorprone/error_prone_annotations/2.1.3/error_prone_annotations-2.1.3.jar /home/tester/.m2/repository/com/google/j2objc/j2objc-annotations/1.1/j2objc-annotations-1.1.jar /home/tester/.m2/repository/org/codehaus/mojo/animal-sniffer-annotations/1.14/animal-sniffer-annotations-1.14.jar /home/tester/.m2/repository/com/squareup/okhttp3/okhttp/3.11.0/okhttp-3.11.0.jar /home/tester/.m2/repository/com/squareup/okio/okio/1.14.0/okio-1.14.0.jar /home/tester/.m2/repository/ru/yandex/qatools/ashot/ashot/1.5.4/ashot-1.5.4.jar /home/tester/.m2/repository/commons-io/commons-io/2.5/commons-io-2.5.jar /home/tester/.m2/repository/com/google/code/gson/gson/2.6.2/gson-2.6.2.jar /home/tester/.m2/repository/org/hamcrest/hamcrest-core/1.3/hamcrest-core-1.3.jar
  VMArgs:    -ea
  Class:     org.testng.remote.RemoteTestNG
  Args:      -serport 42146 -protocol json -d /home/tester/Desktop/123432/Automation-ManualTesting/OrangeHRMSeleniumTest/AutomationTestNG/test-output /tmp/testng-eclipse-234737312/testng-customsuite.xml
java -ea -classpath /home/tester/.eclipse/org.eclipse.platform_4.5.2_1473617060_linux_gtk_x86_64/configuration/org.eclipse.osgi/925/0/.cp/lib/testng-remote.jar:/home/tester/Desktop/123432/Automation-ManualTesting/OrangeHRMSeleniumTest/AutomationTestNG/target/test-classes:/home/tester/Desktop/123432/Automation-ManualTesting/OrangeHRMSeleniumTest/AutomationTestNG/target/classes:/home/tester/.m2/repository/org/testng/testng/6.5.1/testng-6.5.1.jar:/home/tester/.m2/repository/junit/junit/4.10/junit-4.10.jar:/home/tester/.m2/repository/org/beanshell/bsh/2.0b4/bsh-2.0b4.jar:/home/tester/.m2/repository/com/beust/jcommander/1.12/jcommander-1.12.jar:/home/tester/.m2/repository/org/yaml/snakeyaml/1.6/snakeyaml-1.6.jar:/home/tester/.m2/repository/org/seleniumhq/selenium/selenium-java/3.141.59/selenium-java-3.141.59.jar:/home/tester/.m2/repository/org/seleniumhq/selenium/selenium-api/3.141.59/selenium-api-3.141.59.jar:/home/tester/.m2/repository/org/seleniumhq/selenium/selenium-chrome-driver/3.141.59/selenium-chrome-driver-3.141.59.jar:/home/tester/.m2/repository/org/seleniumhq/selenium/selenium-edge-driver/3.141.59/selenium-edge-driver-3.141.59.jar:/home/tester/.m2/repository/org/seleniumhq/selenium/selenium-firefox-driver/3.141.59/selenium-firefox-driver-3.141.59.jar:/home/tester/.m2/repository/org/seleniumhq/selenium/selenium-ie-driver/3.141.59/selenium-ie-driver-3.141.59.jar:/home/tester/.m2/repository/org/seleniumhq/selenium/selenium-opera-driver/3.141.59/selenium-opera-driver-3.141.59.jar:/home/tester/.m2/repository/org/seleniumhq/selenium/selenium-remote-driver/3.141.59/selenium-remote-driver-3.141.59.jar:/home/tester/.m2/repository/org/seleniumhq/selenium/selenium-safari-driver/3.141.59/selenium-safari-driver-3.141.59.jar:/home/tester/.m2/repository/org/seleniumhq/selenium/selenium-support/3.141.59/selenium-support-3.141.59.jar:/home/tester/.m2/repository/net/bytebuddy/byte-buddy/1.8.15/byte-buddy-1.8.15.jar:/home/tester/.m2/repository/org/apache/commons/commons-exec/1.3/commons-exec-1.3.jar:/home/tester/.m2/repository/com/google/guava/guava/25.0-jre/guava-25.0-jre.jar:/home/tester/.m2/repository/com/google/code/findbugs/jsr305/1.3.9/jsr305-1.3.9.jar:/home/tester/.m2/repository/org/checkerframework/checker-compat-qual/2.0.0/checker-compat-qual-2.0.0.jar:/home/tester/.m2/repository/com/google/errorprone/error_prone_annotations/2.1.3/error_prone_annotations-2.1.3.jar:/home/tester/.m2/repository/com/google/j2objc/j2objc-annotations/1.1/j2objc-annotations-1.1.jar:/home/tester/.m2/repository/org/codehaus/mojo/animal-sniffer-annotations/1.14/animal-sniffer-annotations-1.14.jar:/home/tester/.m2/repository/com/squareup/okhttp3/okhttp/3.11.0/okhttp-3.11.0.jar:/home/tester/.m2/repository/com/squareup/okio/okio/1.14.0/okio-1.14.0.jar:/home/tester/.m2/repository/ru/yandex/qatools/ashot/ashot/1.5.4/ashot-1.5.4.jar:/home/tester/.m2/repository/commons-io/commons-io/2.5/commons-io-2.5.jar:/home/tester/.m2/repository/com/google/code/gson/gson/2.6.2/gson-2.6.2.jar:/home/tester/.m2/repository/org/hamcrest/hamcrest-core/1.3/hamcrest-core-1.3.jar org.testng.remote.RemoteTestNG -serport 42146 -protocol json -d /home/tester/Desktop/123432/Automation-ManualTesting/OrangeHRMSeleniumTest/AutomationTestNG/test-output /tmp/testng-eclipse-234737312/testng-customsuite.xml

!ENTRY org.testng.eclipse 1 0 2020-11-10 18:26:10.632
!MESSAGE [TestNGLaunchConfigurationDelegate] Launching:
  Classpath: /home/tester/.eclipse/org.eclipse.platform_4.5.2_1473617060_linux_gtk_x86_64/configuration/org.eclipse.osgi/925/0/.cp/lib/testng-remote.jar /home/tester/Desktop/123432/Automation-ManualTesting/OrangeHRMSeleniumTest/AutomationTestNG/target/test-classes /home/tester/Desktop/123432/Automation-ManualTesting/OrangeHRMSeleniumTest/AutomationTestNG/target/classes /home/tester/.m2/repository/org/testng/testng/6.5.1/testng-6.5.1.jar /home/tester/.m2/repository/junit/junit/4.10/junit-4.10.jar /home/tester/.m2/repository/org/beanshell/bsh/2.0b4/bsh-2.0b4.jar /home/tester/.m2/repository/com/beust/jcommander/1.12/jcommander-1.12.jar /home/tester/.m2/repository/org/yaml/snakeyaml/1.6/snakeyaml-1.6.jar /home/tester/.m2/repository/org/seleniumhq/selenium/selenium-java/3.141.59/selenium-java-3.141.59.jar /home/tester/.m2/repository/org/seleniumhq/selenium/selenium-api/3.141.59/selenium-api-3.141.59.jar /home/tester/.m2/repository/org/seleniumhq/selenium/selenium-chrome-driver/3.141.59/selenium-chrome-driver-3.141.59.jar /home/tester/.m2/repository/org/seleniumhq/selenium/selenium-edge-driver/3.141.59/selenium-edge-driver-3.141.59.jar /home/tester/.m2/repository/org/seleniumhq/selenium/selenium-firefox-driver/3.141.59/selenium-firefox-driver-3.141.59.jar /home/tester/.m2/repository/org/seleniumhq/selenium/selenium-ie-driver/3.141.59/selenium-ie-driver-3.141.59.jar /home/tester/.m2/repository/org/seleniumhq/selenium/selenium-opera-driver/3.141.59/selenium-opera-driver-3.141.59.jar /home/tester/.m2/repository/org/seleniumhq/selenium/selenium-remote-driver/3.141.59/selenium-remote-driver-3.141.59.jar /home/tester/.m2/repository/org/seleniumhq/selenium/selenium-safari-driver/3.141.59/selenium-safari-driver-3.141.59.jar /home/tester/.m2/repository/org/seleniumhq/selenium/selenium-support/3.141.59/selenium-support-3.141.59.jar /home/tester/.m2/repository/net/bytebuddy/byte-buddy/1.8.15/byte-buddy-1.8.15.jar /home/tester/.m2/repository/org/apache/commons/commons-exec/1.3/commons-exec-1.3.jar /home/tester/.m2/repository/com/google/guava/guava/25.0-jre/guava-25.0-jre.jar /home/tester/.m2/repository/com/google/code/findbugs/jsr305/1.3.9/jsr305-1.3.9.jar /home/tester/.m2/repository/org/checkerframework/checker-compat-qual/2.0.0/checker-compat-qual-2.0.0.jar /home/tester/.m2/repository/com/google/errorprone/error_prone_annotations/2.1.3/error_prone_annotations-2.1.3.jar /home/tester/.m2/repository/com/google/j2objc/j2objc-annotations/1.1/j2objc-annotations-1.1.jar /home/tester/.m2/repository/org/codehaus/mojo/animal-sniffer-annotations/1.14/animal-sniffer-annotations-1.14.jar /home/tester/.m2/repository/com/squareup/okhttp3/okhttp/3.11.0/okhttp-3.11.0.jar /home/tester/.m2/repository/com/squareup/okio/okio/1.14.0/okio-1.14.0.jar /home/tester/.m2/repository/ru/yandex/qatools/ashot/ashot/1.5.4/ashot-1.5.4.jar /home/tester/.m2/repository/commons-io/commons-io/2.5/commons-io-2.5.jar /home/tester/.m2/repository/com/google/code/gson/gson/2.6.2/gson-2.6.2.jar /home/tester/.m2/repository/org/hamcrest/hamcrest-core/1.3/hamcrest-core-1.3.jar
  VMArgs:    -ea
  Class:     org.testng.remote.RemoteTestNG
  Args:      -serport 41296 -protocol json -d /home/tester/Desktop/123432/Automation-ManualTesting/OrangeHRMSeleniumTest/AutomationTestNG/test-output /tmp/testng-eclipse-107262833/testng-customsuite.xml
java -ea -classpath /home/tester/.eclipse/org.eclipse.platform_4.5.2_1473617060_linux_gtk_x86_64/configuration/org.eclipse.osgi/925/0/.cp/lib/testng-remote.jar:/home/tester/Desktop/123432/Automation-ManualTesting/OrangeHRMSeleniumTest/AutomationTestNG/target/test-classes:/home/tester/Desktop/123432/Automation-ManualTesting/OrangeHRMSeleniumTest/AutomationTestNG/target/classes:/home/tester/.m2/repository/org/testng/testng/6.5.1/testng-6.5.1.jar:/home/tester/.m2/repository/junit/junit/4.10/junit-4.10.jar:/home/tester/.m2/repository/org/beanshell/bsh/2.0b4/bsh-2.0b4.jar:/home/tester/.m2/repository/com/beust/jcommander/1.12/jcommander-1.12.jar:/home/tester/.m2/repository/org/yaml/snakeyaml/1.6/snakeyaml-1.6.jar:/home/tester/.m2/repository/org/seleniumhq/selenium/selenium-java/3.141.59/selenium-java-3.141.59.jar:/home/tester/.m2/repository/org/seleniumhq/selenium/selenium-api/3.141.59/selenium-api-3.141.59.jar:/home/tester/.m2/repository/org/seleniumhq/selenium/selenium-chrome-driver/3.141.59/selenium-chrome-driver-3.141.59.jar:/home/tester/.m2/repository/org/seleniumhq/selenium/selenium-edge-driver/3.141.59/selenium-edge-driver-3.141.59.jar:/home/tester/.m2/repository/org/seleniumhq/selenium/selenium-firefox-driver/3.141.59/selenium-firefox-driver-3.141.59.jar:/home/tester/.m2/repository/org/seleniumhq/selenium/selenium-ie-driver/3.141.59/selenium-ie-driver-3.141.59.jar:/home/tester/.m2/repository/org/seleniumhq/selenium/selenium-opera-driver/3.141.59/selenium-opera-driver-3.141.59.jar:/home/tester/.m2/repository/org/seleniumhq/selenium/selenium-remote-driver/3.141.59/selenium-remote-driver-3.141.59.jar:/home/tester/.m2/repository/org/seleniumhq/selenium/selenium-safari-driver/3.141.59/selenium-safari-driver-3.141.59.jar:/home/tester/.m2/repository/org/seleniumhq/selenium/selenium-support/3.141.59/selenium-support-3.141.59.jar:/home/tester/.m2/repository/net/bytebuddy/byte-buddy/1.8.15/byte-buddy-1.8.15.jar:/home/tester/.m2/repository/org/apache/commons/commons-exec/1.3/commons-exec-1.3.jar:/home/tester/.m2/repository/com/google/guava/guava/25.0-jre/guava-25.0-jre.jar:/home/tester/.m2/repository/com/google/code/findbugs/jsr305/1.3.9/jsr305-1.3.9.jar:/home/tester/.m2/repository/org/checkerframework/checker-compat-qual/2.0.0/checker-compat-qual-2.0.0.jar:/home/tester/.m2/repository/com/google/errorprone/error_prone_annotations/2.1.3/error_prone_annotations-2.1.3.jar:/home/tester/.m2/repository/com/google/j2objc/j2objc-annotations/1.1/j2objc-annotations-1.1.jar:/home/tester/.m2/repository/org/codehaus/mojo/animal-sniffer-annotations/1.14/animal-sniffer-annotations-1.14.jar:/home/tester/.m2/repository/com/squareup/okhttp3/okhttp/3.11.0/okhttp-3.11.0.jar:/home/tester/.m2/repository/com/squareup/okio/okio/1.14.0/okio-1.14.0.jar:/home/tester/.m2/repository/ru/yandex/qatools/ashot/ashot/1.5.4/ashot-1.5.4.jar:/home/tester/.m2/repository/commons-io/commons-io/2.5/commons-io-2.5.jar:/home/tester/.m2/repository/com/google/code/gson/gson/2.6.2/gson-2.6.2.jar:/home/tester/.m2/repository/org/hamcrest/hamcrest-core/1.3/hamcrest-core-1.3.jar org.testng.remote.RemoteTestNG -serport 41296 -protocol json -d /home/tester/Desktop/123432/Automation-ManualTesting/OrangeHRMSeleniumTest/AutomationTestNG/test-output /tmp/testng-eclipse-107262833/testng-customsuite.xml

!ENTRY org.testng.eclipse 1 0 2020-11-10 18:27:21.694
!MESSAGE [TestNGLaunchConfigurationDelegate] Launching:
  Classpath: /home/tester/.eclipse/org.eclipse.platform_4.5.2_1473617060_linux_gtk_x86_64/configuration/org.eclipse.osgi/925/0/.cp/lib/testng-remote.jar /home/tester/Desktop/123432/Automation-ManualTesting/OrangeHRMSeleniumTest/AutomationTestNG/target/test-classes /home/tester/Desktop/123432/Automation-ManualTesting/OrangeHRMSeleniumTest/AutomationTestNG/target/classes /home/tester/.m2/repository/org/testng/testng/6.5.1/testng-6.5.1.jar /home/tester/.m2/repository/junit/junit/4.10/junit-4.10.jar /home/tester/.m2/repository/org/beanshell/bsh/2.0b4/bsh-2.0b4.jar /home/tester/.m2/repository/com/beust/jcommander/1.12/jcommander-1.12.jar /home/tester/.m2/repository/org/yaml/snakeyaml/1.6/snakeyaml-1.6.jar /home/tester/.m2/repository/org/seleniumhq/selenium/selenium-java/3.141.59/selenium-java-3.141.59.jar /home/tester/.m2/repository/org/seleniumhq/selenium/selenium-api/3.141.59/selenium-api-3.141.59.jar /home/tester/.m2/repository/org/seleniumhq/selenium/selenium-chrome-driver/3.141.59/selenium-chrome-driver-3.141.59.jar /home/tester/.m2/repository/org/seleniumhq/selenium/selenium-edge-driver/3.141.59/selenium-edge-driver-3.141.59.jar /home/tester/.m2/repository/org/seleniumhq/selenium/selenium-firefox-driver/3.141.59/selenium-firefox-driver-3.141.59.jar /home/tester/.m2/repository/org/seleniumhq/selenium/selenium-ie-driver/3.141.59/selenium-ie-driver-3.141.59.jar /home/tester/.m2/repository/org/seleniumhq/selenium/selenium-opera-driver/3.141.59/selenium-opera-driver-3.141.59.jar /home/tester/.m2/repository/org/seleniumhq/selenium/selenium-remote-driver/3.141.59/selenium-remote-driver-3.141.59.jar /home/tester/.m2/repository/org/seleniumhq/selenium/selenium-safari-driver/3.141.59/selenium-safari-driver-3.141.59.jar /home/tester/.m2/repository/org/seleniumhq/selenium/selenium-support/3.141.59/selenium-support-3.141.59.jar /home/tester/.m2/repository/net/bytebuddy/byte-buddy/1.8.15/byte-buddy-1.8.15.jar /home/tester/.m2/repository/org/apache/commons/commons-exec/1.3/commons-exec-1.3.jar /home/tester/.m2/repository/com/google/guava/guava/25.0-jre/guava-25.0-jre.jar /home/tester/.m2/repository/com/google/code/findbugs/jsr305/1.3.9/jsr305-1.3.9.jar /home/tester/.m2/repository/org/checkerframework/checker-compat-qual/2.0.0/checker-compat-qual-2.0.0.jar /home/tester/.m2/repository/com/google/errorprone/error_prone_annotations/2.1.3/error_prone_annotations-2.1.3.jar /home/tester/.m2/repository/com/google/j2objc/j2objc-annotations/1.1/j2objc-annotations-1.1.jar /home/tester/.m2/repository/org/codehaus/mojo/animal-sniffer-annotations/1.14/animal-sniffer-annotations-1.14.jar /home/tester/.m2/repository/com/squareup/okhttp3/okhttp/3.11.0/okhttp-3.11.0.jar /home/tester/.m2/repository/com/squareup/okio/okio/1.14.0/okio-1.14.0.jar /home/tester/.m2/repository/ru/yandex/qatools/ashot/ashot/1.5.4/ashot-1.5.4.jar /home/tester/.m2/repository/commons-io/commons-io/2.5/commons-io-2.5.jar /home/tester/.m2/repository/com/google/code/gson/gson/2.6.2/gson-2.6.2.jar /home/tester/.m2/repository/org/hamcrest/hamcrest-core/1.3/hamcrest-core-1.3.jar
  VMArgs:    -ea
  Class:     org.testng.remote.RemoteTestNG
  Args:      -serport 46819 -protocol json -d /home/tester/Desktop/123432/Automation-ManualTesting/OrangeHRMSeleniumTest/AutomationTestNG/test-output /tmp/testng-eclipse-44472141/testng-customsuite.xml
java -ea -classpath /home/tester/.eclipse/org.eclipse.platform_4.5.2_1473617060_linux_gtk_x86_64/configuration/org.eclipse.osgi/925/0/.cp/lib/testng-remote.jar:/home/tester/Desktop/123432/Automation-ManualTesting/OrangeHRMSeleniumTest/AutomationTestNG/target/test-classes:/home/tester/Desktop/123432/Automation-ManualTesting/OrangeHRMSeleniumTest/AutomationTestNG/target/classes:/home/tester/.m2/repository/org/testng/testng/6.5.1/testng-6.5.1.jar:/home/tester/.m2/repository/junit/junit/4.10/junit-4.10.jar:/home/tester/.m2/repository/org/beanshell/bsh/2.0b4/bsh-2.0b4.jar:/home/tester/.m2/repository/com/beust/jcommander/1.12/jcommander-1.12.jar:/home/tester/.m2/repository/org/yaml/snakeyaml/1.6/snakeyaml-1.6.jar:/home/tester/.m2/repository/org/seleniumhq/selenium/selenium-java/3.141.59/selenium-java-3.141.59.jar:/home/tester/.m2/repository/org/seleniumhq/selenium/selenium-api/3.141.59/selenium-api-3.141.59.jar:/home/tester/.m2/repository/org/seleniumhq/selenium/selenium-chrome-driver/3.141.59/selenium-chrome-driver-3.141.59.jar:/home/tester/.m2/repository/org/seleniumhq/selenium/selenium-edge-driver/3.141.59/selenium-edge-driver-3.141.59.jar:/home/tester/.m2/repository/org/seleniumhq/selenium/selenium-firefox-driver/3.141.59/selenium-firefox-driver-3.141.59.jar:/home/tester/.m2/repository/org/seleniumhq/selenium/selenium-ie-driver/3.141.59/selenium-ie-driver-3.141.59.jar:/home/tester/.m2/repository/org/seleniumhq/selenium/selenium-opera-driver/3.141.59/selenium-opera-driver-3.141.59.jar:/home/tester/.m2/repository/org/seleniumhq/selenium/selenium-remote-driver/3.141.59/selenium-remote-driver-3.141.59.jar:/home/tester/.m2/repository/org/seleniumhq/selenium/selenium-safari-driver/3.141.59/selenium-safari-driver-3.141.59.jar:/home/tester/.m2/repository/org/seleniumhq/selenium/selenium-support/3.141.59/selenium-support-3.141.59.jar:/home/tester/.m2/repository/net/bytebuddy/byte-buddy/1.8.15/byte-buddy-1.8.15.jar:/home/tester/.m2/repository/org/apache/commons/commons-exec/1.3/commons-exec-1.3.jar:/home/tester/.m2/repository/com/google/guava/guava/25.0-jre/guava-25.0-jre.jar:/home/tester/.m2/repository/com/google/code/findbugs/jsr305/1.3.9/jsr305-1.3.9.jar:/home/tester/.m2/repository/org/checkerframework/checker-compat-qual/2.0.0/checker-compat-qual-2.0.0.jar:/home/tester/.m2/repository/com/google/errorprone/error_prone_annotations/2.1.3/error_prone_annotations-2.1.3.jar:/home/tester/.m2/repository/com/google/j2objc/j2objc-annotations/1.1/j2objc-annotations-1.1.jar:/home/tester/.m2/repository/org/codehaus/mojo/animal-sniffer-annotations/1.14/animal-sniffer-annotations-1.14.jar:/home/tester/.m2/repository/com/squareup/okhttp3/okhttp/3.11.0/okhttp-3.11.0.jar:/home/tester/.m2/repository/com/squareup/okio/okio/1.14.0/okio-1.14.0.jar:/home/tester/.m2/repository/ru/yandex/qatools/ashot/ashot/1.5.4/ashot-1.5.4.jar:/home/tester/.m2/repository/commons-io/commons-io/2.5/commons-io-2.5.jar:/home/tester/.m2/repository/com/google/code/gson/gson/2.6.2/gson-2.6.2.jar:/home/tester/.m2/repository/org/hamcrest/hamcrest-core/1.3/hamcrest-core-1.3.jar org.testng.remote.RemoteTestNG -serport 46819 -protocol json -d /home/tester/Desktop/123432/Automation-ManualTesting/OrangeHRMSeleniumTest/AutomationTestNG/test-output /tmp/testng-eclipse-44472141/testng-customsuite.xml

!ENTRY org.testng.eclipse 1 0 2020-11-10 18:28:14.839
!MESSAGE [TestNGLaunchConfigurationDelegate] Launching:
  Classpath: /home/tester/.eclipse/org.eclipse.platform_4.5.2_1473617060_linux_gtk_x86_64/configuration/org.eclipse.osgi/925/0/.cp/lib/testng-remote.jar /home/tester/Desktop/123432/Automation-ManualTesting/OrangeHRMSeleniumTest/AutomationTestNG/target/test-classes /home/tester/Desktop/123432/Automation-ManualTesting/OrangeHRMSeleniumTest/AutomationTestNG/target/classes /home/tester/.m2/repository/org/testng/testng/6.5.1/testng-6.5.1.jar /home/tester/.m2/repository/junit/junit/4.10/junit-4.10.jar /home/tester/.m2/repository/org/beanshell/bsh/2.0b4/bsh-2.0b4.jar /home/tester/.m2/repository/com/beust/jcommander/1.12/jcommander-1.12.jar /home/tester/.m2/repository/org/yaml/snakeyaml/1.6/snakeyaml-1.6.jar /home/tester/.m2/repository/org/seleniumhq/selenium/selenium-java/3.141.59/selenium-java-3.141.59.jar /home/tester/.m2/repository/org/seleniumhq/selenium/selenium-api/3.141.59/selenium-api-3.141.59.jar /home/tester/.m2/repository/org/seleniumhq/selenium/selenium-chrome-driver/3.141.59/selenium-chrome-driver-3.141.59.jar /home/tester/.m2/repository/org/seleniumhq/selenium/selenium-edge-driver/3.141.59/selenium-edge-driver-3.141.59.jar /home/tester/.m2/repository/org/seleniumhq/selenium/selenium-firefox-driver/3.141.59/selenium-firefox-driver-3.141.59.jar /home/tester/.m2/repository/org/seleniumhq/selenium/selenium-ie-driver/3.141.59/selenium-ie-driver-3.141.59.jar /home/tester/.m2/repository/org/seleniumhq/selenium/selenium-opera-driver/3.141.59/selenium-opera-driver-3.141.59.jar /home/tester/.m2/repository/org/seleniumhq/selenium/selenium-remote-driver/3.141.59/selenium-remote-driver-3.141.59.jar /home/tester/.m2/repository/org/seleniumhq/selenium/selenium-safari-driver/3.141.59/selenium-safari-driver-3.141.59.jar /home/tester/.m2/repository/org/seleniumhq/selenium/selenium-support/3.141.59/selenium-support-3.141.59.jar /home/tester/.m2/repository/net/bytebuddy/byte-buddy/1.8.15/byte-buddy-1.8.15.jar /home/tester/.m2/repository/org/apache/commons/commons-exec/1.3/commons-exec-1.3.jar /home/tester/.m2/repository/com/google/guava/guava/25.0-jre/guava-25.0-jre.jar /home/tester/.m2/repository/com/google/code/findbugs/jsr305/1.3.9/jsr305-1.3.9.jar /home/tester/.m2/repository/org/checkerframework/checker-compat-qual/2.0.0/checker-compat-qual-2.0.0.jar /home/tester/.m2/repository/com/google/errorprone/error_prone_annotations/2.1.3/error_prone_annotations-2.1.3.jar /home/tester/.m2/repository/com/google/j2objc/j2objc-annotations/1.1/j2objc-annotations-1.1.jar /home/tester/.m2/repository/org/codehaus/mojo/animal-sniffer-annotations/1.14/animal-sniffer-annotations-1.14.jar /home/tester/.m2/repository/com/squareup/okhttp3/okhttp/3.11.0/okhttp-3.11.0.jar /home/tester/.m2/repository/com/squareup/okio/okio/1.14.0/okio-1.14.0.jar /home/tester/.m2/repository/ru/yandex/qatools/ashot/ashot/1.5.4/ashot-1.5.4.jar /home/tester/.m2/repository/commons-io/commons-io/2.5/commons-io-2.5.jar /home/tester/.m2/repository/com/google/code/gson/gson/2.6.2/gson-2.6.2.jar /home/tester/.m2/repository/org/hamcrest/hamcrest-core/1.3/hamcrest-core-1.3.jar
  VMArgs:    -ea
  Class:     org.testng.remote.RemoteTestNG
  Args:      -serport 44976 -protocol json -d /home/tester/Desktop/123432/Automation-ManualTesting/OrangeHRMSeleniumTest/AutomationTestNG/test-output /tmp/testng-eclipse--1289574889/testng-customsuite.xml
java -ea -classpath /home/tester/.eclipse/org.eclipse.platform_4.5.2_1473617060_linux_gtk_x86_64/configuration/org.eclipse.osgi/925/0/.cp/lib/testng-remote.jar:/home/tester/Desktop/123432/Automation-ManualTesting/OrangeHRMSeleniumTest/AutomationTestNG/target/test-classes:/home/tester/Desktop/123432/Automation-ManualTesting/OrangeHRMSeleniumTest/AutomationTestNG/target/classes:/home/tester/.m2/repository/org/testng/testng/6.5.1/testng-6.5.1.jar:/home/tester/.m2/repository/junit/junit/4.10/junit-4.10.jar:/home/tester/.m2/repository/org/beanshell/bsh/2.0b4/bsh-2.0b4.jar:/home/tester/.m2/repository/com/beust/jcommander/1.12/jcommander-1.12.jar:/home/tester/.m2/repository/org/yaml/snakeyaml/1.6/snakeyaml-1.6.jar:/home/tester/.m2/repository/org/seleniumhq/selenium/selenium-java/3.141.59/selenium-java-3.141.59.jar:/home/tester/.m2/repository/org/seleniumhq/selenium/selenium-api/3.141.59/selenium-api-3.141.59.jar:/home/tester/.m2/repository/org/seleniumhq/selenium/selenium-chrome-driver/3.141.59/selenium-chrome-driver-3.141.59.jar:/home/tester/.m2/repository/org/seleniumhq/selenium/selenium-edge-driver/3.141.59/selenium-edge-driver-3.141.59.jar:/home/tester/.m2/repository/org/seleniumhq/selenium/selenium-firefox-driver/3.141.59/selenium-firefox-driver-3.141.59.jar:/home/tester/.m2/repository/org/seleniumhq/selenium/selenium-ie-driver/3.141.59/selenium-ie-driver-3.141.59.jar:/home/tester/.m2/repository/org/seleniumhq/selenium/selenium-opera-driver/3.141.59/selenium-opera-driver-3.141.59.jar:/home/tester/.m2/repository/org/seleniumhq/selenium/selenium-remote-driver/3.141.59/selenium-remote-driver-3.141.59.jar:/home/tester/.m2/repository/org/seleniumhq/selenium/selenium-safari-driver/3.141.59/selenium-safari-driver-3.141.59.jar:/home/tester/.m2/repository/org/seleniumhq/selenium/selenium-support/3.141.59/selenium-support-3.141.59.jar:/home/tester/.m2/repository/net/bytebuddy/byte-buddy/1.8.15/byte-buddy-1.8.15.jar:/home/tester/.m2/repository/org/apache/commons/commons-exec/1.3/commons-exec-1.3.jar:/home/tester/.m2/repository/com/google/guava/guava/25.0-jre/guava-25.0-jre.jar:/home/tester/.m2/repository/com/google/code/findbugs/jsr305/1.3.9/jsr305-1.3.9.jar:/home/tester/.m2/repository/org/checkerframework/checker-compat-qual/2.0.0/checker-compat-qual-2.0.0.jar:/home/tester/.m2/repository/com/google/errorprone/error_prone_annotations/2.1.3/error_prone_annotations-2.1.3.jar:/home/tester/.m2/repository/com/google/j2objc/j2objc-annotations/1.1/j2objc-annotations-1.1.jar:/home/tester/.m2/repository/org/codehaus/mojo/animal-sniffer-annotations/1.14/animal-sniffer-annotations-1.14.jar:/home/tester/.m2/repository/com/squareup/okhttp3/okhttp/3.11.0/okhttp-3.11.0.jar:/home/tester/.m2/repository/com/squareup/okio/okio/1.14.0/okio-1.14.0.jar:/home/tester/.m2/repository/ru/yandex/qatools/ashot/ashot/1.5.4/ashot-1.5.4.jar:/home/tester/.m2/repository/commons-io/commons-io/2.5/commons-io-2.5.jar:/home/tester/.m2/repository/com/google/code/gson/gson/2.6.2/gson-2.6.2.jar:/home/tester/.m2/repository/org/hamcrest/hamcrest-core/1.3/hamcrest-core-1.3.jar org.testng.remote.RemoteTestNG -serport 44976 -protocol json -d /home/tester/Desktop/123432/Automation-ManualTesting/OrangeHRMSeleniumTest/AutomationTestNG/test-output /tmp/testng-eclipse--1289574889/testng-customsuite.xml

!ENTRY org.testng.eclipse 1 0 2020-11-10 18:28:31.645
!MESSAGE [TestNGLaunchConfigurationDelegate] Launching:
  Classpath: /home/tester/.eclipse/org.eclipse.platform_4.5.2_1473617060_linux_gtk_x86_64/configuration/org.eclipse.osgi/925/0/.cp/lib/testng-remote.jar /home/tester/Desktop/123432/Automation-ManualTesting/OrangeHRMSeleniumTest/AutomationTestNG/target/test-classes /home/tester/Desktop/123432/Automation-ManualTesting/OrangeHRMSeleniumTest/AutomationTestNG/target/classes /home/tester/.m2/repository/org/testng/testng/6.5.1/testng-6.5.1.jar /home/tester/.m2/repository/junit/junit/4.10/junit-4.10.jar /home/tester/.m2/repository/org/beanshell/bsh/2.0b4/bsh-2.0b4.jar /home/tester/.m2/repository/com/beust/jcommander/1.12/jcommander-1.12.jar /home/tester/.m2/repository/org/yaml/snakeyaml/1.6/snakeyaml-1.6.jar /home/tester/.m2/repository/org/seleniumhq/selenium/selenium-java/3.141.59/selenium-java-3.141.59.jar /home/tester/.m2/repository/org/seleniumhq/selenium/selenium-api/3.141.59/selenium-api-3.141.59.jar /home/tester/.m2/repository/org/seleniumhq/selenium/selenium-chrome-driver/3.141.59/selenium-chrome-driver-3.141.59.jar /home/tester/.m2/repository/org/seleniumhq/selenium/selenium-edge-driver/3.141.59/selenium-edge-driver-3.141.59.jar /home/tester/.m2/repository/org/seleniumhq/selenium/selenium-firefox-driver/3.141.59/selenium-firefox-driver-3.141.59.jar /home/tester/.m2/repository/org/seleniumhq/selenium/selenium-ie-driver/3.141.59/selenium-ie-driver-3.141.59.jar /home/tester/.m2/repository/org/seleniumhq/selenium/selenium-opera-driver/3.141.59/selenium-opera-driver-3.141.59.jar /home/tester/.m2/repository/org/seleniumhq/selenium/selenium-remote-driver/3.141.59/selenium-remote-driver-3.141.59.jar /home/tester/.m2/repository/org/seleniumhq/selenium/selenium-safari-driver/3.141.59/selenium-safari-driver-3.141.59.jar /home/tester/.m2/repository/org/seleniumhq/selenium/selenium-support/3.141.59/selenium-support-3.141.59.jar /home/tester/.m2/repository/net/bytebuddy/byte-buddy/1.8.15/byte-buddy-1.8.15.jar /home/tester/.m2/repository/org/apache/commons/commons-exec/1.3/commons-exec-1.3.jar /home/tester/.m2/repository/com/google/guava/guava/25.0-jre/guava-25.0-jre.jar /home/tester/.m2/repository/com/google/code/findbugs/jsr305/1.3.9/jsr305-1.3.9.jar /home/tester/.m2/repository/org/checkerframework/checker-compat-qual/2.0.0/checker-compat-qual-2.0.0.jar /home/tester/.m2/repository/com/google/errorprone/error_prone_annotations/2.1.3/error_prone_annotations-2.1.3.jar /home/tester/.m2/repository/com/google/j2objc/j2objc-annotations/1.1/j2objc-annotations-1.1.jar /home/tester/.m2/repository/org/codehaus/mojo/animal-sniffer-annotations/1.14/animal-sniffer-annotations-1.14.jar /home/tester/.m2/repository/com/squareup/okhttp3/okhttp/3.11.0/okhttp-3.11.0.jar /home/tester/.m2/repository/com/squareup/okio/okio/1.14.0/okio-1.14.0.jar /home/tester/.m2/repository/ru/yandex/qatools/ashot/ashot/1.5.4/ashot-1.5.4.jar /home/tester/.m2/repository/commons-io/commons-io/2.5/commons-io-2.5.jar /home/tester/.m2/repository/com/google/code/gson/gson/2.6.2/gson-2.6.2.jar /home/tester/.m2/repository/org/hamcrest/hamcrest-core/1.3/hamcrest-core-1.3.jar
  VMArgs:    -ea
  Class:     org.testng.remote.RemoteTestNG
  Args:      -serport 44054 -protocol json -d /home/tester/Desktop/123432/Automation-ManualTesting/OrangeHRMSeleniumTest/AutomationTestNG/test-output /tmp/testng-eclipse-834269688/testng-customsuite.xml
java -ea -classpath /home/tester/.eclipse/org.eclipse.platform_4.5.2_1473617060_linux_gtk_x86_64/configuration/org.eclipse.osgi/925/0/.cp/lib/testng-remote.jar:/home/tester/Desktop/123432/Automation-ManualTesting/OrangeHRMSeleniumTest/AutomationTestNG/target/test-classes:/home/tester/Desktop/123432/Automation-ManualTesting/OrangeHRMSeleniumTest/AutomationTestNG/target/classes:/home/tester/.m2/repository/org/testng/testng/6.5.1/testng-6.5.1.jar:/home/tester/.m2/repository/junit/junit/4.10/junit-4.10.jar:/home/tester/.m2/repository/org/beanshell/bsh/2.0b4/bsh-2.0b4.jar:/home/tester/.m2/repository/com/beust/jcommander/1.12/jcommander-1.12.jar:/home/tester/.m2/repository/org/yaml/snakeyaml/1.6/snakeyaml-1.6.jar:/home/tester/.m2/repository/org/seleniumhq/selenium/selenium-java/3.141.59/selenium-java-3.141.59.jar:/home/tester/.m2/repository/org/seleniumhq/selenium/selenium-api/3.141.59/selenium-api-3.141.59.jar:/home/tester/.m2/repository/org/seleniumhq/selenium/selenium-chrome-driver/3.141.59/selenium-chrome-driver-3.141.59.jar:/home/tester/.m2/repository/org/seleniumhq/selenium/selenium-edge-driver/3.141.59/selenium-edge-driver-3.141.59.jar:/home/tester/.m2/repository/org/seleniumhq/selenium/selenium-firefox-driver/3.141.59/selenium-firefox-driver-3.141.59.jar:/home/tester/.m2/repository/org/seleniumhq/selenium/selenium-ie-driver/3.141.59/selenium-ie-driver-3.141.59.jar:/home/tester/.m2/repository/org/seleniumhq/selenium/selenium-opera-driver/3.141.59/selenium-opera-driver-3.141.59.jar:/home/tester/.m2/repository/org/seleniumhq/selenium/selenium-remote-driver/3.141.59/selenium-remote-driver-3.141.59.jar:/home/tester/.m2/repository/org/seleniumhq/selenium/selenium-safari-driver/3.141.59/selenium-safari-driver-3.141.59.jar:/home/tester/.m2/repository/org/seleniumhq/selenium/selenium-support/3.141.59/selenium-support-3.141.59.jar:/home/tester/.m2/repository/net/bytebuddy/byte-buddy/1.8.15/byte-buddy-1.8.15.jar:/home/tester/.m2/repository/org/apache/commons/commons-exec/1.3/commons-exec-1.3.jar:/home/tester/.m2/repository/com/google/guava/guava/25.0-jre/guava-25.0-jre.jar:/home/tester/.m2/repository/com/google/code/findbugs/jsr305/1.3.9/jsr305-1.3.9.jar:/home/tester/.m2/repository/org/checkerframework/checker-compat-qual/2.0.0/checker-compat-qual-2.0.0.jar:/home/tester/.m2/repository/com/google/errorprone/error_prone_annotations/2.1.3/error_prone_annotations-2.1.3.jar:/home/tester/.m2/repository/com/google/j2objc/j2objc-annotations/1.1/j2objc-annotations-1.1.jar:/home/tester/.m2/repository/org/codehaus/mojo/animal-sniffer-annotations/1.14/animal-sniffer-annotations-1.14.jar:/home/tester/.m2/repository/com/squareup/okhttp3/okhttp/3.11.0/okhttp-3.11.0.jar:/home/tester/.m2/repository/com/squareup/okio/okio/1.14.0/okio-1.14.0.jar:/home/tester/.m2/repository/ru/yandex/qatools/ashot/ashot/1.5.4/ashot-1.5.4.jar:/home/tester/.m2/repository/commons-io/commons-io/2.5/commons-io-2.5.jar:/home/tester/.m2/repository/com/google/code/gson/gson/2.6.2/gson-2.6.2.jar:/home/tester/.m2/repository/org/hamcrest/hamcrest-core/1.3/hamcrest-core-1.3.jar org.testng.remote.RemoteTestNG -serport 44054 -protocol json -d /home/tester/Desktop/123432/Automation-ManualTesting/OrangeHRMSeleniumTest/AutomationTestNG/test-output /tmp/testng-eclipse-834269688/testng-customsuite.xml
!SESSION 2020-11-10 18:28:40.007 -----------------------------------------------
eclipse.buildId=4.5.2.M20160212-1500
java.version=1.8.0_222
java.vendor=Private Build
BootLoader constants: OS=linux, ARCH=x86_64, WS=gtk, NL=en_US
Framework arguments:  -product org.eclipse.epp.package.jee.product
Command-line arguments:  -os linux -ws gtk -arch x86_64 -product org.eclipse.epp.package.jee.product

!ENTRY org.eclipse.epp.logging.aeri.ide 2 16 2020-11-10 18:29:06.505
!MESSAGE Server ‘org.eclipse.epp.logging.aeri.ide.server’ failed with exception: java.lang.IllegalStateException: Expected BEGIN_OBJECT but was STRING at line 1 column 1. ; version: 1.100.0.v20160217-0435
!STACK 0
com.google.gson.JsonSyntaxException: java.lang.IllegalStateException: Expected BEGIN_OBJECT but was STRING at line 1 column 1
	at com.google.gson.internal.bind.ReflectiveTypeAdapterFactory$Adapter.read(ReflectiveTypeAdapterFactory.java:176)
	at com.google.gson.Gson.fromJson(Gson.java:803)
	at com.google.gson.Gson.fromJson(Gson.java:768)
	at com.google.gson.Gson.fromJson(Gson.java:717)
	at org.eclipse.epp.internal.logging.aeri.ide.server.json.Json.deserialize(Json.java:88)
	at org.eclipse.epp.internal.logging.aeri.ide.server.mars.IO.refreshConfiguration(IO.java:70)
	at org.eclipse.epp.internal.logging.aeri.ide.server.mars.ServerConnection.startUp(ServerConnection.java:101)
	at com.google.common.util.concurrent.AbstractIdleService$2$1.run(AbstractIdleService.java:54)
	at com.google.common.util.concurrent.Callables$3.run(Callables.java:93)
	at java.lang.Thread.run(Thread.java:748)
Caused by: java.lang.IllegalStateException: Expected BEGIN_OBJECT but was STRING at line 1 column 1
	at com.google.gson.stream.JsonReader.beginObject(JsonReader.java:374)
	at com.google.gson.internal.bind.ReflectiveTypeAdapterFactory$Adapter.read(ReflectiveTypeAdapterFactory.java:165)
	... 9 more

!ENTRY org.testng.eclipse 1 0 2020-11-10 18:29:38.595
!MESSAGE [TestNGLaunchConfigurationDelegate] Launching:
  Classpath: /home/tester/.eclipse/org.eclipse.platform_4.5.2_1473617060_linux_gtk_x86_64/configuration/org.eclipse.osgi/925/0/.cp/lib/testng-remote.jar /home/tester/Desktop/123432/Automation-ManualTesting/OrangeHRMSeleniumTest/AutomationTestNG/target/test-classes /home/tester/Desktop/123432/Automation-ManualTesting/OrangeHRMSeleniumTest/AutomationTestNG/target/classes /home/tester/.m2/repository/org/testng/testng/6.5.1/testng-6.5.1.jar /home/tester/.m2/repository/junit/junit/4.10/junit-4.10.jar /home/tester/.m2/repository/org/beanshell/bsh/2.0b4/bsh-2.0b4.jar /home/tester/.m2/repository/com/beust/jcommander/1.12/jcommander-1.12.jar /home/tester/.m2/repository/org/yaml/snakeyaml/1.6/snakeyaml-1.6.jar /home/tester/.m2/repository/org/seleniumhq/selenium/selenium-java/3.141.59/selenium-java-3.141.59.jar /home/tester/.m2/repository/org/seleniumhq/selenium/selenium-api/3.141.59/selenium-api-3.141.59.jar /home/tester/.m2/repository/org/seleniumhq/selenium/selenium-chrome-driver/3.141.59/selenium-chrome-driver-3.141.59.jar /home/tester/.m2/repository/org/seleniumhq/selenium/selenium-edge-driver/3.141.59/selenium-edge-driver-3.141.59.jar /home/tester/.m2/repository/org/seleniumhq/selenium/selenium-firefox-driver/3.141.59/selenium-firefox-driver-3.141.59.jar /home/tester/.m2/repository/org/seleniumhq/selenium/selenium-ie-driver/3.141.59/selenium-ie-driver-3.141.59.jar /home/tester/.m2/repository/org/seleniumhq/selenium/selenium-opera-driver/3.141.59/selenium-opera-driver-3.141.59.jar /home/tester/.m2/repository/org/seleniumhq/selenium/selenium-remote-driver/3.141.59/selenium-remote-driver-3.141.59.jar /home/tester/.m2/repository/org/seleniumhq/selenium/selenium-safari-driver/3.141.59/selenium-safari-driver-3.141.59.jar /home/tester/.m2/repository/org/seleniumhq/selenium/selenium-support/3.141.59/selenium-support-3.141.59.jar /home/tester/.m2/repository/net/bytebuddy/byte-buddy/1.8.15/byte-buddy-1.8.15.jar /home/tester/.m2/repository/org/apache/commons/commons-exec/1.3/commons-exec-1.3.jar /home/tester/.m2/repository/com/google/guava/guava/25.0-jre/guava-25.0-jre.jar /home/tester/.m2/repository/com/google/code/findbugs/jsr305/1.3.9/jsr305-1.3.9.jar /home/tester/.m2/repository/org/checkerframework/checker-compat-qual/2.0.0/checker-compat-qual-2.0.0.jar /home/tester/.m2/repository/com/google/errorprone/error_prone_annotations/2.1.3/error_prone_annotations-2.1.3.jar /home/tester/.m2/repository/com/google/j2objc/j2objc-annotations/1.1/j2objc-annotations-1.1.jar /home/tester/.m2/repository/org/codehaus/mojo/animal-sniffer-annotations/1.14/animal-sniffer-annotations-1.14.jar /home/tester/.m2/repository/com/squareup/okhttp3/okhttp/3.11.0/okhttp-3.11.0.jar /home/tester/.m2/repository/com/squareup/okio/okio/1.14.0/okio-1.14.0.jar /home/tester/.m2/repository/ru/yandex/qatools/ashot/ashot/1.5.4/ashot-1.5.4.jar /home/tester/.m2/repository/commons-io/commons-io/2.5/commons-io-2.5.jar /home/tester/.m2/repository/com/google/code/gson/gson/2.6.2/gson-2.6.2.jar /home/tester/.m2/repository/org/hamcrest/hamcrest-core/1.3/hamcrest-core-1.3.jar
  VMArgs:    -ea
  Class:     org.testng.remote.RemoteTestNG
  Args:      -serport 46750 -protocol json -d /home/tester/Desktop/123432/Automation-ManualTesting/OrangeHRMSeleniumTest/AutomationTestNG/test-output /tmp/testng-eclipse-1362773470/testng-customsuite.xml
java -ea -classpath /home/tester/.eclipse/org.eclipse.platform_4.5.2_1473617060_linux_gtk_x86_64/configuration/org.eclipse.osgi/925/0/.cp/lib/testng-remote.jar:/home/tester/Desktop/123432/Automation-ManualTesting/OrangeHRMSeleniumTest/AutomationTestNG/target/test-classes:/home/tester/Desktop/123432/Automation-ManualTesting/OrangeHRMSeleniumTest/AutomationTestNG/target/classes:/home/tester/.m2/repository/org/testng/testng/6.5.1/testng-6.5.1.jar:/home/tester/.m2/repository/junit/junit/4.10/junit-4.10.jar:/home/tester/.m2/repository/org/beanshell/bsh/2.0b4/bsh-2.0b4.jar:/home/tester/.m2/repository/com/beust/jcommander/1.12/jcommander-1.12.jar:/home/tester/.m2/repository/org/yaml/snakeyaml/1.6/snakeyaml-1.6.jar:/home/tester/.m2/repository/org/seleniumhq/selenium/selenium-java/3.141.59/selenium-java-3.141.59.jar:/home/tester/.m2/repository/org/seleniumhq/selenium/selenium-api/3.141.59/selenium-api-3.141.59.jar:/home/tester/.m2/repository/org/seleniumhq/selenium/selenium-chrome-driver/3.141.59/selenium-chrome-driver-3.141.59.jar:/home/tester/.m2/repository/org/seleniumhq/selenium/selenium-edge-driver/3.141.59/selenium-edge-driver-3.141.59.jar:/home/tester/.m2/repository/org/seleniumhq/selenium/selenium-firefox-driver/3.141.59/selenium-firefox-driver-3.141.59.jar:/home/tester/.m2/repository/org/seleniumhq/selenium/selenium-ie-driver/3.141.59/selenium-ie-driver-3.141.59.jar:/home/tester/.m2/repository/org/seleniumhq/selenium/selenium-opera-driver/3.141.59/selenium-opera-driver-3.141.59.jar:/home/tester/.m2/repository/org/seleniumhq/selenium/selenium-remote-driver/3.141.59/selenium-remote-driver-3.141.59.jar:/home/tester/.m2/repository/org/seleniumhq/selenium/selenium-safari-driver/3.141.59/selenium-safari-driver-3.141.59.jar:/home/tester/.m2/repository/org/seleniumhq/selenium/selenium-support/3.141.59/selenium-support-3.141.59.jar:/home/tester/.m2/repository/net/bytebuddy/byte-buddy/1.8.15/byte-buddy-1.8.15.jar:/home/tester/.m2/repository/org/apache/commons/commons-exec/1.3/commons-exec-1.3.jar:/home/tester/.m2/repository/com/google/guava/guava/25.0-jre/guava-25.0-jre.jar:/home/tester/.m2/repository/com/google/code/findbugs/jsr305/1.3.9/jsr305-1.3.9.jar:/home/tester/.m2/repository/org/checkerframework/checker-compat-qual/2.0.0/checker-compat-qual-2.0.0.jar:/home/tester/.m2/repository/com/google/errorprone/error_prone_annotations/2.1.3/error_prone_annotations-2.1.3.jar:/home/tester/.m2/repository/com/google/j2objc/j2objc-annotations/1.1/j2objc-annotations-1.1.jar:/home/tester/.m2/repository/org/codehaus/mojo/animal-sniffer-annotations/1.14/animal-sniffer-annotations-1.14.jar:/home/tester/.m2/repository/com/squareup/okhttp3/okhttp/3.11.0/okhttp-3.11.0.jar:/home/tester/.m2/repository/com/squareup/okio/okio/1.14.0/okio-1.14.0.jar:/home/tester/.m2/repository/ru/yandex/qatools/ashot/ashot/1.5.4/ashot-1.5.4.jar:/home/tester/.m2/repository/commons-io/commons-io/2.5/commons-io-2.5.jar:/home/tester/.m2/repository/com/google/code/gson/gson/2.6.2/gson-2.6.2.jar:/home/tester/.m2/repository/org/hamcrest/hamcrest-core/1.3/hamcrest-core-1.3.jar org.testng.remote.RemoteTestNG -serport 46750 -protocol json -d /home/tester/Desktop/123432/Automation-ManualTesting/OrangeHRMSeleniumTest/AutomationTestNG/test-output /tmp/testng-eclipse-1362773470/testng-customsuite.xml

!ENTRY org.testng.eclipse 1 0 2020-11-10 18:30:22.235
!MESSAGE [TestNGLaunchConfigurationDelegate] Launching:
  Classpath: /home/tester/.eclipse/org.eclipse.platform_4.5.2_1473617060_linux_gtk_x86_64/configuration/org.eclipse.osgi/925/0/.cp/lib/testng-remote.jar /home/tester/Desktop/123432/Automation-ManualTesting/OrangeHRMSeleniumTest/AutomationTestNG/target/test-classes /home/tester/Desktop/123432/Automation-ManualTesting/OrangeHRMSeleniumTest/AutomationTestNG/target/classes /home/tester/.m2/repository/org/testng/testng/6.5.1/testng-6.5.1.jar /home/tester/.m2/repository/junit/junit/4.10/junit-4.10.jar /home/tester/.m2/repository/org/beanshell/bsh/2.0b4/bsh-2.0b4.jar /home/tester/.m2/repository/com/beust/jcommander/1.12/jcommander-1.12.jar /home/tester/.m2/repository/org/yaml/snakeyaml/1.6/snakeyaml-1.6.jar /home/tester/.m2/repository/org/seleniumhq/selenium/selenium-java/3.141.59/selenium-java-3.141.59.jar /home/tester/.m2/repository/org/seleniumhq/selenium/selenium-api/3.141.59/selenium-api-3.141.59.jar /home/tester/.m2/repository/org/seleniumhq/selenium/selenium-chrome-driver/3.141.59/selenium-chrome-driver-3.141.59.jar /home/tester/.m2/repository/org/seleniumhq/selenium/selenium-edge-driver/3.141.59/selenium-edge-driver-3.141.59.jar /home/tester/.m2/repository/org/seleniumhq/selenium/selenium-firefox-driver/3.141.59/selenium-firefox-driver-3.141.59.jar /home/tester/.m2/repository/org/seleniumhq/selenium/selenium-ie-driver/3.141.59/selenium-ie-driver-3.141.59.jar /home/tester/.m2/repository/org/seleniumhq/selenium/selenium-opera-driver/3.141.59/selenium-opera-driver-3.141.59.jar /home/tester/.m2/repository/org/seleniumhq/selenium/selenium-remote-driver/3.141.59/selenium-remote-driver-3.141.59.jar /home/tester/.m2/repository/org/seleniumhq/selenium/selenium-safari-driver/3.141.59/selenium-safari-driver-3.141.59.jar /home/tester/.m2/repository/org/seleniumhq/selenium/selenium-support/3.141.59/selenium-support-3.141.59.jar /home/tester/.m2/repository/net/bytebuddy/byte-buddy/1.8.15/byte-buddy-1.8.15.jar /home/tester/.m2/repository/org/apache/commons/commons-exec/1.3/commons-exec-1.3.jar /home/tester/.m2/repository/com/google/guava/guava/25.0-jre/guava-25.0-jre.jar /home/tester/.m2/repository/com/google/code/findbugs/jsr305/1.3.9/jsr305-1.3.9.jar /home/tester/.m2/repository/org/checkerframework/checker-compat-qual/2.0.0/checker-compat-qual-2.0.0.jar /home/tester/.m2/repository/com/google/errorprone/error_prone_annotations/2.1.3/error_prone_annotations-2.1.3.jar /home/tester/.m2/repository/com/google/j2objc/j2objc-annotations/1.1/j2objc-annotations-1.1.jar /home/tester/.m2/repository/org/codehaus/mojo/animal-sniffer-annotations/1.14/animal-sniffer-annotations-1.14.jar /home/tester/.m2/repository/com/squareup/okhttp3/okhttp/3.11.0/okhttp-3.11.0.jar /home/tester/.m2/repository/com/squareup/okio/okio/1.14.0/okio-1.14.0.jar /home/tester/.m2/repository/ru/yandex/qatools/ashot/ashot/1.5.4/ashot-1.5.4.jar /home/tester/.m2/repository/commons-io/commons-io/2.5/commons-io-2.5.jar /home/tester/.m2/repository/com/google/code/gson/gson/2.6.2/gson-2.6.2.jar /home/tester/.m2/repository/org/hamcrest/hamcrest-core/1.3/hamcrest-core-1.3.jar
  VMArgs:    -ea
  Class:     org.testng.remote.RemoteTestNG
  Args:      -serport 37062 -protocol json -d /home/tester/Desktop/123432/Automation-ManualTesting/OrangeHRMSeleniumTest/AutomationTestNG/test-output /tmp/testng-eclipse-302682981/testng-customsuite.xml
java -ea -classpath /home/tester/.eclipse/org.eclipse.platform_4.5.2_1473617060_linux_gtk_x86_64/configuration/org.eclipse.osgi/925/0/.cp/lib/testng-remote.jar:/home/tester/Desktop/123432/Automation-ManualTesting/OrangeHRMSeleniumTest/AutomationTestNG/target/test-classes:/home/tester/Desktop/123432/Automation-ManualTesting/OrangeHRMSeleniumTest/AutomationTestNG/target/classes:/home/tester/.m2/repository/org/testng/testng/6.5.1/testng-6.5.1.jar:/home/tester/.m2/repository/junit/junit/4.10/junit-4.10.jar:/home/tester/.m2/repository/org/beanshell/bsh/2.0b4/bsh-2.0b4.jar:/home/tester/.m2/repository/com/beust/jcommander/1.12/jcommander-1.12.jar:/home/tester/.m2/repository/org/yaml/snakeyaml/1.6/snakeyaml-1.6.jar:/home/tester/.m2/repository/org/seleniumhq/selenium/selenium-java/3.141.59/selenium-java-3.141.59.jar:/home/tester/.m2/repository/org/seleniumhq/selenium/selenium-api/3.141.59/selenium-api-3.141.59.jar:/home/tester/.m2/repository/org/seleniumhq/selenium/selenium-chrome-driver/3.141.59/selenium-chrome-driver-3.141.59.jar:/home/tester/.m2/repository/org/seleniumhq/selenium/selenium-edge-driver/3.141.59/selenium-edge-driver-3.141.59.jar:/home/tester/.m2/repository/org/seleniumhq/selenium/selenium-firefox-driver/3.141.59/selenium-firefox-driver-3.141.59.jar:/home/tester/.m2/repository/org/seleniumhq/selenium/selenium-ie-driver/3.141.59/selenium-ie-driver-3.141.59.jar:/home/tester/.m2/repository/org/seleniumhq/selenium/selenium-opera-driver/3.141.59/selenium-opera-driver-3.141.59.jar:/home/tester/.m2/repository/org/seleniumhq/selenium/selenium-remote-driver/3.141.59/selenium-remote-driver-3.141.59.jar:/home/tester/.m2/repository/org/seleniumhq/selenium/selenium-safari-driver/3.141.59/selenium-safari-driver-3.141.59.jar:/home/tester/.m2/repository/org/seleniumhq/selenium/selenium-support/3.141.59/selenium-support-3.141.59.jar:/home/tester/.m2/repository/net/bytebuddy/byte-buddy/1.8.15/byte-buddy-1.8.15.jar:/home/tester/.m2/repository/org/apache/commons/commons-exec/1.3/commons-exec-1.3.jar:/home/tester/.m2/repository/com/google/guava/guava/25.0-jre/guava-25.0-jre.jar:/home/tester/.m2/repository/com/google/code/findbugs/jsr305/1.3.9/jsr305-1.3.9.jar:/home/tester/.m2/repository/org/checkerframework/checker-compat-qual/2.0.0/checker-compat-qual-2.0.0.jar:/home/tester/.m2/repository/com/google/errorprone/error_prone_annotations/2.1.3/error_prone_annotations-2.1.3.jar:/home/tester/.m2/repository/com/google/j2objc/j2objc-annotations/1.1/j2objc-annotations-1.1.jar:/home/tester/.m2/repository/org/codehaus/mojo/animal-sniffer-annotations/1.14/animal-sniffer-annotations-1.14.jar:/home/tester/.m2/repository/com/squareup/okhttp3/okhttp/3.11.0/okhttp-3.11.0.jar:/home/tester/.m2/repository/com/squareup/okio/okio/1.14.0/okio-1.14.0.jar:/home/tester/.m2/repository/ru/yandex/qatools/ashot/ashot/1.5.4/ashot-1.5.4.jar:/home/tester/.m2/repository/commons-io/commons-io/2.5/commons-io-2.5.jar:/home/tester/.m2/repository/com/google/code/gson/gson/2.6.2/gson-2.6.2.jar:/home/tester/.m2/repository/org/hamcrest/hamcrest-core/1.3/hamcrest-core-1.3.jar org.testng.remote.RemoteTestNG -serport 37062 -protocol json -d /home/tester/Desktop/123432/Automation-ManualTesting/OrangeHRMSeleniumTest/AutomationTestNG/test-output /tmp/testng-eclipse-302682981/testng-customsuite.xml

!ENTRY org.testng.eclipse 1 0 2020-11-10 18:30:52.726
!MESSAGE [TestNGLaunchConfigurationDelegate] Launching:
  Classpath: /home/tester/.eclipse/org.eclipse.platform_4.5.2_1473617060_linux_gtk_x86_64/configuration/org.eclipse.osgi/925/0/.cp/lib/testng-remote.jar /home/tester/Desktop/123432/Automation-ManualTesting/OrangeHRMSeleniumTest/AutomationTestNG/target/test-classes /home/tester/Desktop/123432/Automation-ManualTesting/OrangeHRMSeleniumTest/AutomationTestNG/target/classes /home/tester/.m2/repository/org/testng/testng/6.5.1/testng-6.5.1.jar /home/tester/.m2/repository/junit/junit/4.10/junit-4.10.jar /home/tester/.m2/repository/org/beanshell/bsh/2.0b4/bsh-2.0b4.jar /home/tester/.m2/repository/com/beust/jcommander/1.12/jcommander-1.12.jar /home/tester/.m2/repository/org/yaml/snakeyaml/1.6/snakeyaml-1.6.jar /home/tester/.m2/repository/org/seleniumhq/selenium/selenium-java/3.141.59/selenium-java-3.141.59.jar /home/tester/.m2/repository/org/seleniumhq/selenium/selenium-api/3.141.59/selenium-api-3.141.59.jar /home/tester/.m2/repository/org/seleniumhq/selenium/selenium-chrome-driver/3.141.59/selenium-chrome-driver-3.141.59.jar /home/tester/.m2/repository/org/seleniumhq/selenium/selenium-edge-driver/3.141.59/selenium-edge-driver-3.141.59.jar /home/tester/.m2/repository/org/seleniumhq/selenium/selenium-firefox-driver/3.141.59/selenium-firefox-driver-3.141.59.jar /home/tester/.m2/repository/org/seleniumhq/selenium/selenium-ie-driver/3.141.59/selenium-ie-driver-3.141.59.jar /home/tester/.m2/repository/org/seleniumhq/selenium/selenium-opera-driver/3.141.59/selenium-opera-driver-3.141.59.jar /home/tester/.m2/repository/org/seleniumhq/selenium/selenium-remote-driver/3.141.59/selenium-remote-driver-3.141.59.jar /home/tester/.m2/repository/org/seleniumhq/selenium/selenium-safari-driver/3.141.59/selenium-safari-driver-3.141.59.jar /home/tester/.m2/repository/org/seleniumhq/selenium/selenium-support/3.141.59/selenium-support-3.141.59.jar /home/tester/.m2/repository/net/bytebuddy/byte-buddy/1.8.15/byte-buddy-1.8.15.jar /home/tester/.m2/repository/org/apache/commons/commons-exec/1.3/commons-exec-1.3.jar /home/tester/.m2/repository/com/google/guava/guava/25.0-jre/guava-25.0-jre.jar /home/tester/.m2/repository/com/google/code/findbugs/jsr305/1.3.9/jsr305-1.3.9.jar /home/tester/.m2/repository/org/checkerframework/checker-compat-qual/2.0.0/checker-compat-qual-2.0.0.jar /home/tester/.m2/repository/com/google/errorprone/error_prone_annotations/2.1.3/error_prone_annotations-2.1.3.jar /home/tester/.m2/repository/com/google/j2objc/j2objc-annotations/1.1/j2objc-annotations-1.1.jar /home/tester/.m2/repository/org/codehaus/mojo/animal-sniffer-annotations/1.14/animal-sniffer-annotations-1.14.jar /home/tester/.m2/repository/com/squareup/okhttp3/okhttp/3.11.0/okhttp-3.11.0.jar /home/tester/.m2/repository/com/squareup/okio/okio/1.14.0/okio-1.14.0.jar /home/tester/.m2/repository/ru/yandex/qatools/ashot/ashot/1.5.4/ashot-1.5.4.jar /home/tester/.m2/repository/commons-io/commons-io/2.5/commons-io-2.5.jar /home/tester/.m2/repository/com/google/code/gson/gson/2.6.2/gson-2.6.2.jar /home/tester/.m2/repository/org/hamcrest/hamcrest-core/1.3/hamcrest-core-1.3.jar
  VMArgs:    -ea
  Class:     org.testng.remote.RemoteTestNG
  Args:      -serport 40470 -protocol json -d /home/tester/Desktop/123432/Automation-ManualTesting/OrangeHRMSeleniumTest/AutomationTestNG/test-output /tmp/testng-eclipse-2085255284/testng-customsuite.xml
java -ea -classpath /home/tester/.eclipse/org.eclipse.platform_4.5.2_1473617060_linux_gtk_x86_64/configuration/org.eclipse.osgi/925/0/.cp/lib/testng-remote.jar:/home/tester/Desktop/123432/Automation-ManualTesting/OrangeHRMSeleniumTest/AutomationTestNG/target/test-classes:/home/tester/Desktop/123432/Automation-ManualTesting/OrangeHRMSeleniumTest/AutomationTestNG/target/classes:/home/tester/.m2/repository/org/testng/testng/6.5.1/testng-6.5.1.jar:/home/tester/.m2/repository/junit/junit/4.10/junit-4.10.jar:/home/tester/.m2/repository/org/beanshell/bsh/2.0b4/bsh-2.0b4.jar:/home/tester/.m2/repository/com/beust/jcommander/1.12/jcommander-1.12.jar:/home/tester/.m2/repository/org/yaml/snakeyaml/1.6/snakeyaml-1.6.jar:/home/tester/.m2/repository/org/seleniumhq/selenium/selenium-java/3.141.59/selenium-java-3.141.59.jar:/home/tester/.m2/repository/org/seleniumhq/selenium/selenium-api/3.141.59/selenium-api-3.141.59.jar:/home/tester/.m2/repository/org/seleniumhq/selenium/selenium-chrome-driver/3.141.59/selenium-chrome-driver-3.141.59.jar:/home/tester/.m2/repository/org/seleniumhq/selenium/selenium-edge-driver/3.141.59/selenium-edge-driver-3.141.59.jar:/home/tester/.m2/repository/org/seleniumhq/selenium/selenium-firefox-driver/3.141.59/selenium-firefox-driver-3.141.59.jar:/home/tester/.m2/repository/org/seleniumhq/selenium/selenium-ie-driver/3.141.59/selenium-ie-driver-3.141.59.jar:/home/tester/.m2/repository/org/seleniumhq/selenium/selenium-opera-driver/3.141.59/selenium-opera-driver-3.141.59.jar:/home/tester/.m2/repository/org/seleniumhq/selenium/selenium-remote-driver/3.141.59/selenium-remote-driver-3.141.59.jar:/home/tester/.m2/repository/org/seleniumhq/selenium/selenium-safari-driver/3.141.59/selenium-safari-driver-3.141.59.jar:/home/tester/.m2/repository/org/seleniumhq/selenium/selenium-support/3.141.59/selenium-support-3.141.59.jar:/home/tester/.m2/repository/net/bytebuddy/byte-buddy/1.8.15/byte-buddy-1.8.15.jar:/home/tester/.m2/repository/org/apache/commons/commons-exec/1.3/commons-exec-1.3.jar:/home/tester/.m2/repository/com/google/guava/guava/25.0-jre/guava-25.0-jre.jar:/home/tester/.m2/repository/com/google/code/findbugs/jsr305/1.3.9/jsr305-1.3.9.jar:/home/tester/.m2/repository/org/checkerframework/checker-compat-qual/2.0.0/checker-compat-qual-2.0.0.jar:/home/tester/.m2/repository/com/google/errorprone/error_prone_annotations/2.1.3/error_prone_annotations-2.1.3.jar:/home/tester/.m2/repository/com/google/j2objc/j2objc-annotations/1.1/j2objc-annotations-1.1.jar:/home/tester/.m2/repository/org/codehaus/mojo/animal-sniffer-annotations/1.14/animal-sniffer-annotations-1.14.jar:/home/tester/.m2/repository/com/squareup/okhttp3/okhttp/3.11.0/okhttp-3.11.0.jar:/home/tester/.m2/repository/com/squareup/okio/okio/1.14.0/okio-1.14.0.jar:/home/tester/.m2/repository/ru/yandex/qatools/ashot/ashot/1.5.4/ashot-1.5.4.jar:/home/tester/.m2/repository/commons-io/commons-io/2.5/commons-io-2.5.jar:/home/tester/.m2/repository/com/google/code/gson/gson/2.6.2/gson-2.6.2.jar:/home/tester/.m2/repository/org/hamcrest/hamcrest-core/1.3/hamcrest-core-1.3.jar org.testng.remote.RemoteTestNG -serport 40470 -protocol json -d /home/tester/Desktop/123432/Automation-ManualTesting/OrangeHRMSeleniumTest/AutomationTestNG/test-output /tmp/testng-eclipse-2085255284/testng-customsuite.xml
!SESSION 2020-11-11 13:57:17.855 -----------------------------------------------
eclipse.buildId=4.5.2.M20160212-1500
java.version=1.8.0_222
java.vendor=Private Build
BootLoader constants: OS=linux, ARCH=x86_64, WS=gtk, NL=en_US
Framework arguments:  -product org.eclipse.epp.package.jee.product
Command-line arguments:  -os linux -ws gtk -arch x86_64 -product org.eclipse.epp.package.jee.product

!ENTRY org.eclipse.epp.logging.aeri.ide 2 16 2020-11-11 13:57:56.693
!MESSAGE Server ‘org.eclipse.epp.logging.aeri.ide.server’ failed with exception: java.lang.IllegalStateException: Expected BEGIN_OBJECT but was STRING at line 1 column 1. ; version: 1.100.0.v20160217-0435
!STACK 0
com.google.gson.JsonSyntaxException: java.lang.IllegalStateException: Expected BEGIN_OBJECT but was STRING at line 1 column 1
	at com.google.gson.internal.bind.ReflectiveTypeAdapterFactory$Adapter.read(ReflectiveTypeAdapterFactory.java:176)
	at com.google.gson.Gson.fromJson(Gson.java:803)
	at com.google.gson.Gson.fromJson(Gson.java:768)
	at com.google.gson.Gson.fromJson(Gson.java:717)
	at org.eclipse.epp.internal.logging.aeri.ide.server.json.Json.deserialize(Json.java:88)
	at org.eclipse.epp.internal.logging.aeri.ide.server.mars.IO.refreshConfiguration(IO.java:70)
	at org.eclipse.epp.internal.logging.aeri.ide.server.mars.ServerConnection.startUp(ServerConnection.java:101)
	at com.google.common.util.concurrent.AbstractIdleService$2$1.run(AbstractIdleService.java:54)
	at com.google.common.util.concurrent.Callables$3.run(Callables.java:93)
	at java.lang.Thread.run(Thread.java:748)
Caused by: java.lang.IllegalStateException: Expected BEGIN_OBJECT but was STRING at line 1 column 1
	at com.google.gson.stream.JsonReader.beginObject(JsonReader.java:374)
	at com.google.gson.internal.bind.ReflectiveTypeAdapterFactory$Adapter.read(ReflectiveTypeAdapterFactory.java:165)
	... 9 more

!ENTRY org.eclipse.m2e.logback.appender 2 0 2020-11-11 14:02:53.327
!MESSAGE Failed to download org.eclipse.recommenders:index::zip:0.0.0
!STACK 0
org.eclipse.aether.resolution.ArtifactResolutionException: Could not find artifact org.eclipse.recommenders:index:zip:0.0.0-SNAPSHOT in models (http://download.eclipse.org/recommenders/models/mars/)
	at org.eclipse.aether.internal.impl.DefaultArtifactResolver.resolve(DefaultArtifactResolver.java:444)
	at org.eclipse.aether.internal.impl.DefaultArtifactResolver.resolveArtifacts(DefaultArtifactResolver.java:246)
	at org.eclipse.aether.internal.impl.DefaultArtifactResolver.resolveArtifact(DefaultArtifactResolver.java:223)
	at org.eclipse.aether.internal.impl.DefaultRepositorySystem.resolveArtifact(DefaultRepositorySystem.java:294)
	at org.eclipse.recommenders.models.ModelRepository.resolveInternal(ModelRepository.java:192)
	at org.eclipse.recommenders.models.ModelRepository.resolve(ModelRepository.java:174)
	at org.eclipse.recommenders.internal.models.rcp.EclipseModelRepository.resolve(EclipseModelRepository.java:165)
	at org.eclipse.recommenders.internal.models.rcp.DownloadModelArchiveJob.run(DownloadModelArchiveJob.java:76)
	at org.eclipse.core.internal.jobs.Worker.run(Worker.java:55)
Caused by: org.eclipse.aether.transfer.ArtifactNotFoundException: Could not find artifact org.eclipse.recommenders:index:zip:0.0.0-SNAPSHOT in models (http://download.eclipse.org/recommenders/models/mars/)
	at org.eclipse.aether.connector.basic.ArtifactTransportListener.transferFailed(ArtifactTransportListener.java:39)
	at org.eclipse.aether.connector.basic.BasicRepositoryConnector$TaskRunner.run(BasicRepositoryConnector.java:355)
	at org.eclipse.aether.util.concurrency.RunnableErrorForwarder$1.run(RunnableErrorForwarder.java:67)
	at org.eclipse.aether.connector.basic.BasicRepositoryConnector$DirectExecutor.execute(BasicRepositoryConnector.java:581)
	at org.eclipse.aether.connector.basic.BasicRepositoryConnector.get(BasicRepositoryConnector.java:249)
	at org.eclipse.aether.internal.impl.DefaultArtifactResolver.performDownloads(DefaultArtifactResolver.java:520)
	at org.eclipse.aether.internal.impl.DefaultArtifactResolver.resolve(DefaultArtifactResolver.java:421)
	... 8 more

!ENTRY org.eclipse.recommenders.models.rcp 1 0 2020-11-11 14:02:53.330
!MESSAGE org.eclipse.recommenders:index::zip:0.0.0 could not be resolved from the model repositories. Are you offline?

!ENTRY org.testng.eclipse 1 0 2020-11-11 14:08:22.942
!MESSAGE [TestNGLaunchConfigurationDelegate] Launching:
  Classpath: /home/tester/.eclipse/org.eclipse.platform_4.5.2_1473617060_linux_gtk_x86_64/configuration/org.eclipse.osgi/925/0/.cp/lib/testng-remote.jar /home/tester/Desktop/123432/Automation-ManualTesting/OrangeHRMSeleniumTest/AutomationTestNG/target/test-classes /home/tester/Desktop/123432/Automation-ManualTesting/OrangeHRMSeleniumTest/AutomationTestNG/target/classes /home/tester/.m2/repository/org/testng/testng/6.5.1/testng-6.5.1.jar /home/tester/.m2/repository/junit/junit/4.10/junit-4.10.jar /home/tester/.m2/repository/org/beanshell/bsh/2.0b4/bsh-2.0b4.jar /home/tester/.m2/repository/com/beust/jcommander/1.12/jcommander-1.12.jar /home/tester/.m2/repository/org/yaml/snakeyaml/1.6/snakeyaml-1.6.jar /home/tester/.m2/repository/org/seleniumhq/selenium/selenium-java/3.141.59/selenium-java-3.141.59.jar /home/tester/.m2/repository/org/seleniumhq/selenium/selenium-api/3.141.59/selenium-api-3.141.59.jar /home/tester/.m2/repository/org/seleniumhq/selenium/selenium-chrome-driver/3.141.59/selenium-chrome-driver-3.141.59.jar /home/tester/.m2/repository/org/seleniumhq/selenium/selenium-edge-driver/3.141.59/selenium-edge-driver-3.141.59.jar /home/tester/.m2/repository/org/seleniumhq/selenium/selenium-firefox-driver/3.141.59/selenium-firefox-driver-3.141.59.jar /home/tester/.m2/repository/org/seleniumhq/selenium/selenium-ie-driver/3.141.59/selenium-ie-driver-3.141.59.jar /home/tester/.m2/repository/org/seleniumhq/selenium/selenium-opera-driver/3.141.59/selenium-opera-driver-3.141.59.jar /home/tester/.m2/repository/org/seleniumhq/selenium/selenium-remote-driver/3.141.59/selenium-remote-driver-3.141.59.jar /home/tester/.m2/repository/org/seleniumhq/selenium/selenium-safari-driver/3.141.59/selenium-safari-driver-3.141.59.jar /home/tester/.m2/repository/org/seleniumhq/selenium/selenium-support/3.141.59/selenium-support-3.141.59.jar /home/tester/.m2/repository/net/bytebuddy/byte-buddy/1.8.15/byte-buddy-1.8.15.jar /home/tester/.m2/repository/org/apache/commons/commons-exec/1.3/commons-exec-1.3.jar /home/tester/.m2/repository/com/google/guava/guava/25.0-jre/guava-25.0-jre.jar /home/tester/.m2/repository/com/google/code/findbugs/jsr305/1.3.9/jsr305-1.3.9.jar /home/tester/.m2/repository/org/checkerframework/checker-compat-qual/2.0.0/checker-compat-qual-2.0.0.jar /home/tester/.m2/repository/com/google/errorprone/error_prone_annotations/2.1.3/error_prone_annotations-2.1.3.jar /home/tester/.m2/repository/com/google/j2objc/j2objc-annotations/1.1/j2objc-annotations-1.1.jar /home/tester/.m2/repository/org/codehaus/mojo/animal-sniffer-annotations/1.14/animal-sniffer-annotations-1.14.jar /home/tester/.m2/repository/com/squareup/okhttp3/okhttp/3.11.0/okhttp-3.11.0.jar /home/tester/.m2/repository/com/squareup/okio/okio/1.14.0/okio-1.14.0.jar /home/tester/.m2/repository/ru/yandex/qatools/ashot/ashot/1.5.4/ashot-1.5.4.jar /home/tester/.m2/repository/commons-io/commons-io/2.5/commons-io-2.5.jar /home/tester/.m2/repository/com/google/code/gson/gson/2.6.2/gson-2.6.2.jar /home/tester/.m2/repository/org/hamcrest/hamcrest-core/1.3/hamcrest-core-1.3.jar
  VMArgs:    -ea
  Class:     org.testng.remote.RemoteTestNG
  Args:      -serport 40276 -protocol json -d /home/tester/Desktop/123432/Automation-ManualTesting/OrangeHRMSeleniumTest/AutomationTestNG/test-output /tmp/testng-eclipse-170994738/testng-customsuite.xml
java -ea -classpath /home/tester/.eclipse/org.eclipse.platform_4.5.2_1473617060_linux_gtk_x86_64/configuration/org.eclipse.osgi/925/0/.cp/lib/testng-remote.jar:/home/tester/Desktop/123432/Automation-ManualTesting/OrangeHRMSeleniumTest/AutomationTestNG/target/test-classes:/home/tester/Desktop/123432/Automation-ManualTesting/OrangeHRMSeleniumTest/AutomationTestNG/target/classes:/home/tester/.m2/repository/org/testng/testng/6.5.1/testng-6.5.1.jar:/home/tester/.m2/repository/junit/junit/4.10/junit-4.10.jar:/home/tester/.m2/repository/org/beanshell/bsh/2.0b4/bsh-2.0b4.jar:/home/tester/.m2/repository/com/beust/jcommander/1.12/jcommander-1.12.jar:/home/tester/.m2/repository/org/yaml/snakeyaml/1.6/snakeyaml-1.6.jar:/home/tester/.m2/repository/org/seleniumhq/selenium/selenium-java/3.141.59/selenium-java-3.141.59.jar:/home/tester/.m2/repository/org/seleniumhq/selenium/selenium-api/3.141.59/selenium-api-3.141.59.jar:/home/tester/.m2/repository/org/seleniumhq/selenium/selenium-chrome-driver/3.141.59/selenium-chrome-driver-3.141.59.jar:/home/tester/.m2/repository/org/seleniumhq/selenium/selenium-edge-driver/3.141.59/selenium-edge-driver-3.141.59.jar:/home/tester/.m2/repository/org/seleniumhq/selenium/selenium-firefox-driver/3.141.59/selenium-firefox-driver-3.141.59.jar:/home/tester/.m2/repository/org/seleniumhq/selenium/selenium-ie-driver/3.141.59/selenium-ie-driver-3.141.59.jar:/home/tester/.m2/repository/org/seleniumhq/selenium/selenium-opera-driver/3.141.59/selenium-opera-driver-3.141.59.jar:/home/tester/.m2/repository/org/seleniumhq/selenium/selenium-remote-driver/3.141.59/selenium-remote-driver-3.141.59.jar:/home/tester/.m2/repository/org/seleniumhq/selenium/selenium-safari-driver/3.141.59/selenium-safari-driver-3.141.59.jar:/home/tester/.m2/repository/org/seleniumhq/selenium/selenium-support/3.141.59/selenium-support-3.141.59.jar:/home/tester/.m2/repository/net/bytebuddy/byte-buddy/1.8.15/byte-buddy-1.8.15.jar:/home/tester/.m2/repository/org/apache/commons/commons-exec/1.3/commons-exec-1.3.jar:/home/tester/.m2/repository/com/google/guava/guava/25.0-jre/guava-25.0-jre.jar:/home/tester/.m2/repository/com/google/code/findbugs/jsr305/1.3.9/jsr305-1.3.9.jar:/home/tester/.m2/repository/org/checkerframework/checker-compat-qual/2.0.0/checker-compat-qual-2.0.0.jar:/home/tester/.m2/repository/com/google/errorprone/error_prone_annotations/2.1.3/error_prone_annotations-2.1.3.jar:/home/tester/.m2/repository/com/google/j2objc/j2objc-annotations/1.1/j2objc-annotations-1.1.jar:/home/tester/.m2/repository/org/codehaus/mojo/animal-sniffer-annotations/1.14/animal-sniffer-annotations-1.14.jar:/home/tester/.m2/repository/com/squareup/okhttp3/okhttp/3.11.0/okhttp-3.11.0.jar:/home/tester/.m2/repository/com/squareup/okio/okio/1.14.0/okio-1.14.0.jar:/home/tester/.m2/repository/ru/yandex/qatools/ashot/ashot/1.5.4/ashot-1.5.4.jar:/home/tester/.m2/repository/commons-io/commons-io/2.5/commons-io-2.5.jar:/home/tester/.m2/repository/com/google/code/gson/gson/2.6.2/gson-2.6.2.jar:/home/tester/.m2/repository/org/hamcrest/hamcrest-core/1.3/hamcrest-core-1.3.jar org.testng.remote.RemoteTestNG -serport 40276 -protocol json -d /home/tester/Desktop/123432/Automation-ManualTesting/OrangeHRMSeleniumTest/AutomationTestNG/test-output /tmp/testng-eclipse-170994738/testng-customsuite.xml

!ENTRY org.testng.eclipse 1 0 2020-11-11 14:10:00.412
!MESSAGE [TestNGLaunchConfigurationDelegate] Launching:
  Classpath: /home/tester/.eclipse/org.eclipse.platform_4.5.2_1473617060_linux_gtk_x86_64/configuration/org.eclipse.osgi/925/0/.cp/lib/testng-remote.jar /home/tester/Desktop/123432/Automation-ManualTesting/OrangeHRMSeleniumTest/AutomationTestNG/target/test-classes /home/tester/Desktop/123432/Automation-ManualTesting/OrangeHRMSeleniumTest/AutomationTestNG/target/classes /home/tester/.m2/repository/org/testng/testng/6.5.1/testng-6.5.1.jar /home/tester/.m2/repository/junit/junit/4.10/junit-4.10.jar /home/tester/.m2/repository/org/beanshell/bsh/2.0b4/bsh-2.0b4.jar /home/tester/.m2/repository/com/beust/jcommander/1.12/jcommander-1.12.jar /home/tester/.m2/repository/org/yaml/snakeyaml/1.6/snakeyaml-1.6.jar /home/tester/.m2/repository/org/seleniumhq/selenium/selenium-java/3.141.59/selenium-java-3.141.59.jar /home/tester/.m2/repository/org/seleniumhq/selenium/selenium-api/3.141.59/selenium-api-3.141.59.jar /home/tester/.m2/repository/org/seleniumhq/selenium/selenium-chrome-driver/3.141.59/selenium-chrome-driver-3.141.59.jar /home/tester/.m2/repository/org/seleniumhq/selenium/selenium-edge-driver/3.141.59/selenium-edge-driver-3.141.59.jar /home/tester/.m2/repository/org/seleniumhq/selenium/selenium-firefox-driver/3.141.59/selenium-firefox-driver-3.141.59.jar /home/tester/.m2/repository/org/seleniumhq/selenium/selenium-ie-driver/3.141.59/selenium-ie-driver-3.141.59.jar /home/tester/.m2/repository/org/seleniumhq/selenium/selenium-opera-driver/3.141.59/selenium-opera-driver-3.141.59.jar /home/tester/.m2/repository/org/seleniumhq/selenium/selenium-remote-driver/3.141.59/selenium-remote-driver-3.141.59.jar /home/tester/.m2/repository/org/seleniumhq/selenium/selenium-safari-driver/3.141.59/selenium-safari-driver-3.141.59.jar /home/tester/.m2/repository/org/seleniumhq/selenium/selenium-support/3.141.59/selenium-support-3.141.59.jar /home/tester/.m2/repository/net/bytebuddy/byte-buddy/1.8.15/byte-buddy-1.8.15.jar /home/tester/.m2/repository/org/apache/commons/commons-exec/1.3/commons-exec-1.3.jar /home/tester/.m2/repository/com/google/guava/guava/25.0-jre/guava-25.0-jre.jar /home/tester/.m2/repository/com/google/code/findbugs/jsr305/1.3.9/jsr305-1.3.9.jar /home/tester/.m2/repository/org/checkerframework/checker-compat-qual/2.0.0/checker-compat-qual-2.0.0.jar /home/tester/.m2/repository/com/google/errorprone/error_prone_annotations/2.1.3/error_prone_annotations-2.1.3.jar /home/tester/.m2/repository/com/google/j2objc/j2objc-annotations/1.1/j2objc-annotations-1.1.jar /home/tester/.m2/repository/org/codehaus/mojo/animal-sniffer-annotations/1.14/animal-sniffer-annotations-1.14.jar /home/tester/.m2/repository/com/squareup/okhttp3/okhttp/3.11.0/okhttp-3.11.0.jar /home/tester/.m2/repository/com/squareup/okio/okio/1.14.0/okio-1.14.0.jar /home/tester/.m2/repository/ru/yandex/qatools/ashot/ashot/1.5.4/ashot-1.5.4.jar /home/tester/.m2/repository/commons-io/commons-io/2.5/commons-io-2.5.jar /home/tester/.m2/repository/com/google/code/gson/gson/2.6.2/gson-2.6.2.jar /home/tester/.m2/repository/org/hamcrest/hamcrest-core/1.3/hamcrest-core-1.3.jar
  VMArgs:    -ea
  Class:     org.testng.remote.RemoteTestNG
  Args:      -serport 43178 -protocol json -d /home/tester/Desktop/123432/Automation-ManualTesting/OrangeHRMSeleniumTest/AutomationTestNG/test-output /home/tester/Desktop/123432/Automation-ManualTesting/OrangeHRMSeleniumTest/AutomationTestNG/StartAllTests.xml
java -ea -classpath /home/tester/.eclipse/org.eclipse.platform_4.5.2_1473617060_linux_gtk_x86_64/configuration/org.eclipse.osgi/925/0/.cp/lib/testng-remote.jar:/home/tester/Desktop/123432/Automation-ManualTesting/OrangeHRMSeleniumTest/AutomationTestNG/target/test-classes:/home/tester/Desktop/123432/Automation-ManualTesting/OrangeHRMSeleniumTest/AutomationTestNG/target/classes:/home/tester/.m2/repository/org/testng/testng/6.5.1/testng-6.5.1.jar:/home/tester/.m2/repository/junit/junit/4.10/junit-4.10.jar:/home/tester/.m2/repository/org/beanshell/bsh/2.0b4/bsh-2.0b4.jar:/home/tester/.m2/repository/com/beust/jcommander/1.12/jcommander-1.12.jar:/home/tester/.m2/repository/org/yaml/snakeyaml/1.6/snakeyaml-1.6.jar:/home/tester/.m2/repository/org/seleniumhq/selenium/selenium-java/3.141.59/selenium-java-3.141.59.jar:/home/tester/.m2/repository/org/seleniumhq/selenium/selenium-api/3.141.59/selenium-api-3.141.59.jar:/home/tester/.m2/repository/org/seleniumhq/selenium/selenium-chrome-driver/3.141.59/selenium-chrome-driver-3.141.59.jar:/home/tester/.m2/repository/org/seleniumhq/selenium/selenium-edge-driver/3.141.59/selenium-edge-driver-3.141.59.jar:/home/tester/.m2/repository/org/seleniumhq/selenium/selenium-firefox-driver/3.141.59/selenium-firefox-driver-3.141.59.jar:/home/tester/.m2/repository/org/seleniumhq/selenium/selenium-ie-driver/3.141.59/selenium-ie-driver-3.141.59.jar:/home/tester/.m2/repository/org/seleniumhq/selenium/selenium-opera-driver/3.141.59/selenium-opera-driver-3.141.59.jar:/home/tester/.m2/repository/org/seleniumhq/selenium/selenium-remote-driver/3.141.59/selenium-remote-driver-3.141.59.jar:/home/tester/.m2/repository/org/seleniumhq/selenium/selenium-safari-driver/3.141.59/selenium-safari-driver-3.141.59.jar:/home/tester/.m2/repository/org/seleniumhq/selenium/selenium-support/3.141.59/selenium-support-3.141.59.jar:/home/tester/.m2/repository/net/bytebuddy/byte-buddy/1.8.15/byte-buddy-1.8.15.jar:/home/tester/.m2/repository/org/apache/commons/commons-exec/1.3/commons-exec-1.3.jar:/home/tester/.m2/repository/com/google/guava/guava/25.0-jre/guava-25.0-jre.jar:/home/tester/.m2/repository/com/google/code/findbugs/jsr305/1.3.9/jsr305-1.3.9.jar:/home/tester/.m2/repository/org/checkerframework/checker-compat-qual/2.0.0/checker-compat-qual-2.0.0.jar:/home/tester/.m2/repository/com/google/errorprone/error_prone_annotations/2.1.3/error_prone_annotations-2.1.3.jar:/home/tester/.m2/repository/com/google/j2objc/j2objc-annotations/1.1/j2objc-annotations-1.1.jar:/home/tester/.m2/repository/org/codehaus/mojo/animal-sniffer-annotations/1.14/animal-sniffer-annotations-1.14.jar:/home/tester/.m2/repository/com/squareup/okhttp3/okhttp/3.11.0/okhttp-3.11.0.jar:/home/tester/.m2/repository/com/squareup/okio/okio/1.14.0/okio-1.14.0.jar:/home/tester/.m2/repository/ru/yandex/qatools/ashot/ashot/1.5.4/ashot-1.5.4.jar:/home/tester/.m2/repository/commons-io/commons-io/2.5/commons-io-2.5.jar:/home/tester/.m2/repository/com/google/code/gson/gson/2.6.2/gson-2.6.2.jar:/home/tester/.m2/repository/org/hamcrest/hamcrest-core/1.3/hamcrest-core-1.3.jar org.testng.remote.RemoteTestNG -serport 43178 -protocol json -d /home/tester/Desktop/123432/Automation-ManualTesting/OrangeHRMSeleniumTest/AutomationTestNG/test-output /home/tester/Desktop/123432/Automation-ManualTesting/OrangeHRMSeleniumTest/AutomationTestNG/StartAllTests.xml

!ENTRY org.testng.eclipse 1 0 2020-11-11 14:12:01.554
!MESSAGE [TestNGLaunchConfigurationDelegate] Launching:
  Classpath: /home/tester/.eclipse/org.eclipse.platform_4.5.2_1473617060_linux_gtk_x86_64/configuration/org.eclipse.osgi/925/0/.cp/lib/testng-remote.jar /home/tester/Desktop/123432/Automation-ManualTesting/OrangeHRMSeleniumTest/AutomationTestNG/target/test-classes /home/tester/Desktop/123432/Automation-ManualTesting/OrangeHRMSeleniumTest/AutomationTestNG/target/classes /home/tester/.m2/repository/org/testng/testng/6.5.1/testng-6.5.1.jar /home/tester/.m2/repository/junit/junit/4.10/junit-4.10.jar /home/tester/.m2/repository/org/beanshell/bsh/2.0b4/bsh-2.0b4.jar /home/tester/.m2/repository/com/beust/jcommander/1.12/jcommander-1.12.jar /home/tester/.m2/repository/org/yaml/snakeyaml/1.6/snakeyaml-1.6.jar /home/tester/.m2/repository/org/seleniumhq/selenium/selenium-java/3.141.59/selenium-java-3.141.59.jar /home/tester/.m2/repository/org/seleniumhq/selenium/selenium-api/3.141.59/selenium-api-3.141.59.jar /home/tester/.m2/repository/org/seleniumhq/selenium/selenium-chrome-driver/3.141.59/selenium-chrome-driver-3.141.59.jar /home/tester/.m2/repository/org/seleniumhq/selenium/selenium-edge-driver/3.141.59/selenium-edge-driver-3.141.59.jar /home/tester/.m2/repository/org/seleniumhq/selenium/selenium-firefox-driver/3.141.59/selenium-firefox-driver-3.141.59.jar /home/tester/.m2/repository/org/seleniumhq/selenium/selenium-ie-driver/3.141.59/selenium-ie-driver-3.141.59.jar /home/tester/.m2/repository/org/seleniumhq/selenium/selenium-opera-driver/3.141.59/selenium-opera-driver-3.141.59.jar /home/tester/.m2/repository/org/seleniumhq/selenium/selenium-remote-driver/3.141.59/selenium-remote-driver-3.141.59.jar /home/tester/.m2/repository/org/seleniumhq/selenium/selenium-safari-driver/3.141.59/selenium-safari-driver-3.141.59.jar /home/tester/.m2/repository/org/seleniumhq/selenium/selenium-support/3.141.59/selenium-support-3.141.59.jar /home/tester/.m2/repository/net/bytebuddy/byte-buddy/1.8.15/byte-buddy-1.8.15.jar /home/tester/.m2/repository/org/apache/commons/commons-exec/1.3/commons-exec-1.3.jar /home/tester/.m2/repository/com/google/guava/guava/25.0-jre/guava-25.0-jre.jar /home/tester/.m2/repository/com/google/code/findbugs/jsr305/1.3.9/jsr305-1.3.9.jar /home/tester/.m2/repository/org/checkerframework/checker-compat-qual/2.0.0/checker-compat-qual-2.0.0.jar /home/tester/.m2/repository/com/google/errorprone/error_prone_annotations/2.1.3/error_prone_annotations-2.1.3.jar /home/tester/.m2/repository/com/google/j2objc/j2objc-annotations/1.1/j2objc-annotations-1.1.jar /home/tester/.m2/repository/org/codehaus/mojo/animal-sniffer-annotations/1.14/animal-sniffer-annotations-1.14.jar /home/tester/.m2/repository/com/squareup/okhttp3/okhttp/3.11.0/okhttp-3.11.0.jar /home/tester/.m2/repository/com/squareup/okio/okio/1.14.0/okio-1.14.0.jar /home/tester/.m2/repository/ru/yandex/qatools/ashot/ashot/1.5.4/ashot-1.5.4.jar /home/tester/.m2/repository/commons-io/commons-io/2.5/commons-io-2.5.jar /home/tester/.m2/repository/com/google/code/gson/gson/2.6.2/gson-2.6.2.jar /home/tester/.m2/repository/org/hamcrest/hamcrest-core/1.3/hamcrest-core-1.3.jar
  VMArgs:    -ea
  Class:     org.testng.remote.RemoteTestNG
  Args:      -serport 39991 -protocol json -d /home/tester/Desktop/123432/Automation-ManualTesting/OrangeHRMSeleniumTest/AutomationTestNG/test-output /home/tester/Desktop/123432/Automation-ManualTesting/OrangeHRMSeleniumTest/AutomationTestNG/StartAllTests.xml
java -ea -classpath /home/tester/.eclipse/org.eclipse.platform_4.5.2_1473617060_linux_gtk_x86_64/configuration/org.eclipse.osgi/925/0/.cp/lib/testng-remote.jar:/home/tester/Desktop/123432/Automation-ManualTesting/OrangeHRMSeleniumTest/AutomationTestNG/target/test-classes:/home/tester/Desktop/123432/Automation-ManualTesting/OrangeHRMSeleniumTest/AutomationTestNG/target/classes:/home/tester/.m2/repository/org/testng/testng/6.5.1/testng-6.5.1.jar:/home/tester/.m2/repository/junit/junit/4.10/junit-4.10.jar:/home/tester/.m2/repository/org/beanshell/bsh/2.0b4/bsh-2.0b4.jar:/home/tester/.m2/repository/com/beust/jcommander/1.12/jcommander-1.12.jar:/home/tester/.m2/repository/org/yaml/snakeyaml/1.6/snakeyaml-1.6.jar:/home/tester/.m2/repository/org/seleniumhq/selenium/selenium-java/3.141.59/selenium-java-3.141.59.jar:/home/tester/.m2/repository/org/seleniumhq/selenium/selenium-api/3.141.59/selenium-api-3.141.59.jar:/home/tester/.m2/repository/org/seleniumhq/selenium/selenium-chrome-driver/3.141.59/selenium-chrome-driver-3.141.59.jar:/home/tester/.m2/repository/org/seleniumhq/selenium/selenium-edge-driver/3.141.59/selenium-edge-driver-3.141.59.jar:/home/tester/.m2/repository/org/seleniumhq/selenium/selenium-firefox-driver/3.141.59/selenium-firefox-driver-3.141.59.jar:/home/tester/.m2/repository/org/seleniumhq/selenium/selenium-ie-driver/3.141.59/selenium-ie-driver-3.141.59.jar:/home/tester/.m2/repository/org/seleniumhq/selenium/selenium-opera-driver/3.141.59/selenium-opera-driver-3.141.59.jar:/home/tester/.m2/repository/org/seleniumhq/selenium/selenium-remote-driver/3.141.59/selenium-remote-driver-3.141.59.jar:/home/tester/.m2/repository/org/seleniumhq/selenium/selenium-safari-driver/3.141.59/selenium-safari-driver-3.141.59.jar:/home/tester/.m2/repository/org/seleniumhq/selenium/selenium-support/3.141.59/selenium-support-3.141.59.jar:/home/tester/.m2/repository/net/bytebuddy/byte-buddy/1.8.15/byte-buddy-1.8.15.jar:/home/tester/.m2/repository/org/apache/commons/commons-exec/1.3/commons-exec-1.3.jar:/home/tester/.m2/repository/com/google/guava/guava/25.0-jre/guava-25.0-jre.jar:/home/tester/.m2/repository/com/google/code/findbugs/jsr305/1.3.9/jsr305-1.3.9.jar:/home/tester/.m2/repository/org/checkerframework/checker-compat-qual/2.0.0/checker-compat-qual-2.0.0.jar:/home/tester/.m2/repository/com/google/errorprone/error_prone_annotations/2.1.3/error_prone_annotations-2.1.3.jar:/home/tester/.m2/repository/com/google/j2objc/j2objc-annotations/1.1/j2objc-annotations-1.1.jar:/home/tester/.m2/repository/org/codehaus/mojo/animal-sniffer-annotations/1.14/animal-sniffer-annotations-1.14.jar:/home/tester/.m2/repository/com/squareup/okhttp3/okhttp/3.11.0/okhttp-3.11.0.jar:/home/tester/.m2/repository/com/squareup/okio/okio/1.14.0/okio-1.14.0.jar:/home/tester/.m2/repository/ru/yandex/qatools/ashot/ashot/1.5.4/ashot-1.5.4.jar:/home/tester/.m2/repository/commons-io/commons-io/2.5/commons-io-2.5.jar:/home/tester/.m2/repository/com/google/code/gson/gson/2.6.2/gson-2.6.2.jar:/home/tester/.m2/repository/org/hamcrest/hamcrest-core/1.3/hamcrest-core-1.3.jar org.testng.remote.RemoteTestNG -serport 39991 -protocol json -d /home/tester/Desktop/123432/Automation-ManualTesting/OrangeHRMSeleniumTest/AutomationTestNG/test-output /home/tester/Desktop/123432/Automation-ManualTesting/OrangeHRMSeleniumTest/AutomationTestNG/StartAllTests.xml
